#
# A fatal error has been detected by the Java Runtime Environment:
#
#  SIGSEGV (0xb) at pc=0x00007fd85e1fb1d3, pid=17064, tid=0x00007fd83ce6d700
#
# JRE version: OpenJDK Runtime Environment (8.0_76-b03) (build 1.8.0_76-release-b03)
# Java VM: OpenJDK 64-Bit Server VM (25.76-b03 mixed mode linux-amd64 compressed oops)
# Problematic frame:
# J 7576 C2 com.android.dx.rop.cst.CstBaseMethodRef.compareTo0(Lcom/android/dx/rop/cst/Constant;)I (29 bytes) @ 0x00007fd85e1fb1d3 [0x00007fd85e1fb0e0+0xf3]
#
# Failed to write core dump. Core dumps have been disabled. To enable core dumping, try "ulimit -c unlimited" before starting Java again
#
# If you would like to submit a bug report, please visit:
#   http://bugreport.java.com/bugreport/crash.jsp
#

---------------  T H R E A D  ---------------

Current thread (0x00007fd8400c1800):  JavaThread "pool-4-thread-1" [_thread_in_Java, id=17091, stack(0x00007fd83cd6d000,0x00007fd83ce6e000)]

siginfo: si_signo: 11 (SIGSEGV), si_code: 1 (SEGV_MAPERR), si_addr: 0x000000002275abfc

Registers:
RAX=0x0000000000000000, RBX=0x00000000a2913cd0, RCX=0x000000000000004c, RDX=0x0000000000000050
RSP=0x00007fd83ce6bf40, RBP=0x00000000a29f8910, RSI=0x00000000c2133d78, RDI=0x00000000c2133d78
R8 =0x00000000c2133d68, R9 =0x00000000a2913cd0, R10=0x00000000200d8829, R11=0x000000002275abf0
R12=0x0000000000000000, R13=0x000000000000000e, R14=0x00000000a69d50a0, R15=0x00007fd8400c1800
RIP=0x00007fd85e1fb1d3, EFLAGS=0x0000000000010246, CSGSFS=0x0000000000000033, ERR=0x0000000000000004
  TRAPNO=0x000000000000000e

Top of Stack: (sp=0x00007fd83ce6bf40)
0x00007fd83ce6bf40:   0000000000003d4b 00007fd85e86ccc5
0x00007fd83ce6bf50:   00000000a69bb3b0 0000000000000000
0x00007fd83ce6bf60:   0000000000000013 000000000000002b
0x00007fd83ce6bf70:   00007fd83ce6bfa0 00000000a69bcf90
0x00007fd83ce6bf80:   0000000000003d81 00007fd85e1b6cb4
0x00007fd83ce6bf90:   0000000b00000000 00000000a69bcf20
0x00007fd83ce6bfa0:   00000000000038d9 00007fd85e24d79c
0x00007fd83ce6bfb0:   0000000000003d81 00007fd85d68366a
0x00007fd83ce6bfc0:   0000000000000000 0000000000000000
0x00007fd83ce6bfd0:   0000000000000007 0000000000000001
0x00007fd83ce6bfe0:   00000000a291b140 00000000a29f8910
0x00007fd83ce6bff0:   00000000a69d4740 00007fd83ce6c020
0x00007fd83ce6c000:   0000000000003d81 00007fd85e2765dc
0x00007fd83ce6c010:   0000000000003d6b 00007fd85e73be2f
0x00007fd83ce6c020:   0000000000003d78 00007fd85e83149f
0x00007fd83ce6c030:   00000000000038d9 00007fd85e721c6f
0x00007fd83ce6c040:   00000000a69d3e00 0000000500000006
0x00007fd83ce6c050:   0000000000000006 00000000a69d4be0
0x00007fd83ce6c060:   000000020000001a 000000000000016b
0x00007fd83ce6c070:   0000000000000001 0000000000000001
0x00007fd83ce6c080:   00000001a6877eb8 0000000000000005
0x00007fd83ce6c090:   0000000000003d81 00007fd85e272d8c
0x00007fd83ce6c0a0:   0000000b00000014 00000000a69bca38
0x00007fd83ce6c0b0:   00000000a69bcec8 00000000a69bcf60
0x00007fd83ce6c0c0:   00000000a69bca80 0000000400000002
0x00007fd83ce6c0d0:   00000000a6877eb8 00000000a6959290
0x00007fd83ce6c0e0:   00000000000038d9 000000055e263e95
0x00007fd83ce6c0f0:   ffffffffffffffff 00000000a69d5498
0x00007fd83ce6c100:   00000000a29f8910 000000000000001a
0x00007fd83ce6c110:   00000000a69d5078 00000000a68ef038
0x00007fd83ce6c120:   00007fd8400c1800 00000000a6967e98
0x00007fd83ce6c130:   0000000000003d81 00007fd85e44745f 

Instructions: (pc=0x00007fd85e1fb1d3)
0x00007fd85e1fb1b3:   b7 04 57 0f b7 0c 56 2b c1 75 08 48 ff c2 75 ef
0x00007fd85e1fb1c3:   58 eb 01 59 85 c0 0f 85 6c 02 00 00 44 8b 5d 10
0x00007fd85e1fb1d3:   45 8b 43 0c 44 8b 5b 10 45 8b 5b 0c 45 8b 40 0c
0x00007fd85e1fb1e3:   41 8b 4b 0c 45 8b 58 0c 8b 79 0c 8b 57 0c 41 8b 

Register to memory mapping:

RAX=0x0000000000000000 is an unknown value
RBX=
[error occurred during error reporting (printing register info), id 0xb]

Stack: [0x00007fd83cd6d000,0x00007fd83ce6e000],  sp=0x00007fd83ce6bf40,  free space=1019k
Native frames: (J=compiled Java code, j=interpreted, Vv=VM code, C=native code)
J 7576 C2 com.android.dx.rop.cst.CstBaseMethodRef.compareTo0(Lcom/android/dx/rop/cst/Constant;)I (29 bytes) @ 0x00007fd85e1fb1d3 [0x00007fd85e1fb0e0+0xf3]
J 7445 C2 com.android.dx.rop.cst.Constant.compareTo(Ljava/lang/Object;)I (9 bytes) @ 0x00007fd85e1b6cb4 [0x00007fd85e1b6c40+0x74]
J 10560 C1 java.util.TreeMap.getEntry(Ljava/lang/Object;)Ljava/util/TreeMap$Entry; (84 bytes) @ 0x00007fd85d68366a [0x00007fd85d6833a0+0x2ca]
J 7755 C1 com.android.dx.dex.file.MethodIdsSection.indexOf(Lcom/android/dx/rop/cst/CstBaseMethodRef;)I (49 bytes) @ 0x00007fd85e2765dc [0x00007fd85e276360+0x27c]
J 7746 C1 com.android.dx.dex.file.ValueEncoder.writeConstant(Lcom/android/dx/rop/cst/Constant;)V (494 bytes) @ 0x00007fd85e272d8c [0x00007fd85e272980+0x40c]
J 8378 C1 com.android.dx.dex.file.ValueEncoder.writeAnnotation(Lcom/android/dx/rop/annotation/Annotation;Z)V (401 bytes) @ 0x00007fd85e44745f [0x00007fd85e446020+0x143f]
J 8377 C1 com.android.dx.dex.file.AnnotationItem.place0(Lcom/android/dx/dex/file/Section;I)V (52 bytes) @ 0x00007fd85e438234 [0x00007fd85e438080+0x1b4]
J 9560 C2 com.android.dx.dex.file.OffsettedItem.place(Lcom/android/dx/dex/file/Section;I)I (78 bytes) @ 0x00007fd85e3c0164 [0x00007fd85e3c00e0+0x84]
J 9060 C1 com.android.dx.dex.file.MixedItemSection.placeItems()V (185 bytes) @ 0x00007fd85d7194bc [0x00007fd85d718c00+0x8bc]
j  com.android.dx.dex.file.DexFile.toDex0(ZZ)Lcom/android/dx/util/ByteArrayAnnotatedOutput;+195
j  com.android.dx.dex.file.DexFile.toDex(Ljava/io/Writer;Z)[B+13
j  com.android.dx.command.dexer.Main.writeDex(Lcom/android/dx/dex/file/DexFile;)[B+50
j  com.android.dx.command.dexer.Main.runMonoDex()I+117
j  com.android.dx.command.dexer.Main.run(Lcom/android/dx/command/dexer/Main$Arguments;)I+90
j  com.android.builder.internal.compiler.DexWrapper.run(Lcom/android/builder/core/DexProcessBuilder;Lcom/android/builder/core/DexOptions;Lcom/android/ide/common/process/ProcessOutputHandler;)Lcom/android/ide/common/process/ProcessResult;+48
j  com.android.builder.core.DexByteCodeConverter.lambda$dexInProcess$0(Lcom/android/builder/core/DexProcessBuilder;Lcom/android/builder/core/DexOptions;Lcom/android/ide/common/process/ProcessOutputHandler;Ljava/lang/String;)Ljava/lang/Object;+8
j  com.android.builder.core.DexByteCodeConverter$$Lambda$177.call()Ljava/lang/Object;+20
J 8336 C1 java.util.concurrent.FutureTask.run()V (126 bytes) @ 0x00007fd85e41fc5b [0x00007fd85e41fb80+0xdb]
j  java.util.concurrent.ThreadPoolExecutor.runWorker(Ljava/util/concurrent/ThreadPoolExecutor$Worker;)V+95
j  java.util.concurrent.ThreadPoolExecutor$Worker.run()V+5
j  java.lang.Thread.run()V+11
v  ~StubRoutines::call_stub
V  [libjvm.so+0x6257fa]  JavaCalls::call_helper(JavaValue*, methodHandle*, JavaCallArguments*, Thread*)+0xeea
V  [libjvm.so+0x622ed4]  JavaCalls::call_virtual(JavaValue*, KlassHandle, Symbol*, Symbol*, JavaCallArguments*, Thread*)+0x2a4
V  [libjvm.so+0x6234ca]  JavaCalls::call_virtual(JavaValue*, Handle, KlassHandle, Symbol*, Symbol*, Thread*)+0x4a
V  [libjvm.so+0x663efe]  thread_entry(JavaThread*, Thread*)+0x8e
V  [libjvm.so+0x986ec0]  JavaThread::thread_main_inner()+0xf0
V  [libjvm.so+0x8425b2]  java_start(Thread*)+0xf2
C  [libpthread.so.0+0x76aa]  start_thread+0xca


---------------  P R O C E S S  ---------------

Java Threads: ( => current thread )
  0x00007fd84091f000 JavaThread "process reaper" daemon [_thread_blocked, id=17393, stack(0x00007fd838099000,0x00007fd8380d2000)]
  0x00007fd84408c800 JavaThread "process reaper" daemon [_thread_blocked, id=17390, stack(0x00007fd8382d4000,0x00007fd83830d000)]
  0x00007fd850daa800 JavaThread "process reaper" daemon [_thread_blocked, id=17387, stack(0x00007fd83850f000,0x00007fd838548000)]
  0x00007fd840918800 JavaThread "process reaper" daemon [_thread_blocked, id=17384, stack(0x00007fd83874a000,0x00007fd838783000)]
  0x00007fd844086000 JavaThread "process reaper" daemon [_thread_blocked, id=17381, stack(0x00007fd838985000,0x00007fd8389be000)]
  0x00007fd850da4000 JavaThread "process reaper" daemon [_thread_blocked, id=17378, stack(0x00007fd838bc0000,0x00007fd838bf9000)]
  0x00007fd840912000 JavaThread "process reaper" daemon [_thread_blocked, id=17375, stack(0x00007fd838dfb000,0x00007fd838e34000)]
  0x00007fd84407f800 JavaThread "process reaper" daemon [_thread_blocked, id=17372, stack(0x00007fd839036000,0x00007fd83906f000)]
  0x00007fd850d9d000 JavaThread "process reaper" daemon [_thread_blocked, id=17369, stack(0x00007fd839271000,0x00007fd8392aa000)]
  0x00007fd84090b000 JavaThread "process reaper" daemon [_thread_blocked, id=17366, stack(0x00007fd8394ac000,0x00007fd8394e5000)]
  0x00007fd844079000 JavaThread "process reaper" daemon [_thread_blocked, id=17363, stack(0x00007fd8396e7000,0x00007fd839720000)]
  0x00007fd850d06800 JavaThread "process reaper" daemon [_thread_blocked, id=17360, stack(0x00007fd839922000,0x00007fd83995b000)]
  0x00007fd840904800 JavaThread "process reaper" daemon [_thread_blocked, id=17357, stack(0x00007fd839b5d000,0x00007fd839b96000)]
  0x00007fd844070800 JavaThread "process reaper" daemon [_thread_blocked, id=17354, stack(0x00007fd839d98000,0x00007fd839dd1000)]
  0x00007fd850d00800 JavaThread "process reaper" daemon [_thread_blocked, id=17351, stack(0x00007fd839fd3000,0x00007fd83a00c000)]
  0x00007fd850cfb800 JavaThread "process reaper" daemon [_thread_blocked, id=17348, stack(0x00007fd83a20e000,0x00007fd83a247000)]
  0x00007fd840bc7000 JavaThread "process reaper" daemon [_thread_blocked, id=17345, stack(0x00007fd83a449000,0x00007fd83a482000)]
  0x00007fd840455800 JavaThread "process reaper" daemon [_thread_blocked, id=17310, stack(0x00007fd83b795000,0x00007fd83b7ce000)]
  0x00007fd84404b800 JavaThread "process reaper" daemon [_thread_blocked, id=17307, stack(0x00007fd83b9d0000,0x00007fd83ba09000)]
  0x00007fd850e4c000 JavaThread "process reaper" daemon [_thread_blocked, id=17306, stack(0x00007fd85c02e000,0x00007fd85c067000)]
  0x00007fd850e4e800 JavaThread "pool-84-thread-1" [_thread_blocked, id=17294, stack(0x00007fd83cc69000,0x00007fd83cd6a000)]
  0x00007fd850eb8800 JavaThread "Stdin handler" [_thread_blocked, id=17293, stack(0x00007fd83ce6e000,0x00007fd83cf6f000)]
  0x00007fd850cf5800 JavaThread "Asynchronous log dispatcher for org.gradle.launcher.daemon.server.DefaultDaemonConnection@3a0a02ef" [_thread_blocked, id=17291, stack(0x00007fd83f4ef000,0x00007fd83f5f0000)]
  0x00007fd84cb2e000 JavaThread "Cancel handler" [_thread_blocked, id=17289, stack(0x00007fd83f6f1000,0x00007fd83f7f2000)]
  0x00007fd84c688000 JavaThread "Handler for socket connection from /127.0.0.1:44544 to /127.0.0.1:38048" [_thread_in_native, id=17288, stack(0x00007fd83f7f2000,0x00007fd83f8f3000)]
  0x00007fd8405d7000 JavaThread "pool-4-thread-4" [_thread_blocked, id=17109, stack(0x00007fd83c564000,0x00007fd83c665000)]
  0x00007fd8405c4000 JavaThread "pool-4-thread-3" [_thread_blocked, id=17103, stack(0x00007fd83c865000,0x00007fd83c966000)]
  0x00007fd8405c2800 JavaThread "pool-4-thread-2" [_thread_blocked, id=17097, stack(0x00007fd83c966000,0x00007fd83ca67000)]
=>0x00007fd8400c1800 JavaThread "pool-4-thread-1" [_thread_in_Java, id=17091, stack(0x00007fd83cd6d000,0x00007fd83ce6e000)]
  0x00007fd85042a000 JavaThread "File lock request listener" [_thread_in_native, id=17089, stack(0x00007fd83e6ed000,0x00007fd83e7ee000)]
  0x00007fd84c081800 JavaThread "Daemon worker" [_thread_blocked, id=17082, stack(0x00007fd83f5f0000,0x00007fd83f6f1000)]
  0x00007fd844011800 JavaThread "Daemon" [_thread_blocked, id=17079, stack(0x00007fd83f8f3000,0x00007fd83f9f4000)]
  0x00007fd86caff800 JavaThread "pool-1-thread-1" [_thread_blocked, id=17078, stack(0x00007fd83f9f4000,0x00007fd83faf5000)]
  0x00007fd86caca800 JavaThread "Incoming local TCP Connector on port 44544" [_thread_in_native, id=17077, stack(0x00007fd83fcf5000,0x00007fd83fdf6000)]
  0x00007fd86c0b4000 JavaThread "Service Thread" daemon [_thread_blocked, id=17075, stack(0x00007fd8704b6000,0x00007fd8705b7000)]
  0x00007fd86c0b1000 JavaThread "C1 CompilerThread1" daemon [_thread_blocked, id=17074, stack(0x00007fd8705b7000,0x00007fd8706b8000)]
  0x00007fd86c0af000 JavaThread "C2 CompilerThread0" daemon [_thread_in_native, id=17073, stack(0x00007fd8706b8000,0x00007fd8707b9000)]
  0x00007fd86c0ad800 JavaThread "Signal Dispatcher" daemon [_thread_blocked, id=17072, stack(0x00007fd8707b9000,0x00007fd8708ba000)]
  0x00007fd86c07a000 JavaThread "Finalizer" daemon [_thread_blocked, id=17071, stack(0x00007fd870f9c000,0x00007fd87109d000)]
  0x00007fd86c075800 JavaThread "Reference Handler" daemon [_thread_blocked, id=17070, stack(0x00007fd87109d000,0x00007fd87119e000)]
  0x00007fd86c00a000 JavaThread "main" [_thread_blocked, id=17066, stack(0x00007fd875344000,0x00007fd875445000)]

Other Threads:
  0x00007fd86c06d800 VMThread [stack: 0x00007fd87119e000,0x00007fd87129f000] [id=17069]
  0x00007fd86c0b7000 WatcherThread [stack: 0x00007fd8703b5000,0x00007fd8704b6000] [id=17076]

VM state:not at safepoint (normal execution)

VM Mutex/Monitor currently owned by a thread: None

Heap:
 def new generation   total 222464K, used 123904K [0x00000000a0000000, 0x00000000af160000, 0x00000000c0000000)
  eden space 197760K,  54% used [0x00000000a0000000, 0x00000000a69f0cf8, 0x00000000ac120000)
  from space 24704K,  62% used [0x00000000ac120000, 0x00000000ad02f560, 0x00000000ad940000)
  to   space 24704K,   0% used [0x00000000ad940000, 0x00000000ad940000, 0x00000000af160000)
 tenured generation   total 494164K, used 75215K [0x00000000c0000000, 0x00000000de295000, 0x0000000100000000)
   the space 494164K,  15% used [0x00000000c0000000, 0x00000000c4973f50, 0x00000000c4974000, 0x00000000de295000)
 Metaspace       used 67299K, capacity 69198K, committed 69376K, reserved 1110016K
  class space    used 8460K, capacity 8855K, committed 8960K, reserved 1048576K

Card table byte_map: [0x00007fd871ee3000,0x00007fd8721e4000] byte_map_base: 0x00007fd8719e3000

Polling page: 0x00007fd87545f000

CodeCache: size=245760Kb used=34831Kb max_used=34854Kb free=210928Kb
 bounds [0x00007fd85d000000, 0x00007fd85f230000, 0x00007fd86c000000]
 total_blobs=13128 nmethods=12381 adapters=661
 compilation: enabled

Compilation events (10 events):
Event: 130.418 Thread 0x00007fd86c0b1000 14560       3       java.util.DualPivotQuicksort::sort (1195 bytes)
Event: 130.428 Thread 0x00007fd86c0b1000 nmethod 14560 0x00007fd85db41c50 code [0x00007fd85db42000, 0x00007fd85db44098]
Event: 130.559 Thread 0x00007fd86c0b1000 14562       2       java.util.ArrayList::lastIndexOf (69 bytes)
Event: 130.559 Thread 0x00007fd86c0b1000 nmethod 14562 0x00007fd85d9e4250 code [0x00007fd85d9e43e0, 0x00007fd85d9e46c0]
Event: 130.560 Thread 0x00007fd86c0b1000 14561       2       com.android.dx.ssa.LiteralOpUpgrader::replacePlainInsn (131 bytes)
Event: 130.561 Thread 0x00007fd86c0b1000 nmethod 14561 0x00007fd85db406d0 code [0x00007fd85db40920, 0x00007fd85db41188]
Event: 130.753 Thread 0x00007fd86c0b1000 14565 %     3       com.android.dx.dex.file.AnnotationSetItem::addContents @ 14 (48 bytes)
Event: 130.754 Thread 0x00007fd86c0b1000 nmethod 14565% 0x00007fd85ddbe510 code [0x00007fd85ddbe6c0, 0x00007fd85ddbed00]
Event: 130.770 Thread 0x00007fd86c0b1000 14566       3       com.android.dx.dex.file.AnnotationSetItem::addContents (48 bytes)
Event: 130.771 Thread 0x00007fd86c0b1000 nmethod 14566 0x00007fd85db3fd10 code [0x00007fd85db3fea0, 0x00007fd85db40460]

GC Heap History (10 events):
Event: 122.010 GC heap before
{Heap before GC invocations=54 (full 5):
 def new generation   total 222464K, used 209606K [0x00000000a0000000, 0x00000000af160000, 0x00000000c0000000)
  eden space 197760K, 100% used [0x00000000a0000000, 0x00000000ac120000, 0x00000000ac120000)
  from space 24704K,  47% used [0x00000000ad940000, 0x00000000ae4d1970, 0x00000000af160000)
  to   space 24704K,   0% used [0x00000000ac120000, 0x00000000ac120000, 0x00000000ad940000)
 tenured generation   total 494164K, used 71085K [0x00000000c0000000, 0x00000000de295000, 0x0000000100000000)
   the space 494164K,  14% used [0x00000000c0000000, 0x00000000c456b780, 0x00000000c456b800, 0x00000000de295000)
 Metaspace       used 59620K, capacity 61294K, committed 61440K, reserved 1103872K
  class space    used 7585K, capacity 7930K, committed 7936K, reserved 1048576K
Event: 122.083 GC heap after
Heap after GC invocations=55 (full 5):
 def new generation   total 222464K, used 14296K [0x00000000a0000000, 0x00000000af160000, 0x00000000c0000000)
  eden space 197760K,   0% used [0x00000000a0000000, 0x00000000a0000000, 0x00000000ac120000)
  from space 24704K,  57% used [0x00000000ac120000, 0x00000000acf16000, 0x00000000ad940000)
  to   space 24704K,   0% used [0x00000000ad940000, 0x00000000ad940000, 0x00000000af160000)
 tenured generation   total 494164K, used 71085K [0x00000000c0000000, 0x00000000de295000, 0x0000000100000000)
   the space 494164K,  14% used [0x00000000c0000000, 0x00000000c456b780, 0x00000000c456b800, 0x00000000de295000)
 Metaspace       used 59620K, capacity 61294K, committed 61440K, reserved 1103872K
  class space    used 7585K, capacity 7930K, committed 7936K, reserved 1048576K
}
Event: 127.441 GC heap before
{Heap before GC invocations=55 (full 5):
 def new generation   total 222464K, used 211700K [0x00000000a0000000, 0x00000000af160000, 0x00000000c0000000)
  eden space 197760K,  99% used [0x00000000a0000000, 0x00000000ac0c71f8, 0x00000000ac120000)
  from space 24704K,  57% used [0x00000000ac120000, 0x00000000acf16000, 0x00000000ad940000)
  to   space 24704K,   0% used [0x00000000ad940000, 0x00000000ad940000, 0x00000000af160000)
 tenured generation   total 494164K, used 71085K [0x00000000c0000000, 0x00000000de295000, 0x0000000100000000)
   the space 494164K,  14% used [0x00000000c0000000, 0x00000000c456b780, 0x00000000c456b800, 0x00000000de295000)
 Metaspace       used 66058K, capacity 67848K, committed 67968K, reserved 1107968K
  class space    used 8340K, capacity 8712K, committed 8832K, reserved 1048576K
Event: 127.480 GC heap after
Heap after GC invocations=56 (full 5):
 def new generation   total 222464K, used 8639K [0x00000000a0000000, 0x00000000af160000, 0x00000000c0000000)
  eden space 197760K,   0% used [0x00000000a0000000, 0x00000000a0000000, 0x00000000ac120000)
  from space 24704K,  34% used [0x00000000ad940000, 0x00000000ae1affa8, 0x00000000af160000)
  to   space 24704K,   0% used [0x00000000ac120000, 0x00000000ac120000, 0x00000000ad940000)
 tenured generation   total 494164K, used 75215K [0x00000000c0000000, 0x00000000de295000, 0x0000000100000000)
   the space 494164K,  15% used [0x00000000c0000000, 0x00000000c4973f50, 0x00000000c4974000, 0x00000000de295000)
 Metaspace       used 66058K, capacity 67848K, committed 67968K, reserved 1107968K
  class space    used 8340K, capacity 8712K, committed 8832K, reserved 1048576K
}
Event: 127.597 GC heap before
{Heap before GC invocations=56 (full 5):
 def new generation   total 222464K, used 205479K [0x00000000a0000000, 0x00000000af160000, 0x00000000c0000000)
  eden space 197760K,  99% used [0x00000000a0000000, 0x00000000ac03a030, 0x00000000ac120000)
  from space 24704K,  34% used [0x00000000ad940000, 0x00000000ae1affa8, 0x00000000af160000)
  to   space 24704K,   0% used [0x00000000ac120000, 0x00000000ac120000, 0x00000000ad940000)
 tenured generation   total 494164K, used 75215K [0x00000000c0000000, 0x00000000de295000, 0x0000000100000000)
   the space 494164K,  15% used [0x00000000c0000000, 0x00000000c4973f50, 0x00000000c4974000, 0x00000000de295000)
 Metaspace       used 66058K, capacity 67848K, committed 67968K, reserved 1107968K
  class space    used 8340K, capacity 8712K, committed 8832K, reserved 1048576K
Event: 127.622 GC heap after
Heap after GC invocations=57 (full 5):
 def new generation   total 222464K, used 6905K [0x00000000a0000000, 0x00000000af160000, 0x00000000c0000000)
  eden space 197760K,   0% used [0x00000000a0000000, 0x00000000a0000000, 0x00000000ac120000)
  from space 24704K,  27% used [0x00000000ac120000, 0x00000000ac7de5f0, 0x00000000ad940000)
  to   space 24704K,   0% used [0x00000000ad940000, 0x00000000ad940000, 0x00000000af160000)
 tenured generation   total 494164K, used 75215K [0x00000000c0000000, 0x00000000de295000, 0x0000000100000000)
   the space 494164K,  15% used [0x00000000c0000000, 0x00000000c4973f50, 0x00000000c4974000, 0x00000000de295000)
 Metaspace       used 66058K, capacity 67848K, committed 67968K, reserved 1107968K
  class space    used 8340K, capacity 8712K, committed 8832K, reserved 1048576K
}
Event: 127.771 GC heap before
{Heap before GC invocations=57 (full 5):
 def new generation   total 222464K, used 204665K [0x00000000a0000000, 0x00000000af160000, 0x00000000c0000000)
  eden space 197760K, 100% used [0x00000000a0000000, 0x00000000ac120000, 0x00000000ac120000)
  from space 24704K,  27% used [0x00000000ac120000, 0x00000000ac7de5f0, 0x00000000ad940000)
  to   space 24704K,   0% used [0x00000000ad940000, 0x00000000ad940000, 0x00000000af160000)
 tenured generation   total 494164K, used 75215K [0x00000000c0000000, 0x00000000de295000, 0x0000000100000000)
   the space 494164K,  15% used [0x00000000c0000000, 0x00000000c4973f50, 0x00000000c4974000, 0x00000000de295000)
 Metaspace       used 66059K, capacity 67848K, committed 67968K, reserved 1107968K
  class space    used 8340K, capacity 8712K, committed 8832K, reserved 1048576K
Event: 127.792 GC heap after
Heap after GC invocations=58 (full 5):
 def new generation   total 222464K, used 6658K [0x00000000a0000000, 0x00000000af160000, 0x00000000c0000000)
  eden space 197760K,   0% used [0x00000000a0000000, 0x00000000a0000000, 0x00000000ac120000)
  from space 24704K,  26% used [0x00000000ad940000, 0x00000000adfc0a28, 0x00000000af160000)
  to   space 24704K,   0% used [0x00000000ac120000, 0x00000000ac120000, 0x00000000ad940000)
 tenured generation   total 494164K, used 75215K [0x00000000c0000000, 0x00000000de295000, 0x0000000100000000)
   the space 494164K,  15% used [0x00000000c0000000, 0x00000000c4973f50, 0x00000000c4974000, 0x00000000de295000)
 Metaspace       used 66059K, capacity 67848K, committed 67968K, reserved 1107968K
  class space    used 8340K, capacity 8712K, committed 8832K, reserved 1048576K
}
Event: 130.104 GC heap before
{Heap before GC invocations=58 (full 5):
 def new generation   total 222464K, used 204418K [0x00000000a0000000, 0x00000000af160000, 0x00000000c0000000)
  eden space 197760K, 100% used [0x00000000a0000000, 0x00000000ac120000, 0x00000000ac120000)
  from space 24704K,  26% used [0x00000000ad940000, 0x00000000adfc0a28, 0x00000000af160000)
  to   space 24704K,   0% used [0x00000000ac120000, 0x00000000ac120000, 0x00000000ad940000)
 tenured generation   total 494164K, used 75215K [0x00000000c0000000, 0x00000000de295000, 0x0000000100000000)
   the space 494164K,  15% used [0x00000000c0000000, 0x00000000c4973f50, 0x00000000c4974000, 0x00000000de295000)
 Metaspace       used 67298K, capacity 69198K, committed 69376K, reserved 1110016K
  class space    used 8460K, capacity 8855K, committed 8960K, reserved 1048576K
Event: 130.190 GC heap after
Heap after GC invocations=59 (full 5):
 def new generation   total 222464K, used 15421K [0x00000000a0000000, 0x00000000af160000, 0x00000000c0000000)
  eden space 197760K,   0% used [0x00000000a0000000, 0x00000000a0000000, 0x00000000ac120000)
  from space 24704K,  62% used [0x00000000ac120000, 0x00000000ad02f560, 0x00000000ad940000)
  to   space 24704K,   0% used [0x00000000ad940000, 0x00000000ad940000, 0x00000000af160000)
 tenured generation   total 494164K, used 75215K [0x00000000c0000000, 0x00000000de295000, 0x0000000100000000)
   the space 494164K,  15% used [0x00000000c0000000, 0x00000000c4973f50, 0x00000000c4974000, 0x00000000de295000)
 Metaspace       used 67298K, capacity 69198K, committed 69376K, reserved 1110016K
  class space    used 8460K, capacity 8855K, committed 8960K, reserved 1048576K
}

Deoptimization events (10 events):
Event: 128.871 Thread 0x00007fd84c081800 Uncommon trap: reason=range_check action=make_not_entrant pc=0x00007fd85f200bcc method=org.objectweb.asm.Type.a([CI)Lorg/objectweb/asm/Type; @ 162
Event: 128.950 Thread 0x00007fd84c081800 Uncommon trap: reason=predicate action=maybe_recompile pc=0x00007fd85f1f469c method=java.util.TimSort.binarySort([Ljava/lang/Object;IIILjava/util/Comparator;)V @ 37
Event: 129.067 Thread 0x00007fd86cb15000 Uncommon trap: reason=null_check action=make_not_entrant pc=0x00007fd85e67de30 method=com.android.dx.dex.file.MethodIdsSection.intern(Lcom/android/dx/rop/cst/CstBaseMethodRef;)Lcom/android/dx/dex/file/MethodIdItem; @ 26
Event: 129.119 Thread 0x00007fd86cb62800 Uncommon trap: reason=unstable_if action=reinterpret pc=0x00007fd85ec40930 method=com.android.dx.rop.code.RegisterSpec.intersect(Lcom/android/dx/rop/code/RegisterSpec;Z)Lcom/android/dx/rop/code/RegisterSpec; @ 42
Event: 129.307 Thread 0x00007fd86cb5e000 Uncommon trap: reason=unstable_if action=reinterpret pc=0x00007fd85ec54c9c method=com.android.dx.rop.code.RegisterSpec.intersect(Lcom/android/dx/rop/code/RegisterSpec;Z)Lcom/android/dx/rop/code/RegisterSpec; @ 42
Event: 129.683 Thread 0x00007fd8405c4000 Uncommon trap: reason=array_check action=maybe_recompile pc=0x00007fd85effab3c method=java.util.ComparableTimSort.binarySort([Ljava/lang/Object;III)V @ 193
Event: 129.703 Thread 0x00007fd8405c4000 Uncommon trap: reason=array_check action=maybe_recompile pc=0x00007fd85effabf4 method=java.util.ComparableTimSort.binarySort([Ljava/lang/Object;III)V @ 183
Event: 129.781 Thread 0x00007fd8405c4000 Uncommon trap: reason=array_check action=maybe_recompile pc=0x00007fd85effab3c method=java.util.ComparableTimSort.binarySort([Ljava/lang/Object;III)V @ 193
Event: 129.819 Thread 0x00007fd8400c1800 Uncommon trap: reason=array_check action=maybe_recompile pc=0x00007fd85effab3c method=java.util.ComparableTimSort.binarySort([Ljava/lang/Object;III)V @ 193
Event: 129.964 Thread 0x00007fd86cb25000 Uncommon trap: reason=unstable_if action=reinterpret pc=0x00007fd85ec6157c method=com.android.dx.util.BitIntSet.has(I)Z @ 8

Internal exceptions (10 events):
Event: 106.319 Thread 0x00007fd84c090000 Exception <a 'java/lang/NoSuchMethodError': <clinit>> (0x00000000a066d300) thrown at [/ssd/Android/AOSP-openjdk/external/jetbrains/jdk/hotspot/src/share/vm/prims/jni.cpp, line 1591]
Event: 113.370 Thread 0x00007fd84c081800 Implicit null exception at 0x00007fd85dbdf035 to 0x00007fd85dbdf15d
Event: 113.460 Thread 0x00007fd84c081800 Exception <a 'java/lang/ClassNotFoundException': asLocalRepo345_qabkvps2qv4z958uz4xcxytpBeanInfo> (0x00000000a0ed0b38) thrown at [/ssd/Android/AOSP-openjdk/external/jetbrains/jdk/hotspot/src/share/vm/classfile/systemDictionary.cpp, line 210]
Event: 113.460 Thread 0x00007fd84c081800 Exception <a 'java/lang/ClassNotFoundException': asLocalRepo345_qabkvps2qv4z958uz4xcxytpCustomizer> (0x00000000a0edabb0) thrown at [/ssd/Android/AOSP-openjdk/external/jetbrains/jdk/hotspot/src/share/vm/classfile/systemDictionary.cpp, line 210]
Event: 113.611 Thread 0x00007fd84c081800 Implicit null exception at 0x00007fd85dbdc14f to 0x00007fd85dbdc20d
Event: 114.949 Thread 0x00007fd84c081800 Exception <a 'java/lang/reflect/InvocationTargetException'> (0x00000000a5626c90) thrown at [/ssd/Android/AOSP-openjdk/external/jetbrains/jdk/hotspot/src/share/vm/runtime/reflection.cpp, line 1092]
Event: 116.200 Thread 0x00007fd84c081800 Exception <a 'java/lang/ClassNotFoundException': com/android/build/gradle/internal/LibraryCache$1BeanInfo> (0x00000000a760a750) thrown at [/ssd/Android/AOSP-openjdk/external/jetbrains/jdk/hotspot/src/share/vm/classfile/systemDictionary.cpp, line 210]
Event: 116.200 Thread 0x00007fd84c081800 Exception <a 'java/lang/ClassNotFoundException': com/android/build/gradle/internal/LibraryCache$1Customizer> (0x00000000a761afe8) thrown at [/ssd/Android/AOSP-openjdk/external/jetbrains/jdk/hotspot/src/share/vm/classfile/systemDictionary.cpp, line 210]
Event: 127.805 Thread 0x00007fd84c081800 Exception <a 'java/io/FileNotFoundException'> (0x00000000a0137510) thrown at [/ssd/Android/AOSP-openjdk/external/jetbrains/jdk/hotspot/src/share/vm/prims/jni.cpp, line 709]
Event: 128.901 Thread 0x00007fd84c081800 Exception <a 'java/lang/NoSuchMethodError': <clinit>> (0x00000000a21d3800) thrown at [/ssd/Android/AOSP-openjdk/external/jetbrains/jdk/hotspot/src/share/vm/prims/jni.cpp, line 1591]

Events (10 events):
Event: 130.697 Thread 0x00007fd84ccb2800 Thread exited: 0x00007fd84ccb2800
Event: 130.701 Thread 0x00007fd84ceb5800 DEOPT PACKING pc=0x00007fd85d8a16c2 sp=0x00007fd83cb65ec0
Event: 130.701 Thread 0x00007fd84ceb5800 DEOPT UNPACKING pc=0x00007fd85d046f73 sp=0x00007fd83cb65ca8 mode 0
Event: 130.701 Thread 0x00007fd84ceb5800 Thread exited: 0x00007fd84ceb5800
Event: 130.715 Thread 0x00007fd84cd9a800 Thread exited: 0x00007fd84cd9a800
Event: 130.716 Thread 0x00007fd8400c1800 DEOPT PACKING pc=0x00007fd85e1eb900 sp=0x00007fd83ce6c080
Event: 130.716 Thread 0x00007fd8400c1800 DEOPT UNPACKING pc=0x00007fd85d046f73 sp=0x00007fd83ce6bda0 mode 0
Event: 130.718 Thread 0x00007fd84ceb6000 Thread exited: 0x00007fd84ceb6000
Event: 130.772 Thread 0x00007fd8400c1800 DEOPT PACKING pc=0x00007fd85e4291a4 sp=0x00007fd83ce6c3e0
Event: 130.772 Thread 0x00007fd8400c1800 DEOPT UNPACKING pc=0x00007fd85d046f73 sp=0x00007fd83ce6c148 mode 0


Dynamic libraries:
00400000-00401000 r-xp 00000000 08:01 3420048                            /home/jj/software/android-studio/jre/bin/java
00600000-00601000 r--p 00000000 08:01 3420048                            /home/jj/software/android-studio/jre/bin/java
00601000-00602000 rw-p 00001000 08:01 3420048                            /home/jj/software/android-studio/jre/bin/java
02060000-02149000 rw-p 00000000 00:00 0                                  [heap]
a0000000-af160000 rw-p 00000000 00:00 0 
af160000-c0000000 ---p 00000000 00:00 0 
c0000000-de295000 rw-p 00000000 00:00 0 
de295000-100000000 ---p 00000000 00:00 0 
100000000-1008c0000 rw-p 00000000 00:00 0 
1008c0000-140000000 ---p 00000000 00:00 0 
7fd837e97000-7fd837e9a000 ---p 00000000 00:00 0 
7fd837e9a000-7fd837f98000 rw-p 00000000 00:00 0 
7fd837f98000-7fd837f9b000 ---p 00000000 00:00 0 
7fd837f9b000-7fd838099000 rw-p 00000000 00:00 0 
7fd838099000-7fd83809c000 ---p 00000000 00:00 0 
7fd83809c000-7fd8380d2000 rw-p 00000000 00:00 0 
7fd8380d2000-7fd8380d5000 ---p 00000000 00:00 0 
7fd8380d5000-7fd8381d3000 rw-p 00000000 00:00 0 
7fd8381d3000-7fd8381d6000 ---p 00000000 00:00 0 
7fd8381d6000-7fd8382d4000 rw-p 00000000 00:00 0 
7fd8382d4000-7fd8382d7000 ---p 00000000 00:00 0 
7fd8382d7000-7fd83830d000 rw-p 00000000 00:00 0 
7fd83830d000-7fd838310000 ---p 00000000 00:00 0 
7fd838310000-7fd83840e000 rw-p 00000000 00:00 0 
7fd83840e000-7fd838411000 ---p 00000000 00:00 0 
7fd838411000-7fd83850f000 rw-p 00000000 00:00 0 
7fd83850f000-7fd838512000 ---p 00000000 00:00 0 
7fd838512000-7fd838548000 rw-p 00000000 00:00 0 
7fd838649000-7fd83864c000 ---p 00000000 00:00 0 
7fd83864c000-7fd83874a000 rw-p 00000000 00:00 0 
7fd83874a000-7fd83874d000 ---p 00000000 00:00 0 
7fd83874d000-7fd838783000 rw-p 00000000 00:00 0 
7fd838783000-7fd838786000 ---p 00000000 00:00 0 
7fd838786000-7fd838884000 rw-p 00000000 00:00 0 
7fd838884000-7fd838887000 ---p 00000000 00:00 0 
7fd838887000-7fd838985000 rw-p 00000000 00:00 0 
7fd838985000-7fd838988000 ---p 00000000 00:00 0 
7fd838988000-7fd8389be000 rw-p 00000000 00:00 0 
7fd8389be000-7fd8389c1000 ---p 00000000 00:00 0 
7fd8389c1000-7fd838abf000 rw-p 00000000 00:00 0 
7fd838abf000-7fd838ac2000 ---p 00000000 00:00 0 
7fd838ac2000-7fd838bc0000 rw-p 00000000 00:00 0 
7fd838bc0000-7fd838bc3000 ---p 00000000 00:00 0 
7fd838bc3000-7fd838bf9000 rw-p 00000000 00:00 0 
7fd838cfa000-7fd838cfd000 ---p 00000000 00:00 0 
7fd838cfd000-7fd838dfb000 rw-p 00000000 00:00 0 
7fd838dfb000-7fd838dfe000 ---p 00000000 00:00 0 
7fd838dfe000-7fd838e34000 rw-p 00000000 00:00 0 
7fd838e34000-7fd838e37000 ---p 00000000 00:00 0 
7fd838e37000-7fd838f35000 rw-p 00000000 00:00 0 
7fd838f35000-7fd838f38000 ---p 00000000 00:00 0 
7fd838f38000-7fd839036000 rw-p 00000000 00:00 0 
7fd839036000-7fd839039000 ---p 00000000 00:00 0 
7fd839039000-7fd83906f000 rw-p 00000000 00:00 0 
7fd83906f000-7fd839072000 ---p 00000000 00:00 0 
7fd839072000-7fd839170000 rw-p 00000000 00:00 0 
7fd839170000-7fd839173000 ---p 00000000 00:00 0 
7fd839173000-7fd839271000 rw-p 00000000 00:00 0 
7fd839271000-7fd839274000 ---p 00000000 00:00 0 
7fd839274000-7fd8392aa000 rw-p 00000000 00:00 0 
7fd8393ab000-7fd8393ae000 ---p 00000000 00:00 0 
7fd8393ae000-7fd8394ac000 rw-p 00000000 00:00 0 
7fd8394ac000-7fd8394af000 ---p 00000000 00:00 0 
7fd8394af000-7fd8394e5000 rw-p 00000000 00:00 0 
7fd8394e5000-7fd8394e8000 ---p 00000000 00:00 0 
7fd8394e8000-7fd8395e6000 rw-p 00000000 00:00 0 
7fd8395e6000-7fd8395e9000 ---p 00000000 00:00 0 
7fd8395e9000-7fd8396e7000 rw-p 00000000 00:00 0 
7fd8396e7000-7fd8396ea000 ---p 00000000 00:00 0 
7fd8396ea000-7fd839720000 rw-p 00000000 00:00 0 
7fd839720000-7fd839723000 ---p 00000000 00:00 0 
7fd839723000-7fd839821000 rw-p 00000000 00:00 0 
7fd839821000-7fd839824000 ---p 00000000 00:00 0 
7fd839824000-7fd839922000 rw-p 00000000 00:00 0 
7fd839922000-7fd839925000 ---p 00000000 00:00 0 
7fd839925000-7fd83995b000 rw-p 00000000 00:00 0 
7fd83995b000-7fd83995e000 ---p 00000000 00:00 0 
7fd83995e000-7fd839a5c000 rw-p 00000000 00:00 0 
7fd839b5d000-7fd839b60000 ---p 00000000 00:00 0 
7fd839b60000-7fd839b96000 rw-p 00000000 00:00 0 
7fd839b96000-7fd839b99000 ---p 00000000 00:00 0 
7fd839b99000-7fd839c97000 rw-p 00000000 00:00 0 
7fd839c97000-7fd839c9a000 ---p 00000000 00:00 0 
7fd839c9a000-7fd839d98000 rw-p 00000000 00:00 0 
7fd839d98000-7fd839d9b000 ---p 00000000 00:00 0 
7fd839d9b000-7fd839dd1000 rw-p 00000000 00:00 0 
7fd839dd1000-7fd839dd4000 ---p 00000000 00:00 0 
7fd839dd4000-7fd839ed2000 rw-p 00000000 00:00 0 
7fd839ed2000-7fd839ed5000 ---p 00000000 00:00 0 
7fd839ed5000-7fd839fd3000 rw-p 00000000 00:00 0 
7fd839fd3000-7fd839fd6000 ---p 00000000 00:00 0 
7fd839fd6000-7fd83a00c000 rw-p 00000000 00:00 0 
7fd83a00c000-7fd83a00f000 ---p 00000000 00:00 0 
7fd83a00f000-7fd83a10d000 rw-p 00000000 00:00 0 
7fd83a10d000-7fd83a110000 ---p 00000000 00:00 0 
7fd83a110000-7fd83a20e000 rw-p 00000000 00:00 0 
7fd83a20e000-7fd83a211000 ---p 00000000 00:00 0 
7fd83a211000-7fd83a247000 rw-p 00000000 00:00 0 
7fd83a247000-7fd83a24a000 ---p 00000000 00:00 0 
7fd83a24a000-7fd83a348000 rw-p 00000000 00:00 0 
7fd83a348000-7fd83a34b000 ---p 00000000 00:00 0 
7fd83a34b000-7fd83a449000 rw-p 00000000 00:00 0 
7fd83a449000-7fd83a44c000 ---p 00000000 00:00 0 
7fd83a44c000-7fd83a482000 rw-p 00000000 00:00 0 
7fd83a482000-7fd83a485000 ---p 00000000 00:00 0 
7fd83a485000-7fd83a583000 rw-p 00000000 00:00 0 
7fd83a583000-7fd83a586000 ---p 00000000 00:00 0 
7fd83a586000-7fd83a684000 rw-p 00000000 00:00 0 
7fd83ad93000-7fd83ae93000 rw-p 00000000 00:00 0 
7fd83ae93000-7fd83af93000 ---p 00000000 00:00 0 
7fd83af93000-7fd83b193000 rw-p 00000000 00:00 0 
7fd83b193000-7fd83b393000 rw-p 00000000 00:00 0 
7fd83b393000-7fd83b593000 rw-p 00000000 00:00 0 
7fd83b593000-7fd83b596000 ---p 00000000 00:00 0 
7fd83b596000-7fd83b694000 rw-p 00000000 00:00 0 
7fd83b694000-7fd83b697000 ---p 00000000 00:00 0 
7fd83b697000-7fd83b795000 rw-p 00000000 00:00 0 
7fd83b795000-7fd83b798000 ---p 00000000 00:00 0 
7fd83b798000-7fd83b7ce000 rw-p 00000000 00:00 0 
7fd83b7ce000-7fd83b7d1000 ---p 00000000 00:00 0 
7fd83b7d1000-7fd83b8cf000 rw-p 00000000 00:00 0 
7fd83b8cf000-7fd83b8d2000 ---p 00000000 00:00 0 
7fd83b8d2000-7fd83b9d0000 rw-p 00000000 00:00 0 
7fd83b9d0000-7fd83b9d3000 ---p 00000000 00:00 0 
7fd83b9d3000-7fd83ba09000 rw-p 00000000 00:00 0 
7fd83ba09000-7fd83ba0c000 ---p 00000000 00:00 0 
7fd83ba0c000-7fd83bd0a000 rw-p 00000000 00:00 0 
7fd83bd0a000-7fd83bd40000 r-xp 00000000 08:01 3420132                    /home/jj/software/android-studio/jre/jre/lib/amd64/libsunec.so
7fd83bd40000-7fd83bf3f000 ---p 00036000 08:01 3420132                    /home/jj/software/android-studio/jre/jre/lib/amd64/libsunec.so
7fd83bf3f000-7fd83bf44000 r--p 00035000 08:01 3420132                    /home/jj/software/android-studio/jre/jre/lib/amd64/libsunec.so
7fd83bf44000-7fd83bf46000 rw-p 0003a000 08:01 3420132                    /home/jj/software/android-studio/jre/jre/lib/amd64/libsunec.so
7fd83bf46000-7fd83c157000 rw-p 00000000 00:00 0 
7fd83c157000-7fd83c357000 rw-p 00000000 00:00 0 
7fd83c357000-7fd83c35d000 r--s 0003a000 08:01 3420094                    /home/jj/software/android-studio/jre/jre/lib/ext/sunjce_provider.jar
7fd83c35d000-7fd83c35e000 r--s 00008000 08:01 3420098                    /home/jj/software/android-studio/jre/jre/lib/ext/sunec.jar
7fd83c35e000-7fd83c362000 r--s 00037000 08:01 3420096                    /home/jj/software/android-studio/jre/jre/lib/ext/sunpkcs11.jar
7fd83c362000-7fd83c365000 ---p 00000000 00:00 0 
7fd83c365000-7fd83c463000 rw-p 00000000 00:00 0 
7fd83c564000-7fd83c567000 ---p 00000000 00:00 0 
7fd83c567000-7fd83c865000 rw-p 00000000 00:00 0 
7fd83c865000-7fd83c868000 ---p 00000000 00:00 0 
7fd83c868000-7fd83c966000 rw-p 00000000 00:00 0 
7fd83c966000-7fd83c969000 ---p 00000000 00:00 0 
7fd83c969000-7fd83ca67000 rw-p 00000000 00:00 0 
7fd83ca67000-7fd83ca6a000 ---p 00000000 00:00 0 
7fd83ca6a000-7fd83cb68000 rw-p 00000000 00:00 0 
7fd83cc69000-7fd83cc6c000 ---p 00000000 00:00 0 
7fd83cc6c000-7fd83cd6a000 rw-p 00000000 00:00 0 
7fd83cd6a000-7fd83cd6d000 r--s 00015000 08:01 3420185                    /home/jj/software/android-studio/jre/jre/lib/jce.jar
7fd83cd6d000-7fd83cd70000 ---p 00000000 00:00 0 
7fd83cd70000-7fd83ce6e000 rw-p 00000000 00:00 0 
7fd83ce6e000-7fd83ce71000 ---p 00000000 00:00 0 
7fd83ce71000-7fd83d16f000 rw-p 00000000 00:00 0 
7fd83d16f000-7fd83d36f000 rw-p 00000000 00:00 0 
7fd83d36f000-7fd83d56f000 rw-p 00000000 00:00 0 
7fd83d56f000-7fd83d76f000 rw-p 00000000 00:00 0 
7fd83d76f000-7fd83d96f000 rw-p 00000000 00:00 0 
7fd83d96f000-7fd83d982000 r--s 00344000 08:01 3420071                    /home/jj/software/android-studio/jre/jre/lib/resources.jar
7fd83d982000-7fd83db82000 rw-p 00000000 00:00 0 
7fd83db82000-7fd83dd82000 rw-p 00000000 00:00 0 
7fd83dd82000-7fd83df82000 rw-p 00000000 00:00 0 
7fd83df82000-7fd83e182000 rw-p 00000000 00:00 0 
7fd83e182000-7fd83e382000 rw-p 00000000 00:00 0 
7fd83e382000-7fd83e3ad000 r--s 001fc000 08:01 3805135                    /home/jj/software/android-studio/gradle/m2repository/com/google/guava/guava/18.0/guava-18.0.jar
7fd83e3ad000-7fd83e3ae000 r--s 00001000 08:01 3805222                    /home/jj/software/android-studio/gradle/m2repository/com/android/tools/annotations/25.2.0/annotations-25.2.0.jar
7fd83e3ae000-7fd83e3c0000 r--s 000b3000 08:01 3805435                    /home/jj/software/android-studio/gradle/m2repository/com/android/tools/external/com-intellij/uast/145.597.3/uast-145.597.3.jar
7fd83e3c0000-7fd83e3c8000 r--s 000a8000 08:01 3805428                    /home/jj/software/android-studio/gradle/m2repository/com/android/tools/external/lombok/lombok-ast/0.2.3/lombok-ast-0.2.3.jar
7fd83e3c8000-7fd83e3ca000 r--s 0000d000 08:01 3676516                    /home/jj/software/android-studio/gradle/m2repository/commons-codec/commons-codec/1.4/commons-codec-1.4.jar
7fd83e3ca000-7fd83e3cc000 r--s 0000d000 08:01 3421076                    /home/jj/software/android-studio/gradle/m2repository/commons-logging/commons-logging/1.1.1/commons-logging-1.1.1.jar
7fd83e3cc000-7fd83e3d1000 r--s 00028000 08:01 3805035                    /home/jj/software/android-studio/gradle/m2repository/org/apache/httpcomponents/httpcore/4.1/httpcore-4.1.jar
7fd83e3d1000-7fd83e3d5000 r--s 0002f000 08:01 3805165                    /home/jj/software/android-studio/gradle/m2repository/com/google/jimfs/jimfs/1.1/jimfs-1.1.jar
7fd83e3d5000-7fd83e3d6000 r--s 00004000 08:01 3805098                    /home/jj/software/android-studio/gradle/m2repository/com/intellij/annotations/12.0/annotations-12.0.jar
7fd83e3d6000-7fd83e3d7000 r--s 00004000 08:01 3421123                    /home/jj/software/android-studio/gradle/m2repository/org/ow2/asm/asm-analysis/5.0.4/asm-analysis-5.0.4.jar
7fd83e3d7000-7fd83e3db000 r--s 0003b000 08:01 3805498                    /home/jj/software/android-studio/gradle/m2repository/com/android/tools/lint/lint-api/25.2.0/lint-api-25.2.0.jar
7fd83e3db000-7fd83e3dc000 r--s 0000a000 08:01 3547154                    /home/jj/software/android-studio/gradle/m2repository/net/sf/kxml/kxml2/2.3.0/kxml2-2.3.0.jar
7fd83e3dc000-7fd83e3de000 r--s 00005000 08:01 3805026                    /home/jj/software/android-studio/gradle/m2repository/org/apache/httpcomponents/httpmime/4.1/httpmime-4.1.jar
7fd83e3de000-7fd83e3e6000 r--s 0004e000 08:01 3805046                    /home/jj/software/android-studio/gradle/m2repository/org/apache/httpcomponents/httpclient/4.1.1/httpclient-4.1.1.jar
7fd83e3e6000-7fd83e3ed000 r--s 00053000 08:01 3805058                    /home/jj/software/android-studio/gradle/m2repository/org/apache/commons/commons-compress/1.8.1/commons-compress-1.8.1.jar
7fd83e3ed000-7fd83e3f2000 r--s 0002a000 08:01 3805153                    /home/jj/software/android-studio/gradle/m2repository/com/google/code/gson/gson/2.2.4/gson-2.2.4.jar
7fd83e3f2000-7fd83e3f7000 r--s 0002d000 08:01 3805440                    /home/jj/software/android-studio/gradle/m2repository/com/android/tools/repository/25.2.0/repository-25.2.0.jar
7fd83e3f7000-7fd83e3f8000 r--s 00005000 08:01 3805403                    /home/jj/software/android-studio/gradle/m2repository/com/android/tools/dvlib/25.2.0/dvlib-25.2.0.jar
7fd83e3f8000-7fd83e3fb000 r--s 00014000 08:01 3805336                    /home/jj/software/android-studio/gradle/m2repository/com/android/tools/layoutlib/layoutlib-api/25.2.0/layoutlib-api-25.2.0.jar
7fd83e3fb000-7fd83e400000 r--s 00058000 08:01 3421098                    /home/jj/software/android-studio/gradle/m2repository/org/ow2/asm/asm-debug-all/5.0.1/asm-debug-all-5.0.1.jar
7fd83e400000-7fd83e410000 r--s 000d6000 08:01 3676509                    /home/jj/software/android-studio/gradle/m2repository/net/sf/proguard/proguard-base/5.2.1/proguard-base-5.2.1.jar
7fd83e410000-7fd83e413000 r--s 00033000 08:01 3805105                    /home/jj/software/android-studio/gradle/m2repository/com/googlecode/juniversalchardet/juniversalchardet/1.0.3/juniversalchardet-1.0.3.jar
7fd83e413000-7fd83e417000 r--s 0002a000 08:01 3421069                    /home/jj/software/android-studio/gradle/m2repository/commons-io/commons-io/2.4/commons-io-2.4.jar
7fd83e417000-7fd83e42e000 r--s 00154000 08:01 3804971                    /home/jj/software/android-studio/gradle/m2repository/org/antlr/antlr4/4.5.3/antlr4-4.5.3.jar
7fd83e42e000-7fd83e42f000 r--s 00002000 08:01 3805183                    /home/jj/software/android-studio/gradle/m2repository/com/android/databinding/baseLibrary/2.2.0/baseLibrary-2.2.0.jar
7fd83e42f000-7fd83e442000 r--s 00236000 08:01 3421184                    /home/jj/software/android-studio/gradle/m2repository/org/eclipse/jdt/core/compiler/ecj/4.5.1/ecj-4.5.1.jar
7fd83e442000-7fd83e449000 r--s 000c3000 08:01 3805469                    /home/jj/software/android-studio/gradle/m2repository/com/android/tools/lint/lint-checks/25.2.0/lint-checks-25.2.0.jar
7fd83e449000-7fd83e44b000 r--s 00006000 08:01 3421137                    /home/jj/software/android-studio/gradle/m2repository/org/ow2/asm/asm-tree/5.0.4/asm-tree-5.0.4.jar
7fd83e44b000-7fd83e47e000 r--s 00203000 08:01 3804978                    /home/jj/software/android-studio/gradle/m2repository/org/bouncycastle/bcprov-jdk15on/1.48/bcprov-jdk15on-1.48.jar
7fd83e47e000-7fd83e48c000 r--s 00081000 08:01 3804983                    /home/jj/software/android-studio/gradle/m2repository/org/bouncycastle/bcpkix-jdk15on/1.48/bcpkix-jdk15on-1.48.jar
7fd83e48c000-7fd83e48e000 r--s 00002000 08:01 3805113                    /home/jj/software/android-studio/gradle/m2repository/com/squareup/javawriter/2.5.0/javawriter-2.5.0.jar
7fd83e48e000-7fd83e48f000 r--s 00002000 08:01 3805447                    /home/jj/software/android-studio/gradle/m2repository/com/android/tools/analytics-library/tracker/25.2.0/tracker-25.2.0.jar
7fd83e48f000-7fd83e491000 r--s 00003000 08:01 3805455                    /home/jj/software/android-studio/gradle/m2repository/com/android/tools/analytics-library/shared/25.2.0/shared-25.2.0.jar
7fd83e491000-7fd83e49e000 r--s 000ed000 08:01 3805451                    /home/jj/software/android-studio/gradle/m2repository/com/android/tools/analytics-library/protos/25.2.0/protos-25.2.0.jar
7fd83e49e000-7fd83e49f000 r--s 00001000 08:01 3805343                    /home/jj/software/android-studio/gradle/m2repository/com/android/tools/jill/jill-api/0.10.0/jill-api-0.10.0.jar
7fd83e49f000-7fd83e4a1000 r--s 00003000 08:01 3805525                    /home/jj/software/android-studio/gradle/m2repository/com/android/tools/jack/jack-api/0.11.0/jack-api-0.11.0.jar
7fd83e4a1000-7fd83e4a6000 r--s 0004a000 08:01 3805377                    /home/jj/software/android-studio/gradle/m2repository/com/android/tools/ddms/ddmlib/25.2.0/ddmlib-25.2.0.jar
7fd83e4a6000-7fd83e4a9000 r--s 00021000 08:01 3805279                    /home/jj/software/android-studio/gradle/m2repository/com/android/tools/build/manifest-merger/25.2.0/manifest-merger-25.2.0.jar
7fd83e4a9000-7fd83e4ab000 r--s 0001c000 08:01 3805542                    /home/jj/software/android-studio/gradle/m2repository/com/android/tools/common/25.2.0/common-25.2.0.jar
7fd83e4ab000-7fd83e4b4000 r--s 00083000 08:01 3805360                    /home/jj/software/android-studio/gradle/m2repository/com/android/tools/sdk-common/25.2.0/sdk-common-25.2.0.jar
7fd83e4b4000-7fd83e4bf000 r--s 0008e000 08:01 3805513                    /home/jj/software/android-studio/gradle/m2repository/com/android/tools/sdklib/25.2.0/sdklib-25.2.0.jar
7fd83e4bf000-7fd83e4c0000 r--s 00002000 08:01 3805252                    /home/jj/software/android-studio/gradle/m2repository/com/android/tools/build/builder-test-api/2.2.0/builder-test-api-2.2.0.jar
7fd83e4c0000-7fd83e4c3000 r--s 00005000 08:01 3805308                    /home/jj/software/android-studio/gradle/m2repository/com/android/tools/build/builder-model/2.2.0/builder-model-2.2.0.jar
7fd83e4c3000-7fd83e4cb000 r--s 0007b000 08:01 3805145                    /home/jj/software/android-studio/gradle/m2repository/com/google/protobuf/protobuf-java/2.5.0/protobuf-java-2.5.0.jar
7fd83e4cb000-7fd83e4cd000 r--s 0000f000 08:01 3547148                    /home/jj/software/android-studio/gradle/m2repository/net/sf/jopt-simple/jopt-simple/4.9/jopt-simple-4.9.jar
7fd83e4cd000-7fd83e4d1000 r--s 0001f000 08:01 3805014                    /home/jj/software/android-studio/gradle/m2repository/org/jacoco/org.jacoco.report/0.7.5.201505241946/org.jacoco.report-0.7.5.201505241946.jar
7fd83e4d1000-7fd83e4d5000 r--s 0001d000 08:01 3804999                    /home/jj/software/android-studio/gradle/m2repository/org/jacoco/org.jacoco.core/0.7.5.201505241946/org.jacoco.core-0.7.5.201505241946.jar
7fd83e4d5000-7fd83e4d6000 r--s 00002000 08:01 3805559                    /home/jj/software/android-studio/gradle/m2repository/net/sf/proguard/proguard-gradle/5.2.1/proguard-gradle-5.2.1.jar
7fd83e4d6000-7fd83e4ed000 r--s 0015d000 08:01 3805240                    /home/jj/software/android-studio/gradle/m2repository/com/android/tools/build/builder/2.2.0/builder-2.2.0.jar
7fd83e4ed000-7fd83e6ed000 rw-p 00000000 00:00 0 
7fd83e6ed000-7fd83e6f0000 ---p 00000000 00:00 0 
7fd83e6f0000-7fd83e9ee000 rw-p 00000000 00:00 0 
7fd83e9ee000-7fd83ebee000 rw-p 00000000 00:00 0 
7fd83ebee000-7fd83edee000 rw-p 00000000 00:00 0 
7fd83edee000-7fd83efee000 rw-p 00000000 00:00 0 
7fd83efee000-7fd83f1ee000 rw-p 00000000 00:00 0 
7fd83f1ee000-7fd83f3ee000 rw-p 00000000 00:00 0 
7fd83f4ed000-7fd83f4ef000 rw-p 00000000 00:00 0 
7fd83f4ef000-7fd83f4f2000 ---p 00000000 00:00 0 
7fd83f4f2000-7fd83f5f0000 rw-p 00000000 00:00 0 
7fd83f5f0000-7fd83f5f3000 ---p 00000000 00:00 0 
7fd83f5f3000-7fd83f6f1000 rw-p 00000000 00:00 0 
7fd83f6f1000-7fd83f6f4000 ---p 00000000 00:00 0 
7fd83f6f4000-7fd83f7f2000 rw-p 00000000 00:00 0 
7fd83f7f2000-7fd83f7f5000 ---p 00000000 00:00 0 
7fd83f7f5000-7fd83f8f3000 rw-p 00000000 00:00 0 
7fd83f8f3000-7fd83f8f6000 ---p 00000000 00:00 0 
7fd83f8f6000-7fd83f9f4000 rw-p 00000000 00:00 0 
7fd83f9f4000-7fd83f9f7000 ---p 00000000 00:00 0 
7fd83f9f7000-7fd83fcf5000 rw-p 00000000 00:00 0 
7fd83fcf5000-7fd83fcf8000 ---p 00000000 00:00 0 
7fd83fcf8000-7fd83fdf6000 rw-p 00000000 00:00 0 
7fd83fdf6000-7fd83fdff000 r-xp 00000000 08:01 3420163                    /home/jj/software/android-studio/jre/jre/lib/amd64/libmanagement.so
7fd83fdff000-7fd83fffe000 ---p 00009000 08:01 3420163                    /home/jj/software/android-studio/jre/jre/lib/amd64/libmanagement.so
7fd83fffe000-7fd83ffff000 r--p 00008000 08:01 3420163                    /home/jj/software/android-studio/jre/jre/lib/amd64/libmanagement.so
7fd83ffff000-7fd840000000 rw-p 00009000 08:01 3420163                    /home/jj/software/android-studio/jre/jre/lib/amd64/libmanagement.so
7fd840000000-7fd841160000 rw-p 00000000 00:00 0 
7fd841160000-7fd844000000 ---p 00000000 00:00 0 
7fd844000000-7fd84413e000 rw-p 00000000 00:00 0 
7fd84413e000-7fd848000000 ---p 00000000 00:00 0 
7fd848000000-7fd84803a000 rw-p 00000000 00:00 0 
7fd84803a000-7fd84c000000 ---p 00000000 00:00 0 
7fd84c000000-7fd84d85c000 rw-p 00000000 00:00 0 
7fd84d85c000-7fd850000000 ---p 00000000 00:00 0 
7fd850000000-7fd851514000 rw-p 00000000 00:00 0 
7fd851514000-7fd854000000 ---p 00000000 00:00 0 
7fd854000000-7fd854025000 rw-p 00000000 00:00 0 
7fd854025000-7fd858000000 ---p 00000000 00:00 0 
7fd858000000-7fd8582e1000 rw-p 00000000 00:00 0 
7fd8582e1000-7fd85c000000 ---p 00000000 00:00 0 
7fd85c000000-7fd85c002000 r--s 00009000 08:01 3421148                    /home/jj/software/android-studio/gradle/m2repository/org/ow2/asm/asm-commons/5.0.4/asm-commons-5.0.4.jar
7fd85c002000-7fd85c004000 r--s 0000c000 08:01 3421171                    /home/jj/software/android-studio/gradle/m2repository/org/ow2/asm/asm/5.0.4/asm-5.0.4.jar
7fd85c004000-7fd85c008000 r--s 0002b000 08:01 3805205                    /home/jj/software/android-studio/gradle/m2repository/com/android/databinding/compilerCommon/2.2.0/compilerCommon-2.2.0.jar
7fd85c008000-7fd85c009000 r--s 00002000 08:01 3805266                    /home/jj/software/android-studio/gradle/m2repository/com/android/tools/build/gradle-api/2.2.0/gradle-api-2.2.0.jar
7fd85c009000-7fd85c00a000 r--s 00000000 08:01 3805296                    /home/jj/software/android-studio/gradle/m2repository/com/android/tools/build/transform-api/2.0.0-deprecated-use-gradle-api/transform-api-2.0.0-deprecated-use-gradle-api.jar
7fd85c00a000-7fd85c00f000 r--s 00053000 08:01 3805484                    /home/jj/software/android-studio/gradle/m2repository/com/android/tools/lint/lint/25.2.0/lint-25.2.0.jar
7fd85c00f000-7fd85c02c000 r--s 0019c000 08:01 3805289                    /home/jj/software/android-studio/gradle/m2repository/com/android/tools/build/gradle-core/2.2.0/gradle-core-2.2.0.jar
7fd85c02c000-7fd85c02e000 r--s 0000d000 08:01 3805319                    /home/jj/software/android-studio/gradle/m2repository/com/android/tools/build/gradle/2.2.0/gradle-2.2.0.jar
7fd85c02e000-7fd85c031000 ---p 00000000 00:00 0 
7fd85c031000-7fd85c067000 rw-p 00000000 00:00 0 
7fd85c067000-7fd85c068000 r--p 00000000 00:00 0 
7fd85c068000-7fd85c0e0000 r--s 010eb000 08:01 3420013                    /home/jj/software/android-studio/jre/lib/tools.jar
7fd85c0e0000-7fd85c0e7000 r--s 00000000 08:01 4853577                    /usr/lib/x86_64-linux-gnu/gconv/gconv-modules.cache
7fd85c0e7000-7fd85c0eb000 r--s 00097000 08:01 3420124                    /home/jj/software/android-studio/jre/jre/lib/jsse.jar
7fd85c0eb000-7fd85c0ed000 r--s 00007000 08:01 3420710                    /home/jj/software/android-studio/gradle/gradle-2.14.1/lib/plugins/gradle-tooling-api-builders-2.14.1.jar
7fd85c0ed000-7fd85c0f0000 r--s 00008000 08:01 3420703                    /home/jj/software/android-studio/gradle/gradle-2.14.1/lib/plugins/gradle-testing-native-2.14.1.jar
7fd85c0f0000-7fd85c0f2000 r--s 00009000 08:01 3421007                    /home/jj/software/android-studio/gradle/gradle-2.14.1/lib/plugins/hamcrest-core-1.3.jar
7fd85c0f2000-7fd85c0f8000 r--s 00033000 08:01 3420715                    /home/jj/software/android-studio/gradle/gradle-2.14.1/lib/plugins/snakeyaml-1.6.jar
7fd85c0f8000-7fd85c0fa000 r--s 00006000 08:01 3420737                    /home/jj/software/android-studio/gradle/gradle-2.14.1/lib/plugins/jcommander-1.12.jar
7fd85c0fa000-7fd85c0ff000 r--s 00040000 08:01 3420713                    /home/jj/software/android-studio/gradle/gradle-2.14.1/lib/plugins/bsh-2.0b4.jar
7fd85c0ff000-7fd85c108000 r--s 00089000 08:01 3420740                    /home/jj/software/android-studio/gradle/gradle-2.14.1/lib/plugins/testng-6.3.1.jar
7fd85c108000-7fd85c110000 r--s 00045000 08:01 3420745                    /home/jj/software/android-studio/gradle/gradle-2.14.1/lib/plugins/junit-4.12.jar
7fd85c110000-7fd85c116000 r--s 0002e000 08:01 3420721                    /home/jj/software/android-studio/gradle/gradle-2.14.1/lib/plugins/gradle-testing-jvm-2.14.1.jar
7fd85c116000-7fd85c11b000 r--s 00015000 08:01 3420730                    /home/jj/software/android-studio/gradle/gradle-2.14.1/lib/plugins/gradle-testing-base-2.14.1.jar
7fd85c11b000-7fd85c11c000 r--s 00002000 08:01 3420743                    /home/jj/software/android-studio/gradle/gradle-2.14.1/lib/plugins/sonar-batch-bootstrapper-2.9.jar
7fd85c11c000-7fd85c11f000 r--s 00015000 08:01 3420720                    /home/jj/software/android-studio/gradle/gradle-2.14.1/lib/plugins/gradle-sonar-2.14.1.jar
7fd85c11f000-7fd85c126000 r--s 00038000 08:01 3420982                    /home/jj/software/android-studio/gradle/gradle-2.14.1/lib/plugins/bcpg-jdk15on-1.51.jar
7fd85c126000-7fd85c128000 r--s 0000d000 08:01 3420988                    /home/jj/software/android-studio/gradle/gradle-2.14.1/lib/plugins/gradle-signing-2.14.1.jar
7fd85c128000-7fd85c12b000 r--s 00009000 08:01 3420896                    /home/jj/software/android-studio/gradle/gradle-2.14.1/lib/plugins/gradle-scala-2.14.1.jar
7fd85c12b000-7fd85c12c000 r--s 00004000 08:01 3420995                    /home/jj/software/android-studio/gradle/gradle-2.14.1/lib/plugins/gradle-resources-sftp-2.14.1.jar
7fd85c12c000-7fd85c13c000 r--s 00088000 08:01 3420727                    /home/jj/software/android-studio/gradle/gradle-2.14.1/lib/plugins/joda-time-2.8.2.jar
7fd85c13c000-7fd85c14d000 r--s 000cf000 08:01 3421014                    /home/jj/software/android-studio/gradle/gradle-2.14.1/lib/plugins/jackson-databind-2.3.2.jar
7fd85c14d000-7fd85c14f000 r--s 00007000 08:01 3420977                    /home/jj/software/android-studio/gradle/gradle-2.14.1/lib/plugins/jackson-annotations-2.3.2.jar
7fd85c14f000-7fd85c152000 r--s 0002e000 08:01 3420984                    /home/jj/software/android-studio/gradle/gradle-2.14.1/lib/plugins/jackson-core-2.3.2.jar
7fd85c152000-7fd85c15d000 r--s 0006b000 08:01 3421031                    /home/jj/software/android-studio/gradle/gradle-2.14.1/lib/plugins/aws-java-sdk-core-1.9.19.jar
7fd85c15d000-7fd85c163000 r--s 00036000 08:01 3420976                    /home/jj/software/android-studio/gradle/gradle-2.14.1/lib/plugins/aws-java-sdk-kms-1.9.19.jar
7fd85c163000-7fd85c16e000 r--s 00079000 08:01 3420742                    /home/jj/software/android-studio/gradle/gradle-2.14.1/lib/plugins/aws-java-sdk-s3-1.9.19.jar
7fd85c16e000-7fd85c16f000 r--s 00003000 08:01 3421010                    /home/jj/software/android-studio/gradle/gradle-2.14.1/lib/plugins/gradle-resources-s3-2.14.1.jar
7fd85c16f000-7fd85c171000 r--s 00005000 08:01 3421005                    /home/jj/software/android-studio/gradle/gradle-2.14.1/lib/plugins/jatl-0.2.2.jar
7fd85c171000-7fd85c173000 r--s 0000f000 08:01 3421022                    /home/jj/software/android-studio/gradle/gradle-2.14.1/lib/plugins/gradle-reporting-2.14.1.jar
7fd85c173000-7fd85c175000 r--s 00002000 08:01 3420981                    /home/jj/software/android-studio/gradle/gradle-2.14.1/lib/plugins/gradle-publish-2.14.1.jar
7fd85c175000-7fd85c177000 r--s 00009000 08:01 3420733                    /home/jj/software/android-studio/gradle/gradle-2.14.1/lib/plugins/commons-cli-1.2.jar
7fd85c177000-7fd85c17d000 r--s 00033000 08:01 3420744                    /home/jj/software/android-studio/gradle/gradle-2.14.1/lib/plugins/gradle-plugins-2.14.1.jar
7fd85c17d000-7fd85c17f000 r--s 00007000 08:01 3420707                    /home/jj/software/android-studio/gradle/gradle-2.14.1/lib/plugins/gradle-plugin-development-2.14.1.jar
7fd85c17f000-7fd85c185000 r--s 0002a000 08:01 3420987                    /home/jj/software/android-studio/gradle/gradle-2.14.1/lib/plugins/gradle-platform-play-2.14.1.jar
7fd85c185000-7fd85c192000 r--s 0004d000 08:01 3420986                    /home/jj/software/android-studio/gradle/gradle-2.14.1/lib/plugins/gradle-platform-native-2.14.1.jar
7fd85c192000-7fd85c196000 r--s 0001a000 08:01 3421008                    /home/jj/software/android-studio/gradle/gradle-2.14.1/lib/plugins/gradle-platform-jvm-2.14.1.jar
7fd85c196000-7fd85c19d000 r--s 00029000 08:01 3420736                    /home/jj/software/android-studio/gradle/gradle-2.14.1/lib/plugins/gradle-platform-base-2.14.1.jar
7fd85c19d000-7fd85c1be000 r--s 001c3000 08:01 3420711                    /home/jj/software/android-studio/gradle/gradle-2.14.1/lib/plugins/bndlib-2.4.0.jar
7fd85c1be000-7fd85c1c0000 r--s 00003000 08:01 3421013                    /home/jj/software/android-studio/gradle/gradle-2.14.1/lib/plugins/gradle-osgi-2.14.1.jar
7fd85c1c0000-7fd85c1c3000 r--s 0000c000 08:01 3421017                    /home/jj/software/android-studio/gradle/gradle-2.14.1/lib/plugins/pmaven-groovy-0.8-20100325.jar
7fd85c1c3000-7fd85c1c4000 r--s 00004000 08:01 3421003                    /home/jj/software/android-studio/gradle/gradle-2.14.1/lib/plugins/pmaven-common-0.8-20100325.jar
7fd85c1c4000-7fd85c1ca000 r--s 00022000 08:01 3420735                    /home/jj/software/android-studio/gradle/gradle-2.14.1/lib/plugins/gradle-maven-2.14.1.jar
7fd85c1ca000-7fd85c1cc000 r--s 0000a000 08:01 3420717                    /home/jj/software/android-studio/gradle/gradle-2.14.1/lib/plugins/gradle-language-scala-2.14.1.jar
7fd85c1cc000-7fd85c1d2000 r--s 0001a000 08:01 3420722                    /home/jj/software/android-studio/gradle/gradle-2.14.1/lib/plugins/gradle-language-native-2.14.1.jar
7fd85c1d2000-7fd85c1d4000 r--s 00008000 08:01 3420709                    /home/jj/software/android-studio/gradle/gradle-2.14.1/lib/plugins/gradle-language-jvm-2.14.1.jar
7fd85c1d4000-7fd85c1da000 r--s 00024000 08:01 3421004                    /home/jj/software/android-studio/gradle/gradle-2.14.1/lib/plugins/gradle-language-java-2.14.1.jar
7fd85c1da000-7fd85c1dc000 r--s 0000a000 08:01 3420985                    /home/jj/software/android-studio/gradle/gradle-2.14.1/lib/plugins/gradle-language-groovy-2.14.1.jar
7fd85c1dc000-7fd85c1df000 r--s 0001e000 08:01 3420702                    /home/jj/software/android-studio/gradle/gradle-2.14.1/lib/plugins/jsp-api-2.1-6.1.14.jar
7fd85c1df000-7fd85c202000 r--s 00344000 08:01 3420978                    /home/jj/software/android-studio/gradle/gradle-2.14.1/lib/plugins/core-3.1.1.jar
7fd85c202000-7fd85c203000 r--s 00006000 08:01 3421015                    /home/jj/software/android-studio/gradle/gradle-2.14.1/lib/plugins/jetty-naming-6.1.25.jar
7fd85c203000-7fd85c204000 r--s 00002000 08:01 3420973                    /home/jj/software/android-studio/gradle/gradle-2.14.1/lib/plugins/geronimo-annotation_1.0_spec-1.0.jar
7fd85c204000-7fd85c206000 r--s 00002000 08:01 3421011                    /home/jj/software/android-studio/gradle/gradle-2.14.1/lib/plugins/jetty-annotations-6.1.25.jar
7fd85c206000-7fd85c217000 r--s 000ea000 08:01 3421024                    /home/jj/software/android-studio/gradle/gradle-2.14.1/lib/plugins/jsp-2.1-6.1.14.jar
7fd85c217000-7fd85c219000 r--s 0000d000 08:01 3420979                    /home/jj/software/android-studio/gradle/gradle-2.14.1/lib/plugins/jetty-plus-6.1.25.jar
7fd85c219000-7fd85c21b000 r--s 0001f000 08:01 3421038                    /home/jj/software/android-studio/gradle/gradle-2.14.1/lib/plugins/servlet-api-2.5-20081211.jar
7fd85c21b000-7fd85c21f000 r--s 00028000 08:01 3420738                    /home/jj/software/android-studio/gradle/gradle-2.14.1/lib/plugins/jetty-util-6.1.25.jar
7fd85c21f000-7fd85c226000 r--s 0007d000 08:01 3420746                    /home/jj/software/android-studio/gradle/gradle-2.14.1/lib/plugins/jetty-6.1.25.jar
7fd85c226000-7fd85c228000 r--s 00009000 08:01 3421020                    /home/jj/software/android-studio/gradle/gradle-2.14.1/lib/plugins/gradle-jetty-2.14.1.jar
7fd85c228000-7fd85c22f000 r--s 00035000 08:01 3421034                    /home/jj/software/android-studio/gradle/gradle-2.14.1/lib/plugins/simple-4.1.21.jar
7fd85c22f000-7fd85c23b000 r--s 00100000 08:01 3420728                    /home/jj/software/android-studio/gradle/gradle-2.14.1/lib/plugins/rhino-1.7R3.jar
7fd85c23b000-7fd85c23f000 r--s 00011000 08:01 3421002                    /home/jj/software/android-studio/gradle/gradle-2.14.1/lib/plugins/gradle-javascript-2.14.1.jar
7fd85c23f000-7fd85c241000 r--s 0000c000 08:01 3421036                    /home/jj/software/android-studio/gradle/gradle-2.14.1/lib/plugins/gradle-jacoco-2.14.1.jar
7fd85c241000-7fd85c244000 r--s 0000e000 08:01 3421033                    /home/jj/software/android-studio/gradle/gradle-2.14.1/lib/plugins/gradle-ivy-2.14.1.jar
7fd85c244000-7fd85c245000 r--s 00002000 08:01 3421025                    /home/jj/software/android-studio/gradle/gradle-2.14.1/lib/plugins/gradle-ide-play-2.14.1.jar
7fd85c245000-7fd85c24a000 r--s 0002b000 08:01 3421021                    /home/jj/software/android-studio/gradle/gradle-2.14.1/lib/plugins/gradle-ide-native-2.14.1.jar
7fd85c24a000-7fd85c255000 r--s 00066000 08:01 3420718                    /home/jj/software/android-studio/gradle/gradle-2.14.1/lib/plugins/gradle-ide-2.14.1.jar
7fd85c255000-7fd85c256000 r--s 00008000 08:01 3420714                    /home/jj/software/android-studio/gradle/gradle-2.14.1/lib/plugins/gradle-ear-2.14.1.jar
7fd85c256000-7fd85c25c000 r--s 00032000 08:01 3420726                    /home/jj/software/android-studio/gradle/gradle-2.14.1/lib/plugins/gradle-diagnostics-2.14.1.jar
7fd85c25c000-7fd85c260000 r--s 00021000 08:01 3421023                    /home/jj/software/android-studio/gradle/gradle-2.14.1/lib/plugins/gradle-code-quality-2.14.1.jar
7fd85c260000-7fd85c264000 r--s 0001f000 08:01 3420725                    /home/jj/software/android-studio/gradle/gradle-2.14.1/lib/plugins/gradle-build-init-2.14.1.jar
7fd85c264000-7fd85c26b000 r--s 0008e000 08:01 3421030                    /home/jj/software/android-studio/gradle/gradle-2.14.1/lib/plugins/gradle-build-comparison-2.14.1.jar
7fd85c26b000-7fd85c26d000 r--s 00008000 08:01 3421006                    /home/jj/software/android-studio/gradle/gradle-2.14.1/lib/plugins/gradle-antlr-2.14.1.jar
7fd85c26d000-7fd85c26f000 r--s 00004000 08:01 3421032                    /home/jj/software/android-studio/gradle/gradle-2.14.1/lib/plugins/gradle-announce-2.14.1.jar
7fd85c26f000-7fd85c287000 r--s 00115000 08:01 3420857                    /home/jj/software/android-studio/gradle/gradle-2.14.1/lib/plugins/xercesImpl-2.9.1.jar
7fd85c287000-7fd85c28f000 r--s 00028000 08:01 3420998                    /home/jj/software/android-studio/gradle/gradle-2.14.1/lib/plugins/xml-apis-1.3.04.jar
7fd85c28f000-7fd85c295000 r--s 0005b000 08:01 3420989                    /home/jj/software/android-studio/gradle/gradle-2.14.1/lib/plugins/jcifs-1.3.17.jar
7fd85c295000-7fd85c29c000 r--s 00049000 08:01 3421000                    /home/jj/software/android-studio/gradle/gradle-2.14.1/lib/plugins/httpcore-4.4.4.jar
7fd85c29c000-7fd85c2a2000 r--s 00033000 08:01 3420724                    /home/jj/software/android-studio/gradle/gradle-2.14.1/lib/plugins/commons-codec-1.6.jar
7fd85c2a2000-7fd85c2a5000 r--s 0001c000 08:01 3420719                    /home/jj/software/android-studio/gradle/gradle-2.14.1/lib/plugins/nekohtml-1.9.14.jar
7fd85c2a5000-7fd85c2b2000 r--s 000a4000 08:01 3421018                    /home/jj/software/android-studio/gradle/gradle-2.14.1/lib/plugins/httpclient-4.4.1.jar
7fd85c2b2000-7fd85c2b4000 r--s 0000a000 08:01 3420704                    /home/jj/software/android-studio/gradle/gradle-2.14.1/lib/plugins/gradle-resources-http-2.14.1.jar
7fd85c2b4000-7fd85c2b8000 r--s 00014000 08:01 3420992                    /home/jj/software/android-studio/gradle/gradle-2.14.1/lib/plugins/gradle-plugin-use-2.14.1.jar
7fd85c2b8000-7fd85c2b9000 r--s 00000000 08:01 3420659                    /home/jj/software/android-studio/gradle/gradle-2.14.1/lib/gradle-installation-beacon-2.14.1.jar
7fd85c2b9000-7fd85c2ba000 r--s 00007000 08:01 3420734                    /home/jj/software/android-studio/gradle/gradle-2.14.1/lib/plugins/wagon-http-shared4-2.4.jar
7fd85c2ba000-7fd85c2be000 r--s 00033000 08:01 3421009                    /home/jj/software/android-studio/gradle/gradle-2.14.1/lib/plugins/plexus-utils-2.0.6.jar
7fd85c2be000-7fd85c2c2000 r--s 00021000 08:01 3420991                    /home/jj/software/android-studio/gradle/gradle-2.14.1/lib/plugins/maven-model-builder-3.0.4.jar
7fd85c2c2000-7fd85c2c3000 r--s 00002000 08:01 3420723                    /home/jj/software/android-studio/gradle/gradle-2.14.1/lib/plugins/wagon-file-2.4.jar
7fd85c2c3000-7fd85c2c5000 r--s 00002000 08:01 3421001                    /home/jj/software/android-studio/gradle/gradle-2.14.1/lib/plugins/plexus-cipher-1.7.jar
7fd85c2c5000-7fd85c2c8000 r--s 00013000 08:01 3421037                    /home/jj/software/android-studio/gradle/gradle-2.14.1/lib/plugins/aether-api-1.13.1.jar
7fd85c2c8000-7fd85c2ca000 r--s 0000a000 08:01 3420739                    /home/jj/software/android-studio/gradle/gradle-2.14.1/lib/plugins/maven-settings-3.0.4.jar
7fd85c2ca000-7fd85c2cc000 r--s 0000d000 08:01 3420993                    /home/jj/software/android-studio/gradle/gradle-2.14.1/lib/plugins/plexus-interpolation-1.14.jar
7fd85c2cc000-7fd85c2ce000 r--s 0000b000 08:01 3421016                    /home/jj/software/android-studio/gradle/gradle-2.14.1/lib/plugins/maven-artifact-3.0.4.jar
7fd85c2ce000-7fd85c2d5000 r--s 0002e000 08:01 3420731                    /home/jj/software/android-studio/gradle/gradle-2.14.1/lib/plugins/plexus-container-default-1.5.5.jar
7fd85c2d5000-7fd85c2d7000 r--s 0000b000 08:01 3420980                    /home/jj/software/android-studio/gradle/gradle-2.14.1/lib/plugins/maven-plugin-api-3.0.4.jar
7fd85c2d7000-7fd85c2d9000 r--s 00000000 08:01 3420983                    /home/jj/software/android-studio/gradle/gradle-2.14.1/lib/plugins/plexus-component-annotations-1.5.5.jar
7fd85c2d9000-7fd85c2df000 r--s 0003f000 08:01 3420994                    /home/jj/software/android-studio/gradle/gradle-2.14.1/lib/plugins/maven-compat-3.0.4.jar
7fd85c2df000-7fd85c2e2000 r--s 00008000 08:01 3420747                    /home/jj/software/android-studio/gradle/gradle-2.14.1/lib/plugins/maven-settings-builder-3.0.4.jar
7fd85c2e2000-7fd85c2e3000 r--s 00002000 08:01 3420701                    /home/jj/software/android-studio/gradle/gradle-2.14.1/lib/plugins/wagon-http-2.4.jar
7fd85c2e3000-7fd85c2e5000 r--s 00026000 08:01 3421035                    /home/jj/software/android-studio/gradle/gradle-2.14.1/lib/plugins/maven-model-3.0.4.jar
7fd85c2e5000-7fd85c2e7000 r--s 00006000 08:01 3421012                    /home/jj/software/android-studio/gradle/gradle-2.14.1/lib/plugins/aether-connector-wagon-1.13.1.jar
7fd85c2e7000-7fd85c2e9000 r--s 0000a000 08:01 3420732                    /home/jj/software/android-studio/gradle/gradle-2.14.1/lib/plugins/plexus-classworlds-2.4.jar
7fd85c2e9000-7fd85c2eb000 r--s 00006000 08:01 3420996                    /home/jj/software/android-studio/gradle/gradle-2.14.1/lib/plugins/maven-repository-metadata-3.0.4.jar
7fd85c2eb000-7fd85c2ed000 r--s 0000c000 08:01 3420972                    /home/jj/software/android-studio/gradle/gradle-2.14.1/lib/plugins/maven-aether-provider-3.0.4.jar
7fd85c2ed000-7fd85c2ef000 r--s 0000b000 08:01 3420741                    /home/jj/software/android-studio/gradle/gradle-2.14.1/lib/plugins/wagon-provider-api-2.4.jar
7fd85c2ef000-7fd85c2f3000 r--s 0001c000 08:01 3421026                    /home/jj/software/android-studio/gradle/gradle-2.14.1/lib/plugins/aether-util-1.13.1.jar
7fd85c2f3000-7fd85c2f6000 r--s 0001d000 08:01 3420990                    /home/jj/software/android-studio/gradle/gradle-2.14.1/lib/plugins/aether-impl-1.13.1.jar
7fd85c2f6000-7fd85c2fb000 r--s 00040000 08:01 3420708                    /home/jj/software/android-studio/gradle/gradle-2.14.1/lib/plugins/jsch-0.1.53.jar
7fd85c2fb000-7fd85c33b000 r--s 00277000 08:01 3420712                    /home/jj/software/android-studio/gradle/gradle-2.14.1/lib/plugins/bcprov-jdk15on-1.51.jar
7fd85c33b000-7fd85c33f000 r--s 0001d000 08:01 3420975                    /home/jj/software/android-studio/gradle/gradle-2.14.1/lib/plugins/xbean-reflect-3.4.jar
7fd85c33f000-7fd85c34b000 r--s 0007d000 08:01 3420999                    /home/jj/software/android-studio/gradle/gradle-2.14.1/lib/plugins/maven-core-3.0.4.jar
7fd85c34b000-7fd85c350000 r--s 0002a000 08:01 3420748                    /home/jj/software/android-studio/gradle/gradle-2.14.1/lib/plugins/gson-2.2.4.jar
7fd85c350000-7fd85c366000 r-xp 00000000 08:01 4592188                    /lib/x86_64-linux-gnu/libgcc_s.so.1
7fd85c366000-7fd85c565000 ---p 00016000 08:01 4592188                    /lib/x86_64-linux-gnu/libgcc_s.so.1
7fd85c565000-7fd85c566000 r--p 00015000 08:01 4592188                    /lib/x86_64-linux-gnu/libgcc_s.so.1
7fd85c566000-7fd85c567000 rw-p 00016000 08:01 4592188                    /lib/x86_64-linux-gnu/libgcc_s.so.1
7fd85c567000-7fd85c6da000 r-xp 00000000 08:01 4204610                    /usr/lib/x86_64-linux-gnu/libstdc++.so.6.0.21
7fd85c6da000-7fd85c8d9000 ---p 00173000 08:01 4204610                    /usr/lib/x86_64-linux-gnu/libstdc++.so.6.0.21
7fd85c8d9000-7fd85c8e3000 r--p 00172000 08:01 4204610                    /usr/lib/x86_64-linux-gnu/libstdc++.so.6.0.21
7fd85c8e3000-7fd85c8e5000 rw-p 0017c000 08:01 4204610                    /usr/lib/x86_64-linux-gnu/libstdc++.so.6.0.21
7fd85c8e5000-7fd85c8e9000 rw-p 00000000 00:00 0 
7fd85c8e9000-7fd85c8ed000 r-xp 00000000 08:01 3806264                    /home/jj/.gradle/native/19/linux-amd64/libnative-platform.so
7fd85c8ed000-7fd85caec000 ---p 00004000 08:01 3806264                    /home/jj/.gradle/native/19/linux-amd64/libnative-platform.so
7fd85caec000-7fd85caed000 rw-p 00003000 08:01 3806264                    /home/jj/.gradle/native/19/linux-amd64/libnative-platform.so
7fd85caed000-7fd85cafe000 r-xp 00000000 08:01 3420138                    /home/jj/software/android-studio/jre/jre/lib/amd64/libnio.so
7fd85cafe000-7fd85ccfd000 ---p 00011000 08:01 3420138                    /home/jj/software/android-studio/jre/jre/lib/amd64/libnio.so
7fd85ccfd000-7fd85ccfe000 r--p 00010000 08:01 3420138                    /home/jj/software/android-studio/jre/jre/lib/amd64/libnio.so
7fd85ccfe000-7fd85ccff000 rw-p 00011000 08:01 3420138                    /home/jj/software/android-studio/jre/jre/lib/amd64/libnio.so
7fd85ccff000-7fd85d000000 rw-p 00000000 00:00 0 
7fd85d000000-7fd85f230000 rwxp 00000000 00:00 0 
7fd85f230000-7fd86c000000 ---p 00000000 00:00 0 
7fd86c000000-7fd86cc3b000 rw-p 00000000 00:00 0 
7fd86cc3b000-7fd870000000 ---p 00000000 00:00 0 
7fd870000000-7fd870001000 r--s 00003000 08:01 3420706                    /home/jj/software/android-studio/gradle/gradle-2.14.1/lib/plugins/aether-spi-1.13.1.jar
7fd870001000-7fd870002000 r--s 00006000 08:01 3420997                    /home/jj/software/android-studio/gradle/gradle-2.14.1/lib/plugins/plexus-sec-dispatcher-1.3.jar
7fd870002000-7fd870011000 r--s 000d9000 08:01 3420729                    /home/jj/software/android-studio/gradle/gradle-2.14.1/lib/plugins/ivy-2.2.0.jar
7fd870011000-7fd87002d000 r--s 000d3000 08:01 3420974                    /home/jj/software/android-studio/gradle/gradle-2.14.1/lib/plugins/gradle-dependency-management-2.14.1.jar
7fd87002d000-7fd870044000 r-xp 00000000 08:01 3420136                    /home/jj/software/android-studio/jre/jre/lib/amd64/libnet.so
7fd870044000-7fd870243000 ---p 00017000 08:01 3420136                    /home/jj/software/android-studio/jre/jre/lib/amd64/libnet.so
7fd870243000-7fd870244000 r--p 00016000 08:01 3420136                    /home/jj/software/android-studio/jre/jre/lib/amd64/libnet.so
7fd870244000-7fd870245000 rw-p 00017000 08:01 3420136                    /home/jj/software/android-studio/jre/jre/lib/amd64/libnet.so
7fd870245000-7fd870247000 r--s 00005000 08:01 3420670                    /home/jj/software/android-studio/gradle/gradle-2.14.1/lib/gradle-wrapper-2.14.1.jar
7fd870247000-7fd870255000 r--s 0004f000 08:01 3420653                    /home/jj/software/android-studio/gradle/gradle-2.14.1/lib/gradle-tooling-api-2.14.1.jar
7fd870255000-7fd870257000 r--s 00002000 08:01 3420658                    /home/jj/software/android-studio/gradle/gradle-2.14.1/lib/gradle-open-api-2.14.1.jar
7fd870257000-7fd87025d000 r--s 00032000 08:01 3420693                    /home/jj/software/android-studio/gradle/gradle-2.14.1/lib/jaxen-1.1.jar
7fd87025d000-7fd870262000 r--s 00048000 08:01 3420657                    /home/jj/software/android-studio/gradle/gradle-2.14.1/lib/dom4j-1.6.1.jar
7fd870262000-7fd87026d000 r--s 00059000 08:01 3420687                    /home/jj/software/android-studio/gradle/gradle-2.14.1/lib/gradle-ui-2.14.1.jar
7fd87026d000-7fd870270000 r--s 0000b000 08:01 3421039                    /home/jj/software/android-studio/gradle/gradle-2.14.1/lib/gradle-resources-2.14.1.jar
7fd870270000-7fd870272000 r--s 00003000 08:01 3420696                    /home/jj/software/android-studio/gradle/gradle-2.14.1/lib/jcl-over-slf4j-1.7.10.jar
7fd870272000-7fd870273000 r--s 00005000 08:01 3420690                    /home/jj/software/android-studio/gradle/gradle-2.14.1/lib/log4j-over-slf4j-1.7.10.jar
7fd870273000-7fd870275000 r--s 00000000 08:01 3421040                    /home/jj/software/android-studio/gradle/gradle-2.14.1/lib/jul-to-slf4j-1.7.10.jar
7fd870275000-7fd87027a000 r--s 0001c000 08:01 3420667                    /home/jj/software/android-studio/gradle/gradle-2.14.1/lib/gradle-logging-2.14.1.jar
7fd87027a000-7fd87027c000 r--s 00007000 08:01 3420699                    /home/jj/software/android-studio/gradle/gradle-2.14.1/lib/objenesis-1.2.jar
7fd87027c000-7fd87027e000 r--s 00000000 08:01 3420662                    /home/jj/software/android-studio/gradle/gradle-2.14.1/lib/minlog-1.2.jar
7fd87027e000-7fd870280000 r--s 0000f000 08:01 3420674                    /home/jj/software/android-studio/gradle/gradle-2.14.1/lib/reflectasm-1.07-shaded.jar
7fd870280000-7fd870284000 r--s 00026000 08:01 3420688                    /home/jj/software/android-studio/gradle/gradle-2.14.1/lib/kryo-2.20.jar
7fd870284000-7fd87028a000 r--s 00025000 08:01 3420655                    /home/jj/software/android-studio/gradle/gradle-2.14.1/lib/gradle-messaging-2.14.1.jar
7fd87028a000-7fd87028b000 r--s 00003000 08:01 3420695                    /home/jj/software/android-studio/gradle/gradle-2.14.1/lib/native-platform-freebsd-amd64-0.10.jar
7fd87028b000-7fd87028c000 r--s 00003000 08:01 3420677                    /home/jj/software/android-studio/gradle/gradle-2.14.1/lib/native-platform-freebsd-i386-0.10.jar
7fd87028c000-7fd87028d000 r--s 00005000 08:01 3420664                    /home/jj/software/android-studio/gradle/gradle-2.14.1/lib/native-platform-windows-i386-0.10.jar
7fd87028d000-7fd87028e000 r--s 00005000 08:01 3420663                    /home/jj/software/android-studio/gradle/gradle-2.14.1/lib/native-platform-windows-amd64-0.10.jar
7fd87028e000-7fd87028f000 r--s 00003000 08:01 3420678                    /home/jj/software/android-studio/gradle/gradle-2.14.1/lib/native-platform-linux-i386-0.10.jar
7fd87028f000-7fd870290000 r--s 00003000 08:01 3420661                    /home/jj/software/android-studio/gradle/gradle-2.14.1/lib/native-platform-linux-amd64-0.10.jar
7fd870290000-7fd870291000 r--s 00002000 08:01 3420660                    /home/jj/software/android-studio/gradle/gradle-2.14.1/lib/native-platform-osx-amd64-0.10.jar
7fd870291000-7fd870292000 r--s 00002000 08:01 3420691                    /home/jj/software/android-studio/gradle/gradle-2.14.1/lib/native-platform-osx-i386-0.10.jar
7fd870292000-7fd870294000 r--s 00008000 08:01 3420692                    /home/jj/software/android-studio/gradle/gradle-2.14.1/lib/jansi-1.2.1.jar
7fd870294000-7fd870297000 r--s 0000d000 08:01 3420686                    /home/jj/software/android-studio/gradle/gradle-2.14.1/lib/native-platform-0.10.jar
7fd870297000-7fd87029b000 r--s 000e4000 08:01 3420685                    /home/jj/software/android-studio/gradle/gradle-2.14.1/lib/jna-3.2.7.jar
7fd87029b000-7fd87029d000 r--s 00009000 08:01 3420697                    /home/jj/software/android-studio/gradle/gradle-2.14.1/lib/gradle-native-2.14.1.jar
7fd87029d000-7fd87029f000 r--s 00005000 08:01 3420698                    /home/jj/software/android-studio/gradle/gradle-2.14.1/lib/gradle-cli-2.14.1.jar
7fd87029f000-7fd8702a1000 r--s 00007000 08:01 3420666                    /home/jj/software/android-studio/gradle/gradle-2.14.1/lib/gradle-model-groovy-2.14.1.jar
7fd8702a1000-7fd8702a2000 r--s 00006000 08:01 3420682                    /home/jj/software/android-studio/gradle/gradle-2.14.1/lib/gradle-base-services-groovy-2.14.1.jar
7fd8702a2000-7fd8702b1000 r--s 00080000 08:01 3420683                    /home/jj/software/android-studio/gradle/gradle-2.14.1/lib/gradle-model-core-2.14.1.jar
7fd8702b1000-7fd8702b2000 r--s 00002000 08:01 3420675                    /home/jj/software/android-studio/gradle/gradle-2.14.1/lib/gradle-docs-2.14.1.jar
7fd8702b2000-7fd8702b6000 r--s 00027000 08:01 3420689                    /home/jj/software/android-studio/gradle/gradle-2.14.1/lib/commons-io-2.2.jar
7fd8702b6000-7fd8702c3000 r--s 00083000 08:01 3421041                    /home/jj/software/android-studio/gradle/gradle-2.14.1/lib/commons-collections-3.2.2.jar
7fd8702c3000-7fd8702c8000 r--s 00038000 08:01 3420679                    /home/jj/software/android-studio/gradle/gradle-2.14.1/lib/asm-all-5.1.jar
7fd8702c8000-7fd870337000 r--s 0063e000 08:01 3421043                    /home/jj/software/android-studio/gradle/gradle-2.14.1/lib/groovy-all-2.4.4.jar
7fd870337000-7fd87035f000 r--s 001cf000 08:01 3420671                    /home/jj/software/android-studio/gradle/gradle-2.14.1/lib/guava-jdk5-17.0.jar
7fd87035f000-7fd87037e000 r--s 001d1000 08:01 3420668                    /home/jj/software/android-studio/gradle/gradle-2.14.1/lib/ant-1.9.6.jar
7fd87037e000-7fd8703b5000 r--s 001bd000 08:01 3420672                    /home/jj/software/android-studio/gradle/gradle-2.14.1/lib/gradle-core-2.14.1.jar
7fd8703b5000-7fd8703b6000 ---p 00000000 00:00 0 
7fd8703b6000-7fd8704b6000 rw-p 00000000 00:00 0 
7fd8704b6000-7fd8704b9000 ---p 00000000 00:00 0 
7fd8704b9000-7fd8705b7000 rw-p 00000000 00:00 0 
7fd8705b7000-7fd8705ba000 ---p 00000000 00:00 0 
7fd8705ba000-7fd8706b8000 rw-p 00000000 00:00 0 
7fd8706b8000-7fd8706bb000 ---p 00000000 00:00 0 
7fd8706bb000-7fd8707b9000 rw-p 00000000 00:00 0 
7fd8707b9000-7fd8707bc000 ---p 00000000 00:00 0 
7fd8707bc000-7fd8708ba000 rw-p 00000000 00:00 0 
7fd8708ba000-7fd870f9c000 r--p 00000000 08:01 4202292                    /usr/lib/locale/locale-archive
7fd870f9c000-7fd870f9f000 ---p 00000000 00:00 0 
7fd870f9f000-7fd87109d000 rw-p 00000000 00:00 0 
7fd87109d000-7fd8710a0000 ---p 00000000 00:00 0 
7fd8710a0000-7fd87119e000 rw-p 00000000 00:00 0 
7fd87119e000-7fd87119f000 ---p 00000000 00:00 0 
7fd87119f000-7fd87129f000 rw-p 00000000 00:00 0 
7fd87129f000-7fd87146c000 r--s 03bec000 08:01 3420105                    /home/jj/software/android-studio/jre/jre/lib/rt.jar
7fd87146c000-7fd871dd4000 rw-p 00000000 00:00 0 
7fd871dd4000-7fd871ee3000 ---p 00000000 00:00 0 
7fd871ee3000-7fd871f5c000 rw-p 00000000 00:00 0 
7fd871f5c000-7fd871fe3000 ---p 00000000 00:00 0 
7fd871fe3000-7fd8720d5000 rw-p 00000000 00:00 0 
7fd8720d5000-7fd8721e3000 ---p 00000000 00:00 0 
7fd8721e3000-7fd87226d000 rw-p 00000000 00:00 0 
7fd87226d000-7fd8725a4000 ---p 00000000 00:00 0 
7fd8725a4000-7fd8725be000 r-xp 00000000 08:01 3420133                    /home/jj/software/android-studio/jre/jre/lib/amd64/libzip.so
7fd8725be000-7fd8727be000 ---p 0001a000 08:01 3420133                    /home/jj/software/android-studio/jre/jre/lib/amd64/libzip.so
7fd8727be000-7fd8727bf000 r--p 0001a000 08:01 3420133                    /home/jj/software/android-studio/jre/jre/lib/amd64/libzip.so
7fd8727bf000-7fd8727c0000 rw-p 0001b000 08:01 3420133                    /home/jj/software/android-studio/jre/jre/lib/amd64/libzip.so
7fd8727c0000-7fd8727ca000 r-xp 00000000 08:01 4592195                    /lib/x86_64-linux-gnu/libnss_files-2.21.so
7fd8727ca000-7fd8729ca000 ---p 0000a000 08:01 4592195                    /lib/x86_64-linux-gnu/libnss_files-2.21.so
7fd8729ca000-7fd8729cb000 r--p 0000a000 08:01 4592195                    /lib/x86_64-linux-gnu/libnss_files-2.21.so
7fd8729cb000-7fd8729cc000 rw-p 0000b000 08:01 4592195                    /lib/x86_64-linux-gnu/libnss_files-2.21.so
7fd8729cc000-7fd8729d7000 r-xp 00000000 08:01 4593177                    /lib/x86_64-linux-gnu/libnss_nis-2.21.so
7fd8729d7000-7fd872bd6000 ---p 0000b000 08:01 4593177                    /lib/x86_64-linux-gnu/libnss_nis-2.21.so
7fd872bd6000-7fd872bd7000 r--p 0000a000 08:01 4593177                    /lib/x86_64-linux-gnu/libnss_nis-2.21.so
7fd872bd7000-7fd872bd8000 rw-p 0000b000 08:01 4593177                    /lib/x86_64-linux-gnu/libnss_nis-2.21.so
7fd872bd8000-7fd872bef000 r-xp 00000000 08:01 4596634                    /lib/x86_64-linux-gnu/libnsl-2.21.so
7fd872bef000-7fd872dee000 ---p 00017000 08:01 4596634                    /lib/x86_64-linux-gnu/libnsl-2.21.so
7fd872dee000-7fd872def000 r--p 00016000 08:01 4596634                    /lib/x86_64-linux-gnu/libnsl-2.21.so
7fd872def000-7fd872df0000 rw-p 00017000 08:01 4596634                    /lib/x86_64-linux-gnu/libnsl-2.21.so
7fd872df0000-7fd872df2000 rw-p 00000000 00:00 0 
7fd872df2000-7fd872dfa000 r-xp 00000000 08:01 4592212                    /lib/x86_64-linux-gnu/libnss_compat-2.21.so
7fd872dfa000-7fd872ff9000 ---p 00008000 08:01 4592212                    /lib/x86_64-linux-gnu/libnss_compat-2.21.so
7fd872ff9000-7fd872ffa000 r--p 00007000 08:01 4592212                    /lib/x86_64-linux-gnu/libnss_compat-2.21.so
7fd872ffa000-7fd872ffb000 rw-p 00008000 08:01 4592212                    /lib/x86_64-linux-gnu/libnss_compat-2.21.so
7fd872ffb000-7fd873028000 r-xp 00000000 08:01 3420143                    /home/jj/software/android-studio/jre/jre/lib/amd64/libjava.so
7fd873028000-7fd873227000 ---p 0002d000 08:01 3420143                    /home/jj/software/android-studio/jre/jre/lib/amd64/libjava.so
7fd873227000-7fd873228000 r--p 0002c000 08:01 3420143                    /home/jj/software/android-studio/jre/jre/lib/amd64/libjava.so
7fd873228000-7fd87322a000 rw-p 0002d000 08:01 3420143                    /home/jj/software/android-studio/jre/jre/lib/amd64/libjava.so
7fd87322a000-7fd87323a000 r-xp 00000000 08:01 3420172                    /home/jj/software/android-studio/jre/jre/lib/amd64/libverify.so
7fd87323a000-7fd873439000 ---p 00010000 08:01 3420172                    /home/jj/software/android-studio/jre/jre/lib/amd64/libverify.so
7fd873439000-7fd87343b000 r--p 0000f000 08:01 3420172                    /home/jj/software/android-studio/jre/jre/lib/amd64/libverify.so
7fd87343b000-7fd87343c000 rw-p 00011000 08:01 3420172                    /home/jj/software/android-studio/jre/jre/lib/amd64/libverify.so
7fd87343c000-7fd873443000 r-xp 00000000 08:01 4592196                    /lib/x86_64-linux-gnu/librt-2.21.so
7fd873443000-7fd873642000 ---p 00007000 08:01 4592196                    /lib/x86_64-linux-gnu/librt-2.21.so
7fd873642000-7fd873643000 r--p 00006000 08:01 4592196                    /lib/x86_64-linux-gnu/librt-2.21.so
7fd873643000-7fd873644000 rw-p 00007000 08:01 4592196                    /lib/x86_64-linux-gnu/librt-2.21.so
7fd873644000-7fd87374b000 r-xp 00000000 08:01 4592266                    /lib/x86_64-linux-gnu/libm-2.21.so
7fd87374b000-7fd87394a000 ---p 00107000 08:01 4592266                    /lib/x86_64-linux-gnu/libm-2.21.so
7fd87394a000-7fd87394b000 r--p 00106000 08:01 4592266                    /lib/x86_64-linux-gnu/libm-2.21.so
7fd87394b000-7fd87394c000 rw-p 00107000 08:01 4592266                    /lib/x86_64-linux-gnu/libm-2.21.so
7fd87394c000-7fd874532000 r-xp 00000000 08:01 3420176                    /home/jj/software/android-studio/jre/jre/lib/amd64/server/libjvm.so
7fd874532000-7fd874732000 ---p 00be6000 08:01 3420176                    /home/jj/software/android-studio/jre/jre/lib/amd64/server/libjvm.so
7fd874732000-7fd8747d1000 r--p 00be6000 08:01 3420176                    /home/jj/software/android-studio/jre/jre/lib/amd64/server/libjvm.so
7fd8747d1000-7fd8747fa000 rw-p 00c85000 08:01 3420176                    /home/jj/software/android-studio/jre/jre/lib/amd64/server/libjvm.so
7fd8747fa000-7fd87483c000 rw-p 00000000 00:00 0 
7fd87483c000-7fd874854000 r-xp 00000000 08:01 4592267                    /lib/x86_64-linux-gnu/libpthread-2.21.so
7fd874854000-7fd874a54000 ---p 00018000 08:01 4592267                    /lib/x86_64-linux-gnu/libpthread-2.21.so
7fd874a54000-7fd874a55000 r--p 00018000 08:01 4592267                    /lib/x86_64-linux-gnu/libpthread-2.21.so
7fd874a55000-7fd874a56000 rw-p 00019000 08:01 4592267                    /lib/x86_64-linux-gnu/libpthread-2.21.so
7fd874a56000-7fd874a5a000 rw-p 00000000 00:00 0 
7fd874a5a000-7fd874a5d000 r-xp 00000000 08:01 4593019                    /lib/x86_64-linux-gnu/libdl-2.21.so
7fd874a5d000-7fd874c5c000 ---p 00003000 08:01 4593019                    /lib/x86_64-linux-gnu/libdl-2.21.so
7fd874c5c000-7fd874c5d000 r--p 00002000 08:01 4593019                    /lib/x86_64-linux-gnu/libdl-2.21.so
7fd874c5d000-7fd874c5e000 rw-p 00003000 08:01 4593019                    /lib/x86_64-linux-gnu/libdl-2.21.so
7fd874c5e000-7fd874e1e000 r-xp 00000000 08:01 4596637                    /lib/x86_64-linux-gnu/libc-2.21.so
7fd874e1e000-7fd87501e000 ---p 001c0000 08:01 4596637                    /lib/x86_64-linux-gnu/libc-2.21.so
7fd87501e000-7fd875022000 r--p 001c0000 08:01 4596637                    /lib/x86_64-linux-gnu/libc-2.21.so
7fd875022000-7fd875024000 rw-p 001c4000 08:01 4596637                    /lib/x86_64-linux-gnu/libc-2.21.so
7fd875024000-7fd875028000 rw-p 00000000 00:00 0 
7fd875028000-7fd87503e000 r-xp 00000000 08:01 3420022                    /home/jj/software/android-studio/jre/lib/amd64/jli/libjli.so
7fd87503e000-7fd87523d000 ---p 00016000 08:01 3420022                    /home/jj/software/android-studio/jre/lib/amd64/jli/libjli.so
7fd87523d000-7fd87523e000 r--p 00015000 08:01 3420022                    /home/jj/software/android-studio/jre/lib/amd64/jli/libjli.so
7fd87523e000-7fd87523f000 rw-p 00016000 08:01 3420022                    /home/jj/software/android-studio/jre/lib/amd64/jli/libjli.so
7fd87523f000-7fd875263000 r-xp 00000000 08:01 4596635                    /lib/x86_64-linux-gnu/ld-2.21.so
7fd875263000-7fd875264000 r--s 00000000 08:01 3421042                    /home/jj/software/android-studio/gradle/gradle-2.14.1/lib/javax.inject-1.jar
7fd875264000-7fd875265000 r--s 00000000 08:01 3420673                    /home/jj/software/android-studio/gradle/gradle-2.14.1/lib/jcip-annotations-1.0.jar
7fd875265000-7fd875266000 r--s 00001000 08:01 3420694                    /home/jj/software/android-studio/gradle/gradle-2.14.1/lib/gradle-process-services-2.14.1.jar
7fd875266000-7fd875267000 r--s 00000000 08:01 3420654                    /home/jj/software/android-studio/gradle/gradle-2.14.1/lib/gradle-jvm-services-2.14.1.jar
7fd875267000-7fd87526c000 r--s 00041000 08:01 3420681                    /home/jj/software/android-studio/gradle/gradle-2.14.1/lib/commons-lang-2.6.jar
7fd87526c000-7fd875274000 r--s 0003a000 08:01 3420680                    /home/jj/software/android-studio/gradle/gradle-2.14.1/lib/gradle-base-services-2.14.1.jar
7fd875274000-7fd875344000 rw-p 00000000 00:00 0 
7fd875344000-7fd875347000 ---p 00000000 00:00 0 
7fd875347000-7fd875449000 rw-p 00000000 00:00 0 
7fd875449000-7fd87544a000 r--s 00007000 08:01 3420665                    /home/jj/software/android-studio/gradle/gradle-2.14.1/lib/slf4j-api-1.7.10.jar
7fd87544a000-7fd87544b000 r--s 00004000 08:01 3420684                    /home/jj/software/android-studio/gradle/gradle-2.14.1/lib/ant-launcher-1.9.6.jar
7fd87544b000-7fd875456000 r--s 00051000 08:01 3420676                    /home/jj/software/android-studio/gradle/gradle-2.14.1/lib/gradle-launcher-2.14.1.jar
7fd875456000-7fd87545e000 rw-s 00000000 08:01 2237253                    /tmp/hsperfdata_jj/17064
7fd87545e000-7fd87545f000 rw-p 00000000 00:00 0 
7fd87545f000-7fd875460000 r--p 00000000 00:00 0 
7fd875460000-7fd875462000 rw-p 00000000 00:00 0 
7fd875462000-7fd875463000 r--p 00023000 08:01 4596635                    /lib/x86_64-linux-gnu/ld-2.21.so
7fd875463000-7fd875464000 rw-p 00024000 08:01 4596635                    /lib/x86_64-linux-gnu/ld-2.21.so
7fd875464000-7fd875465000 rw-p 00000000 00:00 0 
7ffd7735b000-7ffd7737c000 rw-p 00000000 00:00 0                          [stack]
7ffd773a6000-7ffd773a8000 r--p 00000000 00:00 0                          [vvar]
7ffd773a8000-7ffd773aa000 r-xp 00000000 00:00 0                          [vdso]
ffffffffff600000-ffffffffff601000 r-xp 00000000 00:00 0                  [vsyscall]

VM Arguments:
jvm_args: -Xmx1536m -Dfile.encoding=UTF-8 -Duser.country=US -Duser.language=en -Duser.variant 
java_command: org.gradle.launcher.daemon.bootstrap.GradleDaemon 2.14.1
java_class_path (initial): /home/jj/software/android-studio/gradle/gradle-2.14.1/lib/gradle-launcher-2.14.1.jar
Launcher Type: SUN_STANDARD

Environment Variables:
PATH=/home/jj/bin:/usr/local/sbin:/usr/local/bin:/usr/sbin:/usr/bin:/sbin:/bin:/usr/games:/usr/local/games
LD_LIBRARY_PATH=.:
SHELL=/bin/bash
DISPLAY=:0

Signal Handlers:
SIGSEGV: [libjvm.so+0x9daac0], sa_mask[0]=11111111011111111101111111111110, sa_flags=SA_RESTART|SA_SIGINFO
SIGBUS: [libjvm.so+0x9daac0], sa_mask[0]=11111111011111111101111111111110, sa_flags=SA_RESTART|SA_SIGINFO
SIGFPE: [libjvm.so+0x840d90], sa_mask[0]=11111111011111111101111111111110, sa_flags=SA_RESTART|SA_SIGINFO
SIGPIPE: [libjvm.so+0x840d90], sa_mask[0]=11111111011111111101111111111110, sa_flags=SA_RESTART|SA_SIGINFO
SIGXFSZ: [libjvm.so+0x840d90], sa_mask[0]=11111111011111111101111111111110, sa_flags=SA_RESTART|SA_SIGINFO
SIGILL: [libjvm.so+0x840d90], sa_mask[0]=11111111011111111101111111111110, sa_flags=SA_RESTART|SA_SIGINFO
SIGUSR1: SIG_DFL, sa_mask[0]=00000000000000000000000000000000, sa_flags=none
SIGUSR2: [libjvm.so+0x840c60], sa_mask[0]=00100000000000000000000000000000, sa_flags=SA_RESTART|SA_SIGINFO
SIGHUP: [libjvm.so+0x840e50], sa_mask[0]=11111111011111111101111111111110, sa_flags=SA_RESTART|SA_SIGINFO
SIGINT: [libjvm.so+0x840e50], sa_mask[0]=11111111011111111101111111111110, sa_flags=SA_RESTART|SA_SIGINFO
SIGTERM: [libjvm.so+0x840e50], sa_mask[0]=11111111011111111101111111111110, sa_flags=SA_RESTART|SA_SIGINFO
SIGQUIT: [libjvm.so+0x840e50], sa_mask[0]=11111111011111111101111111111110, sa_flags=SA_RESTART|SA_SIGINFO


---------------  S Y S T E M  ---------------

OS:DISTRIB_ID=Ubuntu
DISTRIB_RELEASE=15.10
DISTRIB_CODENAME=wily
DISTRIB_DESCRIPTION="Ubuntu 15.10"

uname:Linux 4.2.0-42-generic #49-Ubuntu SMP Tue Jun 28 21:26:26 UTC 2016 x86_64
libc:glibc 2.21 NPTL 2.21 
rlimit: STACK 8192k, CORE 0k, NPROC 128302, NOFILE 65536, AS infinity
load average:4.18 2.98 2.18

/proc/meminfo:
MemTotal:       32947904 kB
MemFree:        25311464 kB
MemAvailable:   27357132 kB
Buffers:          270912 kB
Cached:          1955324 kB
SwapCached:            0 kB
Active:          6197580 kB
Inactive:         886060 kB
Active(anon):    4858748 kB
Inactive(anon):   101212 kB
Active(file):    1338832 kB
Inactive(file):   784848 kB
Unevictable:          64 kB
Mlocked:              64 kB
SwapTotal:      33551356 kB
SwapFree:       33551356 kB
Dirty:             26032 kB
Writeback:             0 kB
AnonPages:       4857548 kB
Mapped:           454188 kB
Shmem:            102452 kB
Slab:             217292 kB
SReclaimable:     175404 kB
SUnreclaim:        41888 kB
KernelStack:       13568 kB
PageTables:        59696 kB
NFS_Unstable:          0 kB
Bounce:                0 kB
WritebackTmp:          0 kB
CommitLimit:    50025308 kB
Committed_AS:   11693828 kB
VmallocTotal:   34359738367 kB
VmallocUsed:      361436 kB
VmallocChunk:   34358947836 kB
HardwareCorrupted:     0 kB
AnonHugePages:   2678784 kB
CmaTotal:              0 kB
CmaFree:               0 kB
HugePages_Total:       0
HugePages_Free:        0
HugePages_Rsvd:        0
HugePages_Surp:        0
Hugepagesize:       2048 kB
DirectMap4k:      339520 kB
DirectMap2M:    10145792 kB
DirectMap1G:    23068672 kB


CPU:total 1 (1 cores per cpu, 1 threads per core) family 16 model 6 stepping 3, cmov, cx8, fxsr, mmx, sse, sse2, sse3, popcnt, mmxext, 3dnowpref, lzcnt, sse4a, tsc, tscinvbit, tscinv

/proc/cpuinfo:
processor	: 0
vendor_id	: AuthenticAMD
cpu family	: 16
model		: 6
model name	: AMD Sempron(tm) 145 Processor
stepping	: 3
microcode	: 0x10000c8
cpu MHz		: 2800.000
cache size	: 1024 KB
physical id	: 0
siblings	: 1
core id		: 0
cpu cores	: 1
apicid		: 0
initial apicid	: 0
fpu		: yes
fpu_exception	: yes
cpuid level	: 5
wp		: yes
flags		: fpu vme de pse tsc msr pae mce cx8 apic sep mtrr pge mca cmov pat pse36 clflush mmx fxsr sse sse2 syscall nx mmxext fxsr_opt pdpe1gb rdtscp lm 3dnowext 3dnow constant_tsc rep_good nopl nonstop_tsc extd_apicid pni monitor cx16 popcnt lahf_lm svm extapic cr8_legacy abm sse4a misalignsse 3dnowprefetch osvw ibs skinit wdt hw_pstate npt lbrv svm_lock nrip_save vmmcall
bugs		: tlb_mmatch fxsave_leak sysret_ss_attrs
bogomips	: 6720.97
TLB size	: 1024 4K pages
clflush size	: 64
cache_alignment	: 64
address sizes	: 48 bits physical, 48 bits virtual
power management: ts ttp tm stc 100mhzsteps hwpstate



Memory: 4k page, physical 32947904k(25311464k free), swap 33551356k(33551356k free)

vm_info: OpenJDK 64-Bit Server VM (25.76-b03) for linux-amd64 JRE (1.8.0_76-release-b03), built on Jun 29 2016 09:39:19 by "builder" with gcc 4.8.4

time: Tue Oct 11 23:22:57 2016
elapsed time: 130 seconds (0d 0h 2m 10s)

