#
# A fatal error has been detected by the Java Runtime Environment:
#
#  SIGSEGV (0xb) at pc=0x00007efe25bcffcf, pid=17627, tid=0x00007efe01056700
#
# JRE version: OpenJDK Runtime Environment (8.0_76-b03) (build 1.8.0_76-release-b03)
# Java VM: OpenJDK 64-Bit Server VM (25.76-b03 mixed mode linux-amd64 compressed oops)
# Problematic frame:
# J 11822 C1 com.android.dx.util.FixedSizeList.size()I (6 bytes) @ 0x00007efe25bcffcf [0x00007efe25bcffa0+0x2f]
#
# Failed to write core dump. Core dumps have been disabled. To enable core dumping, try "ulimit -c unlimited" before starting Java again
#
# If you would like to submit a bug report, please visit:
#   http://bugreport.java.com/bugreport/crash.jsp
#

---------------  T H R E A D  ---------------

Current thread (0x00007efe0499c800):  JavaThread "pool-14-thread-4" [_thread_in_Java, id=19275, stack(0x00007efe00f56000,0x00007efe01057000)]

siginfo: si_signo: 11 (SIGSEGV), si_code: 1 (SEGV_MAPERR), si_addr: 0x000000004c04520c

Registers:
RAX=0x000000004c045200, RBX=0x00007efe006678c8, RCX=0x0000000000000001, RDX=0x00000000a8ef2dc8
RSP=0x00007efe01055220, RBP=0x00000000c41b9740, RSI=0x00000000cbff8910, RDI=0x00000000cbff8910
R8 =0x00000000a8e352a8, R9 =0x00000000a8ef2d30, R10=0x000000010083e930, R11=0x0000000000000240
R12=0x0000000000000000, R13=0x00000000c41b9728, R14=0x00007efe01055498, R15=0x00007efe0499c800
RIP=0x00007efe25bcffcf, EFLAGS=0x0000000000010202, CSGSFS=0x0000000000000033, ERR=0x0000000000000004
  TRAPNO=0x000000000000000e

Top of Stack: (sp=0x00007efe01055220)
0x00007efe01055220:   00007efe01055250 00000000cd13d0a0
0x00007efe01055230:   00000000a8ef4000 00007efe2621cf95
0x00007efe01055240:   0000000100000001 00000000c8399370
0x00007efe01055250:   00000000c41b9740 00007efe2621cd6b
0x00007efe01055260:   00000000a8f138d8 00007efe26fbec8c
0x00007efe01055270:   00000000c400d6a0 0000000000000000
0x00007efe01055280:   00000000a8fcdc90 00007efe26d575e0
0x00007efe01055290:   00000000cbff8910 00000000c2014bc8
0x00007efe010552a0:   00000000a8fd0468 00007efe26dbc910
0x00007efe010552b0:   00000000c41b9740 00007efe26d724a0
0x00007efe010552c0:   00007efe010555b0 00007efe26d7127b
0x00007efe010552d0:   0000000000000000 00007efe26455c64
0x00007efe010552e0:   00000000a8fd0468 00007efe26d575e0
0x00007efe010552f0:   00000000c41b9740 00007efe256704f8
0x00007efe01055300:   00000000a8fd4a18 00000000a8ef2dc8
0x00007efe01055310:   00000000a8fc9858 00000000a8ef91d0
0x00007efe01055320:   00007efe010555b0 00007efe26d59197
0x00007efe01055330:   00007efe010555b0 00007efe26d56ecc
0x00007efe01055340:   ffffffffffffffff 00007efe00631400
0x00007efe01055350:   00000000a8e962a0 00007efe2443f000
0x00007efe01055360:   00000000a8e962a0 00000000c2014bc8
0x00007efe01055370:   00000000c4137cf8 00000000a8ef2d30
0x00007efe01055380:   00000000a8ef2dc8 00000000c4137c68
0x00007efe01055390:   0000000000000000 0000000000000001
0x00007efe010553a0:   00000000c4137c68 00000001008673b0
0x00007efe010553b0:   00007efe010555b0 00007efe2524e019
0x00007efe010553c0:   ffffffffffffffff 00007efe0040ed38
0x00007efe010553d0:   ffffffffffffffff 00007efe00639988
0x00007efe010553e0:   00007efe006400ec 00007efe01055428
0x00007efe010553f0:   00007efe00640680 0000000000000000
0x00007efe01055400:   00007efe01055470 00007efe2500798d
0x00007efe01055410:   00007efe01055470 00007efe250071a5 

Instructions: (pc=0x00007efe25bcffcf)
0x00007efe25bcffaf:   47 ff 0f 1f 84 00 00 00 00 00 0f 1f 80 00 00 00
0x00007efe25bcffbf:   00 89 84 24 00 c0 fe ff 55 48 83 ec 30 8b 46 10
0x00007efe25bcffcf:   8b 40 0c 48 83 c4 30 5d 85 05 23 b1 58 15 c3 e8
0x00007efe25bcffdf:   5d ca 49 ff 90 90 49 8b 87 90 02 00 00 49 ba 00 

Register to memory mapping:

RAX=0x000000004c045200 is an unknown value
RBX={method} {0x00007efe006678c8} 'size' '()I' in 'com/android/dx/util/FixedSizeList'
RCX=0x0000000000000001 is an unknown value
RDX=
[error occurred during error reporting (printing register info), id 0xb]

Stack: [0x00007efe00f56000,0x00007efe01057000],  sp=0x00007efe01055220,  free space=1020k
Native frames: (J=compiled Java code, j=interpreted, Vv=VM code, C=native code)
J 11822 C1 com.android.dx.util.FixedSizeList.size()I (6 bytes) @ 0x00007efe25bcffcf [0x00007efe25bcffa0+0x2f]
J 14527 C1 com.android.dx.rop.type.StdTypeList.hashContents(Lcom/android/dx/rop/type/TypeList;)I (40 bytes) @ 0x00007efe2621cd6b [0x00007efe2621cc80+0xeb]
J 12815 C1 com.android.dx.dex.file.TypeListItem.hashCode()I (8 bytes) @ 0x00007efe26d724a0 [0x00007efe26d72440+0x60]
J 1930 C2 java.util.HashMap.get(Ljava/lang/Object;)Ljava/lang/Object; (23 bytes) @ 0x00007efe256704f8 [0x00007efe25670300+0x1f8]
J 12777 C1 com.android.dx.dex.file.MixedItemSection.intern(Lcom/android/dx/dex/file/OffsettedItem;)Lcom/android/dx/dex/file/OffsettedItem; (39 bytes) @ 0x00007efe26d56ecc [0x00007efe26d56d80+0x14c]
J 13526 C1 com.android.dx.dex.file.ProtoIdItem.addContents(Lcom/android/dx/dex/file/DexFile;)V (61 bytes) @ 0x00007efe2524e019 [0x00007efe2524dec0+0x159]
J 14463 C1 com.android.dx.dex.file.UniformItemSection.prepare0()V (47 bytes) @ 0x00007efe2630ed88 [0x00007efe2630e860+0x528]
J 14408 C1 com.android.dx.dex.file.Section.prepare()V (14 bytes) @ 0x00007efe25371bdf [0x00007efe25371b60+0x7f]
j  com.android.dx.dex.file.DexFile.toDex0(ZZ)Lcom/android/dx/util/ByteArrayAnnotatedOutput;+46
j  com.android.dx.dex.file.DexFile.toDex(Ljava/io/Writer;Z)[B+13
j  com.android.dx.command.dexer.Main.writeDex(Lcom/android/dx/dex/file/DexFile;)[B+50
j  com.android.dx.command.dexer.Main.runMonoDex()I+117
j  com.android.dx.command.dexer.Main.run(Lcom/android/dx/command/dexer/Main$Arguments;)I+90
j  com.android.builder.internal.compiler.DexWrapper.run(Lcom/android/builder/core/DexProcessBuilder;Lcom/android/builder/core/DexOptions;Lcom/android/ide/common/process/ProcessOutputHandler;)Lcom/android/ide/common/process/ProcessResult;+48
j  com.android.builder.core.DexByteCodeConverter.lambda$dexInProcess$0(Lcom/android/builder/core/DexProcessBuilder;Lcom/android/builder/core/DexOptions;Lcom/android/ide/common/process/ProcessOutputHandler;Ljava/lang/String;)Ljava/lang/Object;+8
j  com.android.builder.core.DexByteCodeConverter$$Lambda$222.call()Ljava/lang/Object;+20
J 7396 C1 java.util.concurrent.FutureTask.run()V (126 bytes) @ 0x00007efe25318c46 [0x00007efe25318a00+0x246]
j  java.util.concurrent.ThreadPoolExecutor.runWorker(Ljava/util/concurrent/ThreadPoolExecutor$Worker;)V+95
j  java.util.concurrent.ThreadPoolExecutor$Worker.run()V+5
J 9611 C1 java.lang.Thread.run()V (17 bytes) @ 0x00007efe26812e7d [0x00007efe26812d40+0x13d]
v  ~StubRoutines::call_stub
V  [libjvm.so+0x6257fa]  JavaCalls::call_helper(JavaValue*, methodHandle*, JavaCallArguments*, Thread*)+0xeea
V  [libjvm.so+0x622ed4]  JavaCalls::call_virtual(JavaValue*, KlassHandle, Symbol*, Symbol*, JavaCallArguments*, Thread*)+0x2a4
V  [libjvm.so+0x6234ca]  JavaCalls::call_virtual(JavaValue*, Handle, KlassHandle, Symbol*, Symbol*, Thread*)+0x4a
V  [libjvm.so+0x663efe]  thread_entry(JavaThread*, Thread*)+0x8e
V  [libjvm.so+0x986ec0]  JavaThread::thread_main_inner()+0xf0
V  [libjvm.so+0x8425b2]  java_start(Thread*)+0xf2
C  [libpthread.so.0+0x76aa]  start_thread+0xca


---------------  P R O C E S S  ---------------

Java Threads: ( => current thread )
=>0x00007efe0499c800 JavaThread "pool-14-thread-4" [_thread_in_Java, id=19275, stack(0x00007efe00f56000,0x00007efe01057000)]
  0x00007efe04e6b800 JavaThread "pool-14-thread-3" [_thread_blocked, id=19269, stack(0x00007efe01708000,0x00007efe01809000)]
  0x00007efe050e9000 JavaThread "pool-14-thread-2" [_thread_blocked, id=19263, stack(0x00007efdfee53000,0x00007efdfef54000)]
  0x00007efe04388000 JavaThread "pool-14-thread-1" [_thread_blocked, id=19257, stack(0x00007efe001f4000,0x00007efe002f5000)]
  0x00007efe14dec000 JavaThread "pool-8-thread-1" [_thread_blocked, id=18340, stack(0x00007efe02aff000,0x00007efe02c00000)]
  0x00007efe1400d000 JavaThread "Asynchronous log dispatcher for org.gradle.launcher.daemon.server.DefaultDaemonConnection@620e20f8" [_thread_blocked, id=18332, stack(0x00007efe212cb000,0x00007efe213cc000)]
  0x00007efe100b2000 JavaThread "Cancel handler" [_thread_blocked, id=18330, stack(0x00007efe214cd000,0x00007efe215ce000)]
  0x00007efe100e8800 JavaThread "Handler for socket connection from /127.0.0.1:44519 to /127.0.0.1:45306" [_thread_in_native, id=18329, stack(0x00007efe215ce000,0x00007efe216cf000)]
  0x00007efe146d1800 JavaThread "File lock request listener" [_thread_in_native, id=17651, stack(0x00007efe20417000,0x00007efe20518000)]
  0x00007efe1007f000 JavaThread "Daemon worker" [_thread_blocked, id=17644, stack(0x00007efe213cc000,0x00007efe214cd000)]
  0x00007efe08039000 JavaThread "Daemon" [_thread_blocked, id=17641, stack(0x00007efe216cf000,0x00007efe217d0000)]
  0x00007efe34b03000 JavaThread "pool-1-thread-1" [_thread_blocked, id=17640, stack(0x00007efe217d0000,0x00007efe218d1000)]
  0x00007efe34ab9800 JavaThread "Incoming local TCP Connector on port 44519" [_thread_in_native, id=17639, stack(0x00007efe21ad8000,0x00007efe21bd9000)]
  0x00007efe340b4000 JavaThread "Service Thread" daemon [_thread_blocked, id=17637, stack(0x00007efe23189000,0x00007efe2328a000)]
  0x00007efe340b1000 JavaThread "C1 CompilerThread1" daemon [_thread_blocked, id=17636, stack(0x00007efe2328a000,0x00007efe2338b000)]
  0x00007efe340af000 JavaThread "C2 CompilerThread0" daemon [_thread_in_native, id=17635, stack(0x00007efe2338b000,0x00007efe2348c000)]
  0x00007efe340ad800 JavaThread "Signal Dispatcher" daemon [_thread_blocked, id=17634, stack(0x00007efe2348c000,0x00007efe2358d000)]
  0x00007efe3407a000 JavaThread "Finalizer" daemon [_thread_blocked, id=17633, stack(0x00007efe23c6f000,0x00007efe23d70000)]
  0x00007efe34075800 JavaThread "Reference Handler" daemon [_thread_blocked, id=17632, stack(0x00007efe23d70000,0x00007efe23e71000)]
  0x00007efe3400a000 JavaThread "main" [_thread_blocked, id=17629, stack(0x00007efe3b040000,0x00007efe3b141000)]

Other Threads:
  0x00007efe3406d800 VMThread [stack: 0x00007efe23e71000,0x00007efe23f72000] [id=17631]
  0x00007efe340b7800 WatcherThread [stack: 0x00007efe23088000,0x00007efe23189000] [id=17638]

VM state:not at safepoint (normal execution)

VM Mutex/Monitor currently owned by a thread: None

Heap:
 def new generation   total 211008K, used 170749K [0x00000000a0000000, 0x00000000ae4f0000, 0x00000000c0000000)
  eden space 187584K,  78% used [0x00000000a0000000, 0x00000000a8fdf558, 0x00000000ab730000)
  from space 23424K, 100% used [0x00000000ace10000, 0x00000000ae4f0000, 0x00000000ae4f0000)
  to   space 23424K,   0% used [0x00000000ab730000, 0x00000000ab730000, 0x00000000ace10000)
 tenured generation   total 468592K, used 284696K [0x00000000c0000000, 0x00000000dc99c000, 0x0000000100000000)
   the space 468592K,  60% used [0x00000000c0000000, 0x00000000d1606220, 0x00000000d1606400, 0x00000000dc99c000)
 Metaspace       used 65917K, capacity 67824K, committed 68096K, reserved 1107968K
  class space    used 8248K, capacity 8654K, committed 8704K, reserved 1048576K

Card table byte_map: [0x00007efe2493f000,0x00007efe24c40000] byte_map_base: 0x00007efe2443f000

Polling page: 0x00007efe3b15b000

CodeCache: size=245760Kb used=35393Kb max_used=35516Kb free=210366Kb
 bounds [0x00007efe25000000, 0x00007efe272f0000, 0x00007efe34000000]
 total_blobs=12534 nmethods=11796 adapters=652
 compilation: enabled

Compilation events (10 events):
Event: 108.123 Thread 0x00007efe340b1000 14802 %     3       com.android.dx.dex.file.ProtoIdItem::makeShortForm @ 36 (74 bytes)
Event: 108.126 Thread 0x00007efe340b1000 nmethod 14802% 0x00007efe2647d050 code [0x00007efe2647d320, 0x00007efe2647ebd8]
Event: 108.126 Thread 0x00007efe340b1000 14803       3       com.android.dx.dex.file.ProtoIdItem::makeShortForm (74 bytes)
Event: 108.128 Thread 0x00007efe340b1000 nmethod 14803 0x00007efe2713c110 code [0x00007efe2713c3e0, 0x00007efe2713dbd8]
Event: 108.159 Thread 0x00007efe340af000 nmethod 14773 0x00007efe26c2ebd0 code [0x00007efe26c2ef00, 0x00007efe26c30bd8]
Event: 108.160 Thread 0x00007efe340af000 14717       4       com.android.dx.ssa.PhiTypeResolver::run (179 bytes)
Event: 108.163 Thread 0x00007efe340b1000 14804 %     3       com.android.dx.dex.file.MemberIdsSection::orderItems @ 38 (69 bytes)
Event: 108.163 Thread 0x00007efe340b1000 nmethod 14804% 0x00007efe26c87450 code [0x00007efe26c87680, 0x00007efe26c88118]
Event: 108.164 Thread 0x00007efe340b1000 14805       3       com.android.dx.dex.file.MemberIdsSection::orderItems (69 bytes)
Event: 108.164 Thread 0x00007efe340b1000 nmethod 14805 0x00007efe26ece810 code [0x00007efe26ecea40, 0x00007efe26ecf498]

GC Heap History (10 events):
Event: 101.327 GC heap before
{Heap before GC invocations=40 (full 3):
 def new generation   total 154944K, used 154944K [0x00000000a0000000, 0x00000000aa810000, 0x00000000c0000000)
  eden space 137792K, 100% used [0x00000000a0000000, 0x00000000a8690000, 0x00000000a8690000)
  from space 17152K, 100% used [0x00000000a8690000, 0x00000000a9750000, 0x00000000a9750000)
  to   space 17152K,   0% used [0x00000000a9750000, 0x00000000a9750000, 0x00000000aa810000)
 tenured generation   total 344064K, used 281737K [0x00000000c0000000, 0x00000000d5000000, 0x0000000100000000)
   the space 344064K,  81% used [0x00000000c0000000, 0x00000000d1322698, 0x00000000d1322800, 0x00000000d5000000)
 Metaspace       used 65914K, capacity 67824K, committed 68096K, reserved 1107968K
  class space    used 8248K, capacity 8654K, committed 8704K, reserved 1048576K
Event: 101.568 GC heap after
Heap after GC invocations=41 (full 3):
 def new generation   total 154944K, used 17152K [0x00000000a0000000, 0x00000000aa810000, 0x00000000c0000000)
  eden space 137792K,   0% used [0x00000000a0000000, 0x00000000a0000000, 0x00000000a8690000)
  from space 17152K, 100% used [0x00000000a9750000, 0x00000000aa810000, 0x00000000aa810000)
  to   space 17152K,   0% used [0x00000000a8690000, 0x00000000a8690000, 0x00000000a9750000)
 tenured generation   total 344064K, used 301566K [0x00000000c0000000, 0x00000000d5000000, 0x0000000100000000)
   the space 344064K,  87% used [0x00000000c0000000, 0x00000000d267f938, 0x00000000d267fa00, 0x00000000d5000000)
 Metaspace       used 65914K, capacity 67824K, committed 68096K, reserved 1107968K
  class space    used 8248K, capacity 8654K, committed 8704K, reserved 1048576K
}
Event: 102.331 GC heap before
{Heap before GC invocations=41 (full 3):
 def new generation   total 154944K, used 154944K [0x00000000a0000000, 0x00000000aa810000, 0x00000000c0000000)
  eden space 137792K, 100% used [0x00000000a0000000, 0x00000000a8690000, 0x00000000a8690000)
  from space 17152K, 100% used [0x00000000a9750000, 0x00000000aa810000, 0x00000000aa810000)
  to   space 17152K,   0% used [0x00000000a8690000, 0x00000000a8690000, 0x00000000a9750000)
 tenured generation   total 344064K, used 301566K [0x00000000c0000000, 0x00000000d5000000, 0x0000000100000000)
   the space 344064K,  87% used [0x00000000c0000000, 0x00000000d267f938, 0x00000000d267fa00, 0x00000000d5000000)
 Metaspace       used 65914K, capacity 67824K, committed 68096K, reserved 1107968K
  class space    used 8248K, capacity 8654K, committed 8704K, reserved 1048576K
Event: 102.521 GC heap after
Heap after GC invocations=42 (full 3):
 def new generation   total 154944K, used 17123K [0x00000000a0000000, 0x00000000aa810000, 0x00000000c0000000)
  eden space 137792K,   0% used [0x00000000a0000000, 0x00000000a0000000, 0x00000000a8690000)
  from space 17152K,  99% used [0x00000000a8690000, 0x00000000a9748e50, 0x00000000a9750000)
  to   space 17152K,   0% used [0x00000000a9750000, 0x00000000a9750000, 0x00000000aa810000)
 tenured generation   total 344064K, used 318256K [0x00000000c0000000, 0x00000000d5000000, 0x0000000100000000)
   the space 344064K,  92% used [0x00000000c0000000, 0x00000000d36cc298, 0x00000000d36cc400, 0x00000000d5000000)
 Metaspace       used 65914K, capacity 67824K, committed 68096K, reserved 1107968K
  class space    used 8248K, capacity 8654K, committed 8704K, reserved 1048576K
}
Event: 103.251 GC heap before
{Heap before GC invocations=42 (full 3):
 def new generation   total 154944K, used 154915K [0x00000000a0000000, 0x00000000aa810000, 0x00000000c0000000)
  eden space 137792K, 100% used [0x00000000a0000000, 0x00000000a8690000, 0x00000000a8690000)
  from space 17152K,  99% used [0x00000000a8690000, 0x00000000a9748e50, 0x00000000a9750000)
  to   space 17152K,   0% used [0x00000000a9750000, 0x00000000a9750000, 0x00000000aa810000)
 tenured generation   total 344064K, used 318256K [0x00000000c0000000, 0x00000000d5000000, 0x0000000100000000)
   the space 344064K,  92% used [0x00000000c0000000, 0x00000000d36cc298, 0x00000000d36cc400, 0x00000000d5000000)
 Metaspace       used 65914K, capacity 67824K, committed 68096K, reserved 1107968K
  class space    used 8248K, capacity 8654K, committed 8704K, reserved 1048576K
Event: 103.358 GC heap after
Heap after GC invocations=43 (full 3):
 def new generation   total 154944K, used 15610K [0x00000000a0000000, 0x00000000aa810000, 0x00000000c0000000)
  eden space 137792K,   0% used [0x00000000a0000000, 0x00000000a0000000, 0x00000000a8690000)
  from space 17152K,  91% used [0x00000000a9750000, 0x00000000aa68eb70, 0x00000000aa810000)
  to   space 17152K,   0% used [0x00000000a8690000, 0x00000000a8690000, 0x00000000a9750000)
 tenured generation   total 344064K, used 334674K [0x00000000c0000000, 0x00000000d5000000, 0x0000000100000000)
   the space 344064K,  97% used [0x00000000c0000000, 0x00000000d46d4b30, 0x00000000d46d4c00, 0x00000000d5000000)
 Metaspace       used 65914K, capacity 67824K, committed 68096K, reserved 1107968K
  class space    used 8248K, capacity 8654K, committed 8704K, reserved 1048576K
}
Event: 104.136 GC heap before
{Heap before GC invocations=43 (full 3):
 def new generation   total 154944K, used 153402K [0x00000000a0000000, 0x00000000aa810000, 0x00000000c0000000)
  eden space 137792K, 100% used [0x00000000a0000000, 0x00000000a8690000, 0x00000000a8690000)
  from space 17152K,  91% used [0x00000000a9750000, 0x00000000aa68eb70, 0x00000000aa810000)
  to   space 17152K,   0% used [0x00000000a8690000, 0x00000000a8690000, 0x00000000a9750000)
 tenured generation   total 344064K, used 334674K [0x00000000c0000000, 0x00000000d5000000, 0x0000000100000000)
   the space 344064K,  97% used [0x00000000c0000000, 0x00000000d46d4b30, 0x00000000d46d4c00, 0x00000000d5000000)
 Metaspace       used 65914K, capacity 67824K, committed 68096K, reserved 1107968K
  class space    used 8248K, capacity 8654K, committed 8704K, reserved 1048576K
Event: 105.453 GC heap after
Heap after GC invocations=44 (full 4):
 def new generation   total 211008K, used 0K [0x00000000a0000000, 0x00000000ae4f0000, 0x00000000c0000000)
  eden space 187584K,   0% used [0x00000000a0000000, 0x00000000a0000000, 0x00000000ab730000)
  from space 23424K,   0% used [0x00000000ab730000, 0x00000000ab730000, 0x00000000ace10000)
  to   space 23424K,   0% used [0x00000000ace10000, 0x00000000ace10000, 0x00000000ae4f0000)
 tenured generation   total 468592K, used 281154K [0x00000000c0000000, 0x00000000dc99c000, 0x0000000100000000)
   the space 468592K,  59% used [0x00000000c0000000, 0x00000000d1290b00, 0x00000000d1290c00, 0x00000000dc99c000)
 Metaspace       used 65914K, capacity 67824K, committed 68096K, reserved 1107968K
  class space    used 8248K, capacity 8654K, committed 8704K, reserved 1048576K
}
Event: 106.504 GC heap before
{Heap before GC invocations=44 (full 4):
 def new generation   total 211008K, used 187584K [0x00000000a0000000, 0x00000000ae4f0000, 0x00000000c0000000)
  eden space 187584K, 100% used [0x00000000a0000000, 0x00000000ab730000, 0x00000000ab730000)
  from space 23424K,   0% used [0x00000000ab730000, 0x00000000ab730000, 0x00000000ace10000)
  to   space 23424K,   0% used [0x00000000ace10000, 0x00000000ace10000, 0x00000000ae4f0000)
 tenured generation   total 468592K, used 281154K [0x00000000c0000000, 0x00000000dc99c000, 0x0000000100000000)
   the space 468592K,  59% used [0x00000000c0000000, 0x00000000d1290b00, 0x00000000d1290c00, 0x00000000dc99c000)
 Metaspace       used 65914K, capacity 67824K, committed 68096K, reserved 1107968K
  class space    used 8248K, capacity 8654K, committed 8704K, reserved 1048576K
Event: 106.599 GC heap after
Heap after GC invocations=45 (full 4):
 def new generation   total 211008K, used 23424K [0x00000000a0000000, 0x00000000ae4f0000, 0x00000000c0000000)
  eden space 187584K,   0% used [0x00000000a0000000, 0x00000000a0000000, 0x00000000ab730000)
  from space 23424K, 100% used [0x00000000ace10000, 0x00000000ae4f0000, 0x00000000ae4f0000)
  to   space 23424K,   0% used [0x00000000ab730000, 0x00000000ab730000, 0x00000000ace10000)
 tenured generation   total 468592K, used 284696K [0x00000000c0000000, 0x00000000dc99c000, 0x0000000100000000)
   the space 468592K,  60% used [0x00000000c0000000, 0x00000000d1606220, 0x00000000d1606400, 0x00000000dc99c000)
 Metaspace       used 65914K, capacity 67824K, committed 68096K, reserved 1107968K
  class space    used 8248K, capacity 8654K, committed 8704K, reserved 1048576K
}

Deoptimization events (10 events):
Event: 98.942 Thread 0x00007efe040ea000 Uncommon trap: reason=class_check action=maybe_recompile pc=0x00007efe2724d2dc method=com.android.dx.ssa.back.FirstFitLocalCombiningAllocator.findNextUnreservedRopReg(IILcom/android/dx/ssa/back/FirstFitLocalCombiningAllocator$Alignment;)I @ 60
Event: 98.982 Thread 0x00007efe043fd800 Uncommon trap: reason=class_check action=maybe_recompile pc=0x00007efe2724d2dc method=com.android.dx.ssa.back.FirstFitLocalCombiningAllocator.findNextUnreservedRopReg(IILcom/android/dx/ssa/back/FirstFitLocalCombiningAllocator$Alignment;)I @ 60
Event: 99.406 Thread 0x00007efe05089800 Uncommon trap: reason=unstable_if action=reinterpret pc=0x00007efe26d80fd4 method=java.util.concurrent.ConcurrentHashMap.putVal(Ljava/lang/Object;Ljava/lang/Object;Z)Ljava/lang/Object; @ 147
Event: 99.507 Thread 0x00007efe0499c800 Uncommon trap: reason=speculate_class_check action=maybe_recompile pc=0x00007efe2725ac0c method=com.android.dx.rop.cst.TypedConstant.getBasicType()I @ 1
Event: 100.115 Thread 0x00007efe05089800 Uncommon trap: reason=speculate_class_check action=maybe_recompile pc=0x00007efe2725ac0c method=com.android.dx.rop.cst.TypedConstant.getBasicType()I @ 1
Event: 101.569 Thread 0x00007efe043fd800 Uncommon trap: reason=speculate_class_check action=maybe_recompile pc=0x00007efe2725ac0c method=com.android.dx.rop.cst.TypedConstant.getBasicType()I @ 1
Event: 101.576 Thread 0x00007efe043fd800 Uncommon trap: reason=speculate_class_check action=maybe_recompile pc=0x00007efe2725ac0c method=com.android.dx.rop.cst.TypedConstant.getBasicType()I @ 1
Event: 105.474 Thread 0x00007efe34075800 Uncommon trap: reason=unstable_if action=reinterpret pc=0x00007efe26acc74c method=java.lang.ref.Reference.tryHandlePending(Z)Z @ 20
Event: 106.872 Thread 0x00007efe043fd800 Uncommon trap: reason=unstable_if action=reinterpret pc=0x00007efe272a7d38 method=com.android.dx.rop.code.DexTranslationAdvice.hasConstantOperation(Lcom/android/dx/rop/code/Rop;Lcom/android/dx/rop/code/RegisterSpec;Lcom/android/dx/rop/code/RegisterSpec;)Z
Event: 106.902 Thread 0x00007efe05089800 Uncommon trap: reason=null_check action=make_not_entrant pc=0x00007efe272a17e4 method=com.android.dx.util.LabeledList.set(ILcom/android/dx/util/LabeledItem;)V @ 5

Internal exceptions (10 events):
Event: 35.040 Thread 0x00007efe1007f000 Exception <a 'java/lang/ClassNotFoundException': com/android/build/gradle/tasks/CheckManifestInInstantRunMode_DecoratedCustomizer> (0x00000000a64ba660) thrown at [/ssd/Android/AOSP-openjdk/external/jetbrains/jdk/hotspot/src/share/vm/classfile/systemDictio
Event: 35.100 Thread 0x00007efe1007f000 Exception <a 'java/lang/ClassNotFoundException': com/android/build/gradle/tasks/fd/GenerateInstantRunAppInfoTask_DecoratedBeanInfo> (0x00000000a65dea88) thrown at [/ssd/Android/AOSP-openjdk/external/jetbrains/jdk/hotspot/src/share/vm/classfile/systemDicti
Event: 35.101 Thread 0x00007efe1007f000 Exception <a 'java/lang/ClassNotFoundException': com/android/build/gradle/tasks/fd/GenerateInstantRunAppInfoTaskBeanInfo> (0x00000000a65f2fc8) thrown at [/ssd/Android/AOSP-openjdk/external/jetbrains/jdk/hotspot/src/share/vm/classfile/systemDictionary.cpp,
Event: 35.105 Thread 0x00007efe1007f000 Exception <a 'java/lang/ClassNotFoundException': com/android/build/gradle/tasks/fd/GenerateInstantRunAppInfoTaskCustomizer> (0x00000000a66078d8) thrown at [/ssd/Android/AOSP-openjdk/external/jetbrains/jdk/hotspot/src/share/vm/classfile/systemDictionary.cp
Event: 35.112 Thread 0x00007efe1007f000 Exception <a 'java/lang/ClassNotFoundException': com/android/build/gradle/tasks/fd/GenerateInstantRunAppInfoTask_DecoratedCustomizer> (0x00000000a6630068) thrown at [/ssd/Android/AOSP-openjdk/external/jetbrains/jdk/hotspot/src/share/vm/classfile/systemDic
Event: 51.589 Thread 0x00007efe1007f000 Exception <a 'java/lang/NoSuchMethodError': <clinit>> (0x00000000a7cbb298) thrown at [/ssd/Android/AOSP-openjdk/external/jetbrains/jdk/hotspot/src/share/vm/prims/jni.cpp, line 1591]
Event: 52.474 Thread 0x00007efe1007f000 Implicit null exception at 0x00007efe260aa25d to 0x00007efe260aac59
Event: 54.237 Thread 0x00007efe1007f000 Exception <a 'java/io/FileNotFoundException'> (0x00000000a0f18460) thrown at [/ssd/Android/AOSP-openjdk/external/jetbrains/jdk/hotspot/src/share/vm/prims/jni.cpp, line 709]
Event: 56.045 Thread 0x00007efe1007f000 Exception <a 'java/lang/NoSuchMethodError': <clinit>> (0x00000000a2ee05a0) thrown at [/ssd/Android/AOSP-openjdk/external/jetbrains/jdk/hotspot/src/share/vm/prims/jni.cpp, line 1591]
Event: 106.902 Thread 0x00007efe05089800 Implicit null exception at 0x00007efe272a12a7 to 0x00007efe272a17c5

Events (10 events):
Event: 107.620 Thread 0x00007efe340af000 flushing nmethod 0x00007efe26e13190
Event: 107.660 Thread 0x00007efe340af000 flushing nmethod 0x00007efe26ece5d0
Event: 107.660 Thread 0x00007efe340af000 flushing nmethod 0x00007efe26f005d0
Event: 107.661 Thread 0x00007efe340af000 flushing nmethod 0x00007efe26f843d0
Event: 107.661 Thread 0x00007efe340af000 flushing nmethod 0x00007efe26fb5f50
Event: 107.661 Thread 0x00007efe340af000 flushing nmethod 0x00007efe2701bfd0
Event: 107.661 Thread 0x00007efe340af000 flushing nmethod 0x00007efe270ad010
Event: 107.661 Thread 0x00007efe340af000 flushing nmethod 0x00007efe27139450
Event: 108.128 Thread 0x00007efe0499c800 DEOPT PACKING pc=0x00007efe26d6ecae sp=0x00007efe010551f0
Event: 108.128 Thread 0x00007efe0499c800 DEOPT UNPACKING pc=0x00007efe25046f73 sp=0x00007efe01054fb8 mode 0


Dynamic libraries:
00400000-00401000 r-xp 00000000 08:01 3420048                            /home/jj/software/android-studio/jre/bin/java
00600000-00601000 r--p 00000000 08:01 3420048                            /home/jj/software/android-studio/jre/bin/java
00601000-00602000 rw-p 00001000 08:01 3420048                            /home/jj/software/android-studio/jre/bin/java
01bb7000-01bd8000 rw-p 00000000 00:00 0                                  [heap]
a0000000-ae4f0000 rw-p 00000000 00:00 0 
ae4f0000-c0000000 ---p 00000000 00:00 0 
c0000000-dc99c000 rw-p 00000000 00:00 0 
dc99c000-100000000 ---p 00000000 00:00 0 
100000000-100880000 rw-p 00000000 00:00 0 
100880000-140000000 ---p 00000000 00:00 0 
7efdfe348000-7efdfe34b000 ---p 00000000 00:00 0 
7efdfe34b000-7efdfe449000 rw-p 00000000 00:00 0 
7efdfe449000-7efdfe44c000 ---p 00000000 00:00 0 
7efdfe44c000-7efdfe54a000 rw-p 00000000 00:00 0 
7efdfe54a000-7efdfe54d000 ---p 00000000 00:00 0 
7efdfe54d000-7efdfe64b000 rw-p 00000000 00:00 0 
7efdfe64b000-7efdfe64e000 ---p 00000000 00:00 0 
7efdfe64e000-7efdfe74c000 rw-p 00000000 00:00 0 
7efdfe74c000-7efdfe74f000 ---p 00000000 00:00 0 
7efdfe74f000-7efdfe84d000 rw-p 00000000 00:00 0 
7efdfe84d000-7efdfe850000 ---p 00000000 00:00 0 
7efdfe850000-7efdfe94e000 rw-p 00000000 00:00 0 
7efdfeb50000-7efdfeb53000 ---p 00000000 00:00 0 
7efdfeb53000-7efdfec51000 rw-p 00000000 00:00 0 
7efdfee53000-7efdfee56000 ---p 00000000 00:00 0 
7efdfee56000-7efdfef54000 rw-p 00000000 00:00 0 
7efdfef54000-7efdfef57000 ---p 00000000 00:00 0 
7efdfef57000-7efdfef8d000 rw-p 00000000 00:00 0 
7efdfef8d000-7efdfef90000 ---p 00000000 00:00 0 
7efdfef90000-7efdff08e000 rw-p 00000000 00:00 0 
7efdff18f000-7efdff192000 ---p 00000000 00:00 0 
7efdff192000-7efdff290000 rw-p 00000000 00:00 0 
7efdff290000-7efdff293000 ---p 00000000 00:00 0 
7efdff293000-7efdff391000 rw-p 00000000 00:00 0 
7efdff492000-7efdff495000 ---p 00000000 00:00 0 
7efdff495000-7efdff593000 rw-p 00000000 00:00 0 
7efdff593000-7efdff596000 ---p 00000000 00:00 0 
7efdff596000-7efdff5cc000 rw-p 00000000 00:00 0 
7efdff6cd000-7efdff6d0000 ---p 00000000 00:00 0 
7efdff6d0000-7efdff7ce000 rw-p 00000000 00:00 0 
7efdff7ce000-7efdff7d1000 ---p 00000000 00:00 0 
7efdff7d1000-7efdff807000 rw-p 00000000 00:00 0 
7efdff908000-7efdff90b000 ---p 00000000 00:00 0 
7efdff90b000-7efdffa09000 rw-p 00000000 00:00 0 
7efdffa09000-7efdffa0c000 ---p 00000000 00:00 0 
7efdffa0c000-7efdffa42000 rw-p 00000000 00:00 0 
7efdffa42000-7efdffa45000 ---p 00000000 00:00 0 
7efdffa45000-7efdffb43000 rw-p 00000000 00:00 0 
7efdffc44000-7efdffc47000 ---p 00000000 00:00 0 
7efdffc47000-7efdffc7d000 rw-p 00000000 00:00 0 
7efdffc7d000-7efdffc80000 ---p 00000000 00:00 0 
7efdffc80000-7efdffd7e000 rw-p 00000000 00:00 0 
7efdffd7e000-7efdffd81000 ---p 00000000 00:00 0 
7efdffd81000-7efdffe7f000 rw-p 00000000 00:00 0 
7efdffe7f000-7efdffe82000 ---p 00000000 00:00 0 
7efdffe82000-7efdffeb8000 rw-p 00000000 00:00 0 
7efdffeb8000-7efdffebb000 ---p 00000000 00:00 0 
7efdffebb000-7efdfffb9000 rw-p 00000000 00:00 0 
7efdfffb9000-7efdfffbc000 ---p 00000000 00:00 0 
7efdfffbc000-7efe000ba000 rw-p 00000000 00:00 0 
7efe000ba000-7efe000bd000 ---p 00000000 00:00 0 
7efe000bd000-7efe000f3000 rw-p 00000000 00:00 0 
7efe000f3000-7efe000f6000 ---p 00000000 00:00 0 
7efe000f6000-7efe001f4000 rw-p 00000000 00:00 0 
7efe001f4000-7efe001f7000 ---p 00000000 00:00 0 
7efe001f7000-7efe002f5000 rw-p 00000000 00:00 0 
7efe002f5000-7efe002f8000 ---p 00000000 00:00 0 
7efe002f8000-7efe0032e000 rw-p 00000000 00:00 0 
7efe00330000-7efe00530000 rw-p 00000000 00:00 0 
7efe00530000-7efe00533000 ---p 00000000 00:00 0 
7efe00533000-7efe00569000 rw-p 00000000 00:00 0 
7efe0056b000-7efe0076b000 rw-p 00000000 00:00 0 
7efe0076b000-7efe0076e000 ---p 00000000 00:00 0 
7efe0076e000-7efe007a4000 rw-p 00000000 00:00 0 
7efe007a6000-7efe009a6000 rw-p 00000000 00:00 0 
7efe009a6000-7efe009a9000 ---p 00000000 00:00 0 
7efe009a9000-7efe009df000 rw-p 00000000 00:00 0 
7efe009df000-7efe009e2000 ---p 00000000 00:00 0 
7efe009e2000-7efe00ae0000 rw-p 00000000 00:00 0 
7efe00be1000-7efe00be4000 ---p 00000000 00:00 0 
7efe00be4000-7efe00c1a000 rw-p 00000000 00:00 0 
7efe00c1a000-7efe00c1d000 ---p 00000000 00:00 0 
7efe00c1d000-7efe00d1b000 rw-p 00000000 00:00 0 
7efe00d1b000-7efe00d1e000 ---p 00000000 00:00 0 
7efe00d1e000-7efe00e1c000 rw-p 00000000 00:00 0 
7efe00e1c000-7efe00e1f000 ---p 00000000 00:00 0 
7efe00e1f000-7efe00e55000 rw-p 00000000 00:00 0 
7efe00e55000-7efe00e58000 ---p 00000000 00:00 0 
7efe00e58000-7efe00f56000 rw-p 00000000 00:00 0 
7efe00f56000-7efe00f59000 ---p 00000000 00:00 0 
7efe00f59000-7efe01057000 rw-p 00000000 00:00 0 
7efe01057000-7efe0105a000 ---p 00000000 00:00 0 
7efe0105a000-7efe01090000 rw-p 00000000 00:00 0 
7efe01191000-7efe01194000 ---p 00000000 00:00 0 
7efe01194000-7efe01292000 rw-p 00000000 00:00 0 
7efe01292000-7efe01295000 ---p 00000000 00:00 0 
7efe01295000-7efe012cb000 rw-p 00000000 00:00 0 
7efe012cb000-7efe012ce000 ---p 00000000 00:00 0 
7efe012ce000-7efe013cc000 rw-p 00000000 00:00 0 
7efe013cc000-7efe013cf000 ---p 00000000 00:00 0 
7efe013cf000-7efe01405000 rw-p 00000000 00:00 0 
7efe01405000-7efe01408000 ---p 00000000 00:00 0 
7efe01408000-7efe01506000 rw-p 00000000 00:00 0 
7efe01607000-7efe0160a000 ---p 00000000 00:00 0 
7efe0160a000-7efe01708000 rw-p 00000000 00:00 0 
7efe01708000-7efe0170b000 ---p 00000000 00:00 0 
7efe0170b000-7efe01809000 rw-p 00000000 00:00 0 
7efe01809000-7efe0180c000 ---p 00000000 00:00 0 
7efe0180c000-7efe0190a000 rw-p 00000000 00:00 0 
7efe0190a000-7efe0190d000 ---p 00000000 00:00 0 
7efe0190d000-7efe01a0b000 rw-p 00000000 00:00 0 
7efe01a0b000-7efe01a0e000 ---p 00000000 00:00 0 
7efe01a0e000-7efe01a44000 rw-p 00000000 00:00 0 
7efe01c46000-7efe01c49000 ---p 00000000 00:00 0 
7efe01c49000-7efe01d47000 rw-p 00000000 00:00 0 
7efe01d98000-7efe01d9b000 r--s 00015000 08:01 3420185                    /home/jj/software/android-studio/jre/jre/lib/jce.jar
7efe01e73000-7efe02073000 rw-p 00000000 00:00 0 
7efe0214b000-7efe0214e000 ---p 00000000 00:00 0 
7efe0214e000-7efe0224c000 rw-p 00000000 00:00 0 
7efe0224c000-7efe0224f000 ---p 00000000 00:00 0 
7efe0224f000-7efe02285000 rw-p 00000000 00:00 0 
7efe02285000-7efe02288000 ---p 00000000 00:00 0 
7efe02288000-7efe02386000 rw-p 00000000 00:00 0 
7efe02388000-7efe02588000 rw-p 00000000 00:00 0 
7efe02588000-7efe0258b000 ---p 00000000 00:00 0 
7efe0258b000-7efe025c1000 rw-p 00000000 00:00 0 
7efe025c1000-7efe025c4000 ---p 00000000 00:00 0 
7efe025c4000-7efe025fa000 rw-p 00000000 00:00 0 
7efe025fe000-7efe027fe000 rw-p 00000000 00:00 0 
7efe027fe000-7efe029fe000 rw-p 00000000 00:00 0 
7efe029fe000-7efe02a01000 ---p 00000000 00:00 0 
7efe02a01000-7efe02aff000 rw-p 00000000 00:00 0 
7efe02aff000-7efe02b02000 ---p 00000000 00:00 0 
7efe02b02000-7efe02e00000 rw-p 00000000 00:00 0 
7efe02e00000-7efe03000000 rw-p 00000000 00:00 0 
7efe03000000-7efe03200000 rw-p 00000000 00:00 0 
7efe03200000-7efe03400000 rw-p 00000000 00:00 0 
7efe03400000-7efe03600000 rw-p 00000000 00:00 0 
7efe03600000-7efe03800000 rw-p 00000000 00:00 0 
7efe03800000-7efe03a00000 rw-p 00000000 00:00 0 
7efe03a00000-7efe03c00000 rw-p 00000000 00:00 0 
7efe03c00000-7efe03e00000 rw-p 00000000 00:00 0 
7efe03e00000-7efe04000000 rw-p 00000000 00:00 0 
7efe04000000-7efe053f1000 rw-p 00000000 00:00 0 
7efe053f1000-7efe08000000 ---p 00000000 00:00 0 
7efe08000000-7efe08083000 rw-p 00000000 00:00 0 
7efe08083000-7efe0c000000 ---p 00000000 00:00 0 
7efe0c000000-7efe0c021000 rw-p 00000000 00:00 0 
7efe0c021000-7efe10000000 ---p 00000000 00:00 0 
7efe10000000-7efe114c3000 rw-p 00000000 00:00 0 
7efe114c3000-7efe14000000 ---p 00000000 00:00 0 
7efe14000000-7efe154e7000 rw-p 00000000 00:00 0 
7efe154e7000-7efe18000000 ---p 00000000 00:00 0 
7efe18000000-7efe18021000 rw-p 00000000 00:00 0 
7efe18021000-7efe1c000000 ---p 00000000 00:00 0 
7efe1c000000-7efe1c127000 rw-p 00000000 00:00 0 
7efe1c127000-7efe20000000 ---p 00000000 00:00 0 
7efe20030000-7efe20032000 rw-p 00000000 00:00 0 
7efe20032000-7efe20035000 ---p 00000000 00:00 0 
7efe20035000-7efe2006b000 rw-p 00000000 00:00 0 
7efe2006b000-7efe2007e000 r--s 00344000 08:01 3420071                    /home/jj/software/android-studio/jre/jre/lib/resources.jar
7efe2007e000-7efe200a9000 r--s 001fc000 08:01 3805135                    /home/jj/software/android-studio/gradle/m2repository/com/google/guava/guava/18.0/guava-18.0.jar
7efe200a9000-7efe200aa000 r--s 00001000 08:01 3805222                    /home/jj/software/android-studio/gradle/m2repository/com/android/tools/annotations/25.2.0/annotations-25.2.0.jar
7efe200aa000-7efe200bc000 r--s 000b3000 08:01 3805435                    /home/jj/software/android-studio/gradle/m2repository/com/android/tools/external/com-intellij/uast/145.597.3/uast-145.597.3.jar
7efe200bc000-7efe200c4000 r--s 000a8000 08:01 3805428                    /home/jj/software/android-studio/gradle/m2repository/com/android/tools/external/lombok/lombok-ast/0.2.3/lombok-ast-0.2.3.jar
7efe200c4000-7efe200c6000 r--s 0000d000 08:01 3676516                    /home/jj/software/android-studio/gradle/m2repository/commons-codec/commons-codec/1.4/commons-codec-1.4.jar
7efe200c6000-7efe200c8000 r--s 0000d000 08:01 3421076                    /home/jj/software/android-studio/gradle/m2repository/commons-logging/commons-logging/1.1.1/commons-logging-1.1.1.jar
7efe200c8000-7efe200cd000 r--s 00028000 08:01 3805035                    /home/jj/software/android-studio/gradle/m2repository/org/apache/httpcomponents/httpcore/4.1/httpcore-4.1.jar
7efe200cd000-7efe200d1000 r--s 0002f000 08:01 3805165                    /home/jj/software/android-studio/gradle/m2repository/com/google/jimfs/jimfs/1.1/jimfs-1.1.jar
7efe200d1000-7efe200d2000 r--s 00004000 08:01 3805098                    /home/jj/software/android-studio/gradle/m2repository/com/intellij/annotations/12.0/annotations-12.0.jar
7efe200d2000-7efe200d3000 r--s 00004000 08:01 3421123                    /home/jj/software/android-studio/gradle/m2repository/org/ow2/asm/asm-analysis/5.0.4/asm-analysis-5.0.4.jar
7efe200d3000-7efe200d7000 r--s 0003b000 08:01 3805498                    /home/jj/software/android-studio/gradle/m2repository/com/android/tools/lint/lint-api/25.2.0/lint-api-25.2.0.jar
7efe200d7000-7efe200d8000 r--s 0000a000 08:01 3547154                    /home/jj/software/android-studio/gradle/m2repository/net/sf/kxml/kxml2/2.3.0/kxml2-2.3.0.jar
7efe200d8000-7efe200da000 r--s 00005000 08:01 3805026                    /home/jj/software/android-studio/gradle/m2repository/org/apache/httpcomponents/httpmime/4.1/httpmime-4.1.jar
7efe200da000-7efe200e2000 r--s 0004e000 08:01 3805046                    /home/jj/software/android-studio/gradle/m2repository/org/apache/httpcomponents/httpclient/4.1.1/httpclient-4.1.1.jar
7efe200e2000-7efe200e9000 r--s 00053000 08:01 3805058                    /home/jj/software/android-studio/gradle/m2repository/org/apache/commons/commons-compress/1.8.1/commons-compress-1.8.1.jar
7efe200e9000-7efe200ee000 r--s 0002a000 08:01 3805153                    /home/jj/software/android-studio/gradle/m2repository/com/google/code/gson/gson/2.2.4/gson-2.2.4.jar
7efe200ee000-7efe200f3000 r--s 0002d000 08:01 3805440                    /home/jj/software/android-studio/gradle/m2repository/com/android/tools/repository/25.2.0/repository-25.2.0.jar
7efe200f3000-7efe200f4000 r--s 00005000 08:01 3805403                    /home/jj/software/android-studio/gradle/m2repository/com/android/tools/dvlib/25.2.0/dvlib-25.2.0.jar
7efe200f4000-7efe200f7000 r--s 00014000 08:01 3805336                    /home/jj/software/android-studio/gradle/m2repository/com/android/tools/layoutlib/layoutlib-api/25.2.0/layoutlib-api-25.2.0.jar
7efe200f7000-7efe200fc000 r--s 00058000 08:01 3421098                    /home/jj/software/android-studio/gradle/m2repository/org/ow2/asm/asm-debug-all/5.0.1/asm-debug-all-5.0.1.jar
7efe200fc000-7efe2010c000 r--s 000d6000 08:01 3676509                    /home/jj/software/android-studio/gradle/m2repository/net/sf/proguard/proguard-base/5.2.1/proguard-base-5.2.1.jar
7efe2010c000-7efe2010f000 r--s 00033000 08:01 3805105                    /home/jj/software/android-studio/gradle/m2repository/com/googlecode/juniversalchardet/juniversalchardet/1.0.3/juniversalchardet-1.0.3.jar
7efe2010f000-7efe20113000 r--s 0002a000 08:01 3421069                    /home/jj/software/android-studio/gradle/m2repository/commons-io/commons-io/2.4/commons-io-2.4.jar
7efe20113000-7efe2012a000 r--s 00154000 08:01 3804971                    /home/jj/software/android-studio/gradle/m2repository/org/antlr/antlr4/4.5.3/antlr4-4.5.3.jar
7efe2012a000-7efe2012b000 r--s 00002000 08:01 3805183                    /home/jj/software/android-studio/gradle/m2repository/com/android/databinding/baseLibrary/2.2.0/baseLibrary-2.2.0.jar
7efe2012b000-7efe2013e000 r--s 00236000 08:01 3421184                    /home/jj/software/android-studio/gradle/m2repository/org/eclipse/jdt/core/compiler/ecj/4.5.1/ecj-4.5.1.jar
7efe2013e000-7efe20145000 r--s 000c3000 08:01 3805469                    /home/jj/software/android-studio/gradle/m2repository/com/android/tools/lint/lint-checks/25.2.0/lint-checks-25.2.0.jar
7efe20145000-7efe20147000 r--s 00006000 08:01 3421137                    /home/jj/software/android-studio/gradle/m2repository/org/ow2/asm/asm-tree/5.0.4/asm-tree-5.0.4.jar
7efe20147000-7efe2017a000 r--s 00203000 08:01 3804978                    /home/jj/software/android-studio/gradle/m2repository/org/bouncycastle/bcprov-jdk15on/1.48/bcprov-jdk15on-1.48.jar
7efe2017a000-7efe20188000 r--s 00081000 08:01 3804983                    /home/jj/software/android-studio/gradle/m2repository/org/bouncycastle/bcpkix-jdk15on/1.48/bcpkix-jdk15on-1.48.jar
7efe20188000-7efe2018a000 r--s 00002000 08:01 3805113                    /home/jj/software/android-studio/gradle/m2repository/com/squareup/javawriter/2.5.0/javawriter-2.5.0.jar
7efe2018a000-7efe2018b000 r--s 00002000 08:01 3805447                    /home/jj/software/android-studio/gradle/m2repository/com/android/tools/analytics-library/tracker/25.2.0/tracker-25.2.0.jar
7efe2018b000-7efe2018d000 r--s 00003000 08:01 3805455                    /home/jj/software/android-studio/gradle/m2repository/com/android/tools/analytics-library/shared/25.2.0/shared-25.2.0.jar
7efe2018d000-7efe2019a000 r--s 000ed000 08:01 3805451                    /home/jj/software/android-studio/gradle/m2repository/com/android/tools/analytics-library/protos/25.2.0/protos-25.2.0.jar
7efe2019a000-7efe2019b000 r--s 00001000 08:01 3805343                    /home/jj/software/android-studio/gradle/m2repository/com/android/tools/jill/jill-api/0.10.0/jill-api-0.10.0.jar
7efe2019b000-7efe2019d000 r--s 00003000 08:01 3805525                    /home/jj/software/android-studio/gradle/m2repository/com/android/tools/jack/jack-api/0.11.0/jack-api-0.11.0.jar
7efe2019d000-7efe201a2000 r--s 0004a000 08:01 3805377                    /home/jj/software/android-studio/gradle/m2repository/com/android/tools/ddms/ddmlib/25.2.0/ddmlib-25.2.0.jar
7efe201a2000-7efe201a5000 r--s 00021000 08:01 3805279                    /home/jj/software/android-studio/gradle/m2repository/com/android/tools/build/manifest-merger/25.2.0/manifest-merger-25.2.0.jar
7efe201a5000-7efe201a7000 r--s 0001c000 08:01 3805542                    /home/jj/software/android-studio/gradle/m2repository/com/android/tools/common/25.2.0/common-25.2.0.jar
7efe201a7000-7efe201b0000 r--s 00083000 08:01 3805360                    /home/jj/software/android-studio/gradle/m2repository/com/android/tools/sdk-common/25.2.0/sdk-common-25.2.0.jar
7efe201b0000-7efe201bb000 r--s 0008e000 08:01 3805513                    /home/jj/software/android-studio/gradle/m2repository/com/android/tools/sdklib/25.2.0/sdklib-25.2.0.jar
7efe201bb000-7efe201bc000 r--s 00002000 08:01 3805252                    /home/jj/software/android-studio/gradle/m2repository/com/android/tools/build/builder-test-api/2.2.0/builder-test-api-2.2.0.jar
7efe201bc000-7efe201bf000 r--s 00005000 08:01 3805308                    /home/jj/software/android-studio/gradle/m2repository/com/android/tools/build/builder-model/2.2.0/builder-model-2.2.0.jar
7efe201bf000-7efe201c7000 r--s 0007b000 08:01 3805145                    /home/jj/software/android-studio/gradle/m2repository/com/google/protobuf/protobuf-java/2.5.0/protobuf-java-2.5.0.jar
7efe201c7000-7efe201c9000 r--s 0000f000 08:01 3547148                    /home/jj/software/android-studio/gradle/m2repository/net/sf/jopt-simple/jopt-simple/4.9/jopt-simple-4.9.jar
7efe201c9000-7efe201cd000 r--s 0001f000 08:01 3805014                    /home/jj/software/android-studio/gradle/m2repository/org/jacoco/org.jacoco.report/0.7.5.201505241946/org.jacoco.report-0.7.5.201505241946.jar
7efe201cd000-7efe201d1000 r--s 0001d000 08:01 3804999                    /home/jj/software/android-studio/gradle/m2repository/org/jacoco/org.jacoco.core/0.7.5.201505241946/org.jacoco.core-0.7.5.201505241946.jar
7efe201d1000-7efe201d2000 r--s 00002000 08:01 3805559                    /home/jj/software/android-studio/gradle/m2repository/net/sf/proguard/proguard-gradle/5.2.1/proguard-gradle-5.2.1.jar
7efe201d2000-7efe201d4000 r--s 00009000 08:01 3421148                    /home/jj/software/android-studio/gradle/m2repository/org/ow2/asm/asm-commons/5.0.4/asm-commons-5.0.4.jar
7efe201d4000-7efe201d6000 r--s 0000c000 08:01 3421171                    /home/jj/software/android-studio/gradle/m2repository/org/ow2/asm/asm/5.0.4/asm-5.0.4.jar
7efe201d6000-7efe201da000 r--s 0002b000 08:01 3805205                    /home/jj/software/android-studio/gradle/m2repository/com/android/databinding/compilerCommon/2.2.0/compilerCommon-2.2.0.jar
7efe201da000-7efe201db000 r--s 00002000 08:01 3805266                    /home/jj/software/android-studio/gradle/m2repository/com/android/tools/build/gradle-api/2.2.0/gradle-api-2.2.0.jar
7efe201db000-7efe201dc000 r--s 00000000 08:01 3805296                    /home/jj/software/android-studio/gradle/m2repository/com/android/tools/build/transform-api/2.0.0-deprecated-use-gradle-api/transform-api-2.0.0-deprecated-use-gradle-api.jar
7efe201dc000-7efe201e1000 r--s 00053000 08:01 3805484                    /home/jj/software/android-studio/gradle/m2repository/com/android/tools/lint/lint/25.2.0/lint-25.2.0.jar
7efe201e1000-7efe201f8000 r--s 0015d000 08:01 3805240                    /home/jj/software/android-studio/gradle/m2repository/com/android/tools/build/builder/2.2.0/builder-2.2.0.jar
7efe201f8000-7efe20215000 r--s 0019c000 08:01 3805289                    /home/jj/software/android-studio/gradle/m2repository/com/android/tools/build/gradle-core/2.2.0/gradle-core-2.2.0.jar
7efe20215000-7efe20217000 r--s 0000d000 08:01 3805319                    /home/jj/software/android-studio/gradle/m2repository/com/android/tools/build/gradle/2.2.0/gradle-2.2.0.jar
7efe20217000-7efe20417000 rw-p 00000000 00:00 0 
7efe20417000-7efe2041a000 ---p 00000000 00:00 0 
7efe2041a000-7efe20718000 rw-p 00000000 00:00 0 
7efe20718000-7efe2071b000 ---p 00000000 00:00 0 
7efe2071b000-7efe20751000 rw-p 00000000 00:00 0 
7efe20751000-7efe20752000 r--p 00000000 00:00 0 
7efe20752000-7efe20952000 rw-p 00000000 00:00 0 
7efe20952000-7efe20b52000 rw-p 00000000 00:00 0 
7efe20b52000-7efe20d52000 rw-p 00000000 00:00 0 
7efe20d52000-7efe20f52000 rw-p 00000000 00:00 0 
7efe20f52000-7efe21152000 rw-p 00000000 00:00 0 
7efe21152000-7efe211ca000 r--s 010eb000 08:01 3420013                    /home/jj/software/android-studio/jre/lib/tools.jar
7efe211ca000-7efe211cd000 ---p 00000000 00:00 0 
7efe211cd000-7efe212cb000 rw-p 00000000 00:00 0 
7efe212cb000-7efe212ce000 ---p 00000000 00:00 0 
7efe212ce000-7efe213cc000 rw-p 00000000 00:00 0 
7efe213cc000-7efe213cf000 ---p 00000000 00:00 0 
7efe213cf000-7efe214cd000 rw-p 00000000 00:00 0 
7efe214cd000-7efe214d0000 ---p 00000000 00:00 0 
7efe214d0000-7efe215ce000 rw-p 00000000 00:00 0 
7efe215ce000-7efe215d1000 ---p 00000000 00:00 0 
7efe215d1000-7efe216cf000 rw-p 00000000 00:00 0 
7efe216cf000-7efe216d2000 ---p 00000000 00:00 0 
7efe216d2000-7efe217d0000 rw-p 00000000 00:00 0 
7efe217d0000-7efe217d3000 ---p 00000000 00:00 0 
7efe217d3000-7efe21ad1000 rw-p 00000000 00:00 0 
7efe21ad1000-7efe21ad8000 r--s 00000000 08:01 4853577                    /usr/lib/x86_64-linux-gnu/gconv/gconv-modules.cache
7efe21ad8000-7efe21adb000 ---p 00000000 00:00 0 
7efe21adb000-7efe21bd9000 rw-p 00000000 00:00 0 
7efe21bd9000-7efe21be2000 r-xp 00000000 08:01 3420163                    /home/jj/software/android-studio/jre/jre/lib/amd64/libmanagement.so
7efe21be2000-7efe21de1000 ---p 00009000 08:01 3420163                    /home/jj/software/android-studio/jre/jre/lib/amd64/libmanagement.so
7efe21de1000-7efe21de2000 r--p 00008000 08:01 3420163                    /home/jj/software/android-studio/jre/jre/lib/amd64/libmanagement.so
7efe21de2000-7efe21de3000 rw-p 00009000 08:01 3420163                    /home/jj/software/android-studio/jre/jre/lib/amd64/libmanagement.so
7efe21de3000-7efe21de7000 r--s 00097000 08:01 3420124                    /home/jj/software/android-studio/jre/jre/lib/jsse.jar
7efe21de7000-7efe21de9000 r--s 00007000 08:01 3420710                    /home/jj/software/android-studio/gradle/gradle-2.14.1/lib/plugins/gradle-tooling-api-builders-2.14.1.jar
7efe21de9000-7efe21dec000 r--s 00008000 08:01 3420703                    /home/jj/software/android-studio/gradle/gradle-2.14.1/lib/plugins/gradle-testing-native-2.14.1.jar
7efe21dec000-7efe21dee000 r--s 00009000 08:01 3421007                    /home/jj/software/android-studio/gradle/gradle-2.14.1/lib/plugins/hamcrest-core-1.3.jar
7efe21dee000-7efe21df4000 r--s 00033000 08:01 3420715                    /home/jj/software/android-studio/gradle/gradle-2.14.1/lib/plugins/snakeyaml-1.6.jar
7efe21df4000-7efe21df6000 r--s 00006000 08:01 3420737                    /home/jj/software/android-studio/gradle/gradle-2.14.1/lib/plugins/jcommander-1.12.jar
7efe21df6000-7efe21dfb000 r--s 00040000 08:01 3420713                    /home/jj/software/android-studio/gradle/gradle-2.14.1/lib/plugins/bsh-2.0b4.jar
7efe21dfb000-7efe21e04000 r--s 00089000 08:01 3420740                    /home/jj/software/android-studio/gradle/gradle-2.14.1/lib/plugins/testng-6.3.1.jar
7efe21e04000-7efe21e0c000 r--s 00045000 08:01 3420745                    /home/jj/software/android-studio/gradle/gradle-2.14.1/lib/plugins/junit-4.12.jar
7efe21e0c000-7efe21e12000 r--s 0002e000 08:01 3420721                    /home/jj/software/android-studio/gradle/gradle-2.14.1/lib/plugins/gradle-testing-jvm-2.14.1.jar
7efe21e12000-7efe21e17000 r--s 00015000 08:01 3420730                    /home/jj/software/android-studio/gradle/gradle-2.14.1/lib/plugins/gradle-testing-base-2.14.1.jar
7efe21e17000-7efe21e18000 r--s 00002000 08:01 3420743                    /home/jj/software/android-studio/gradle/gradle-2.14.1/lib/plugins/sonar-batch-bootstrapper-2.9.jar
7efe21e18000-7efe21e1b000 r--s 00015000 08:01 3420720                    /home/jj/software/android-studio/gradle/gradle-2.14.1/lib/plugins/gradle-sonar-2.14.1.jar
7efe21e1b000-7efe21e22000 r--s 00038000 08:01 3420982                    /home/jj/software/android-studio/gradle/gradle-2.14.1/lib/plugins/bcpg-jdk15on-1.51.jar
7efe21e22000-7efe21e24000 r--s 0000d000 08:01 3420988                    /home/jj/software/android-studio/gradle/gradle-2.14.1/lib/plugins/gradle-signing-2.14.1.jar
7efe21e24000-7efe21e27000 r--s 00009000 08:01 3420896                    /home/jj/software/android-studio/gradle/gradle-2.14.1/lib/plugins/gradle-scala-2.14.1.jar
7efe21e27000-7efe21e28000 r--s 00004000 08:01 3420995                    /home/jj/software/android-studio/gradle/gradle-2.14.1/lib/plugins/gradle-resources-sftp-2.14.1.jar
7efe21e28000-7efe21e38000 r--s 00088000 08:01 3420727                    /home/jj/software/android-studio/gradle/gradle-2.14.1/lib/plugins/joda-time-2.8.2.jar
7efe21e38000-7efe21e49000 r--s 000cf000 08:01 3421014                    /home/jj/software/android-studio/gradle/gradle-2.14.1/lib/plugins/jackson-databind-2.3.2.jar
7efe21e49000-7efe21e4b000 r--s 00007000 08:01 3420977                    /home/jj/software/android-studio/gradle/gradle-2.14.1/lib/plugins/jackson-annotations-2.3.2.jar
7efe21e4b000-7efe21e4e000 r--s 0002e000 08:01 3420984                    /home/jj/software/android-studio/gradle/gradle-2.14.1/lib/plugins/jackson-core-2.3.2.jar
7efe21e4e000-7efe21e59000 r--s 0006b000 08:01 3421031                    /home/jj/software/android-studio/gradle/gradle-2.14.1/lib/plugins/aws-java-sdk-core-1.9.19.jar
7efe21e59000-7efe21e5f000 r--s 00036000 08:01 3420976                    /home/jj/software/android-studio/gradle/gradle-2.14.1/lib/plugins/aws-java-sdk-kms-1.9.19.jar
7efe21e5f000-7efe21e6a000 r--s 00079000 08:01 3420742                    /home/jj/software/android-studio/gradle/gradle-2.14.1/lib/plugins/aws-java-sdk-s3-1.9.19.jar
7efe21e6a000-7efe21e6b000 r--s 00003000 08:01 3421010                    /home/jj/software/android-studio/gradle/gradle-2.14.1/lib/plugins/gradle-resources-s3-2.14.1.jar
7efe21e6b000-7efe21e6d000 r--s 00005000 08:01 3421005                    /home/jj/software/android-studio/gradle/gradle-2.14.1/lib/plugins/jatl-0.2.2.jar
7efe21e6d000-7efe21e6f000 r--s 0000f000 08:01 3421022                    /home/jj/software/android-studio/gradle/gradle-2.14.1/lib/plugins/gradle-reporting-2.14.1.jar
7efe21e6f000-7efe21e71000 r--s 00002000 08:01 3420981                    /home/jj/software/android-studio/gradle/gradle-2.14.1/lib/plugins/gradle-publish-2.14.1.jar
7efe21e71000-7efe21e73000 r--s 00009000 08:01 3420733                    /home/jj/software/android-studio/gradle/gradle-2.14.1/lib/plugins/commons-cli-1.2.jar
7efe21e73000-7efe21e79000 r--s 00033000 08:01 3420744                    /home/jj/software/android-studio/gradle/gradle-2.14.1/lib/plugins/gradle-plugins-2.14.1.jar
7efe21e79000-7efe21e7b000 r--s 00007000 08:01 3420707                    /home/jj/software/android-studio/gradle/gradle-2.14.1/lib/plugins/gradle-plugin-development-2.14.1.jar
7efe21e7b000-7efe21e81000 r--s 0002a000 08:01 3420987                    /home/jj/software/android-studio/gradle/gradle-2.14.1/lib/plugins/gradle-platform-play-2.14.1.jar
7efe21e81000-7efe21e8e000 r--s 0004d000 08:01 3420986                    /home/jj/software/android-studio/gradle/gradle-2.14.1/lib/plugins/gradle-platform-native-2.14.1.jar
7efe21e8e000-7efe21e92000 r--s 0001a000 08:01 3421008                    /home/jj/software/android-studio/gradle/gradle-2.14.1/lib/plugins/gradle-platform-jvm-2.14.1.jar
7efe21e92000-7efe21e99000 r--s 00029000 08:01 3420736                    /home/jj/software/android-studio/gradle/gradle-2.14.1/lib/plugins/gradle-platform-base-2.14.1.jar
7efe21e99000-7efe21eba000 r--s 001c3000 08:01 3420711                    /home/jj/software/android-studio/gradle/gradle-2.14.1/lib/plugins/bndlib-2.4.0.jar
7efe21eba000-7efe21ebc000 r--s 00003000 08:01 3421013                    /home/jj/software/android-studio/gradle/gradle-2.14.1/lib/plugins/gradle-osgi-2.14.1.jar
7efe21ebc000-7efe21ebf000 r--s 0000c000 08:01 3421017                    /home/jj/software/android-studio/gradle/gradle-2.14.1/lib/plugins/pmaven-groovy-0.8-20100325.jar
7efe21ebf000-7efe21ec0000 r--s 00004000 08:01 3421003                    /home/jj/software/android-studio/gradle/gradle-2.14.1/lib/plugins/pmaven-common-0.8-20100325.jar
7efe21ec0000-7efe21ec6000 r--s 00022000 08:01 3420735                    /home/jj/software/android-studio/gradle/gradle-2.14.1/lib/plugins/gradle-maven-2.14.1.jar
7efe21ec6000-7efe21ec8000 r--s 0000a000 08:01 3420717                    /home/jj/software/android-studio/gradle/gradle-2.14.1/lib/plugins/gradle-language-scala-2.14.1.jar
7efe21ec8000-7efe21ece000 r--s 0001a000 08:01 3420722                    /home/jj/software/android-studio/gradle/gradle-2.14.1/lib/plugins/gradle-language-native-2.14.1.jar
7efe21ece000-7efe21ed0000 r--s 00008000 08:01 3420709                    /home/jj/software/android-studio/gradle/gradle-2.14.1/lib/plugins/gradle-language-jvm-2.14.1.jar
7efe21ed0000-7efe21ed6000 r--s 00024000 08:01 3421004                    /home/jj/software/android-studio/gradle/gradle-2.14.1/lib/plugins/gradle-language-java-2.14.1.jar
7efe21ed6000-7efe21ed8000 r--s 0000a000 08:01 3420985                    /home/jj/software/android-studio/gradle/gradle-2.14.1/lib/plugins/gradle-language-groovy-2.14.1.jar
7efe21ed8000-7efe21edb000 r--s 0001e000 08:01 3420702                    /home/jj/software/android-studio/gradle/gradle-2.14.1/lib/plugins/jsp-api-2.1-6.1.14.jar
7efe21edb000-7efe21efe000 r--s 00344000 08:01 3420978                    /home/jj/software/android-studio/gradle/gradle-2.14.1/lib/plugins/core-3.1.1.jar
7efe21efe000-7efe21eff000 r--s 00006000 08:01 3421015                    /home/jj/software/android-studio/gradle/gradle-2.14.1/lib/plugins/jetty-naming-6.1.25.jar
7efe21eff000-7efe21f00000 r--s 00002000 08:01 3420973                    /home/jj/software/android-studio/gradle/gradle-2.14.1/lib/plugins/geronimo-annotation_1.0_spec-1.0.jar
7efe21f00000-7efe21f02000 r--s 00002000 08:01 3421011                    /home/jj/software/android-studio/gradle/gradle-2.14.1/lib/plugins/jetty-annotations-6.1.25.jar
7efe21f02000-7efe21f13000 r--s 000ea000 08:01 3421024                    /home/jj/software/android-studio/gradle/gradle-2.14.1/lib/plugins/jsp-2.1-6.1.14.jar
7efe21f13000-7efe21f15000 r--s 0000d000 08:01 3420979                    /home/jj/software/android-studio/gradle/gradle-2.14.1/lib/plugins/jetty-plus-6.1.25.jar
7efe21f15000-7efe21f17000 r--s 0001f000 08:01 3421038                    /home/jj/software/android-studio/gradle/gradle-2.14.1/lib/plugins/servlet-api-2.5-20081211.jar
7efe21f17000-7efe21f1b000 r--s 00028000 08:01 3420738                    /home/jj/software/android-studio/gradle/gradle-2.14.1/lib/plugins/jetty-util-6.1.25.jar
7efe21f1b000-7efe21f22000 r--s 0007d000 08:01 3420746                    /home/jj/software/android-studio/gradle/gradle-2.14.1/lib/plugins/jetty-6.1.25.jar
7efe21f22000-7efe21f24000 r--s 00009000 08:01 3421020                    /home/jj/software/android-studio/gradle/gradle-2.14.1/lib/plugins/gradle-jetty-2.14.1.jar
7efe21f24000-7efe21f2b000 r--s 00035000 08:01 3421034                    /home/jj/software/android-studio/gradle/gradle-2.14.1/lib/plugins/simple-4.1.21.jar
7efe21f2b000-7efe21f37000 r--s 00100000 08:01 3420728                    /home/jj/software/android-studio/gradle/gradle-2.14.1/lib/plugins/rhino-1.7R3.jar
7efe21f37000-7efe21f3b000 r--s 00011000 08:01 3421002                    /home/jj/software/android-studio/gradle/gradle-2.14.1/lib/plugins/gradle-javascript-2.14.1.jar
7efe21f3b000-7efe21f3d000 r--s 0000c000 08:01 3421036                    /home/jj/software/android-studio/gradle/gradle-2.14.1/lib/plugins/gradle-jacoco-2.14.1.jar
7efe21f3d000-7efe21f40000 r--s 0000e000 08:01 3421033                    /home/jj/software/android-studio/gradle/gradle-2.14.1/lib/plugins/gradle-ivy-2.14.1.jar
7efe21f40000-7efe21f41000 r--s 00002000 08:01 3421025                    /home/jj/software/android-studio/gradle/gradle-2.14.1/lib/plugins/gradle-ide-play-2.14.1.jar
7efe21f41000-7efe21f46000 r--s 0002b000 08:01 3421021                    /home/jj/software/android-studio/gradle/gradle-2.14.1/lib/plugins/gradle-ide-native-2.14.1.jar
7efe21f46000-7efe21f51000 r--s 00066000 08:01 3420718                    /home/jj/software/android-studio/gradle/gradle-2.14.1/lib/plugins/gradle-ide-2.14.1.jar
7efe21f51000-7efe21f52000 r--s 00008000 08:01 3420714                    /home/jj/software/android-studio/gradle/gradle-2.14.1/lib/plugins/gradle-ear-2.14.1.jar
7efe21f52000-7efe21f58000 r--s 00032000 08:01 3420726                    /home/jj/software/android-studio/gradle/gradle-2.14.1/lib/plugins/gradle-diagnostics-2.14.1.jar
7efe21f58000-7efe21f5c000 r--s 00021000 08:01 3421023                    /home/jj/software/android-studio/gradle/gradle-2.14.1/lib/plugins/gradle-code-quality-2.14.1.jar
7efe21f5c000-7efe21f60000 r--s 0001f000 08:01 3420725                    /home/jj/software/android-studio/gradle/gradle-2.14.1/lib/plugins/gradle-build-init-2.14.1.jar
7efe21f60000-7efe21f67000 r--s 0008e000 08:01 3421030                    /home/jj/software/android-studio/gradle/gradle-2.14.1/lib/plugins/gradle-build-comparison-2.14.1.jar
7efe21f67000-7efe21f69000 r--s 00008000 08:01 3421006                    /home/jj/software/android-studio/gradle/gradle-2.14.1/lib/plugins/gradle-antlr-2.14.1.jar
7efe21f69000-7efe21f6b000 r--s 00004000 08:01 3421032                    /home/jj/software/android-studio/gradle/gradle-2.14.1/lib/plugins/gradle-announce-2.14.1.jar
7efe21f6b000-7efe21f83000 r--s 00115000 08:01 3420857                    /home/jj/software/android-studio/gradle/gradle-2.14.1/lib/plugins/xercesImpl-2.9.1.jar
7efe21f83000-7efe21f8b000 r--s 00028000 08:01 3420998                    /home/jj/software/android-studio/gradle/gradle-2.14.1/lib/plugins/xml-apis-1.3.04.jar
7efe21f8b000-7efe21f91000 r--s 0005b000 08:01 3420989                    /home/jj/software/android-studio/gradle/gradle-2.14.1/lib/plugins/jcifs-1.3.17.jar
7efe21f91000-7efe21f98000 r--s 00049000 08:01 3421000                    /home/jj/software/android-studio/gradle/gradle-2.14.1/lib/plugins/httpcore-4.4.4.jar
7efe21f98000-7efe21f9e000 r--s 00033000 08:01 3420724                    /home/jj/software/android-studio/gradle/gradle-2.14.1/lib/plugins/commons-codec-1.6.jar
7efe21f9e000-7efe21fa1000 r--s 0001c000 08:01 3420719                    /home/jj/software/android-studio/gradle/gradle-2.14.1/lib/plugins/nekohtml-1.9.14.jar
7efe21fa1000-7efe21fae000 r--s 000a4000 08:01 3421018                    /home/jj/software/android-studio/gradle/gradle-2.14.1/lib/plugins/httpclient-4.4.1.jar
7efe21fae000-7efe21fb0000 r--s 0000a000 08:01 3420704                    /home/jj/software/android-studio/gradle/gradle-2.14.1/lib/plugins/gradle-resources-http-2.14.1.jar
7efe21fb0000-7efe21fb4000 r--s 00014000 08:01 3420992                    /home/jj/software/android-studio/gradle/gradle-2.14.1/lib/plugins/gradle-plugin-use-2.14.1.jar
7efe21fb4000-7efe21fb5000 r--s 00000000 08:01 3420659                    /home/jj/software/android-studio/gradle/gradle-2.14.1/lib/gradle-installation-beacon-2.14.1.jar
7efe21fb5000-7efe21fb6000 r--s 00007000 08:01 3420734                    /home/jj/software/android-studio/gradle/gradle-2.14.1/lib/plugins/wagon-http-shared4-2.4.jar
7efe21fb6000-7efe21fba000 r--s 00033000 08:01 3421009                    /home/jj/software/android-studio/gradle/gradle-2.14.1/lib/plugins/plexus-utils-2.0.6.jar
7efe21fba000-7efe21fbe000 r--s 00021000 08:01 3420991                    /home/jj/software/android-studio/gradle/gradle-2.14.1/lib/plugins/maven-model-builder-3.0.4.jar
7efe21fbe000-7efe21fbf000 r--s 00002000 08:01 3420723                    /home/jj/software/android-studio/gradle/gradle-2.14.1/lib/plugins/wagon-file-2.4.jar
7efe21fbf000-7efe21fc1000 r--s 00002000 08:01 3421001                    /home/jj/software/android-studio/gradle/gradle-2.14.1/lib/plugins/plexus-cipher-1.7.jar
7efe21fc1000-7efe21fc4000 r--s 00013000 08:01 3421037                    /home/jj/software/android-studio/gradle/gradle-2.14.1/lib/plugins/aether-api-1.13.1.jar
7efe21fc4000-7efe21fc6000 r--s 0000a000 08:01 3420739                    /home/jj/software/android-studio/gradle/gradle-2.14.1/lib/plugins/maven-settings-3.0.4.jar
7efe21fc6000-7efe21fc8000 r--s 0000d000 08:01 3420993                    /home/jj/software/android-studio/gradle/gradle-2.14.1/lib/plugins/plexus-interpolation-1.14.jar
7efe21fc8000-7efe21fca000 r--s 0000b000 08:01 3421016                    /home/jj/software/android-studio/gradle/gradle-2.14.1/lib/plugins/maven-artifact-3.0.4.jar
7efe21fca000-7efe21fd1000 r--s 0002e000 08:01 3420731                    /home/jj/software/android-studio/gradle/gradle-2.14.1/lib/plugins/plexus-container-default-1.5.5.jar
7efe21fd1000-7efe21fd3000 r--s 0000b000 08:01 3420980                    /home/jj/software/android-studio/gradle/gradle-2.14.1/lib/plugins/maven-plugin-api-3.0.4.jar
7efe21fd3000-7efe21fd5000 r--s 00000000 08:01 3420983                    /home/jj/software/android-studio/gradle/gradle-2.14.1/lib/plugins/plexus-component-annotations-1.5.5.jar
7efe21fd5000-7efe21fdb000 r--s 0003f000 08:01 3420994                    /home/jj/software/android-studio/gradle/gradle-2.14.1/lib/plugins/maven-compat-3.0.4.jar
7efe21fdb000-7efe21fde000 r--s 00008000 08:01 3420747                    /home/jj/software/android-studio/gradle/gradle-2.14.1/lib/plugins/maven-settings-builder-3.0.4.jar
7efe21fde000-7efe21fe0000 r--s 00026000 08:01 3421035                    /home/jj/software/android-studio/gradle/gradle-2.14.1/lib/plugins/maven-model-3.0.4.jar
7efe21fe0000-7efe21fe2000 r--s 00006000 08:01 3421012                    /home/jj/software/android-studio/gradle/gradle-2.14.1/lib/plugins/aether-connector-wagon-1.13.1.jar
7efe21fe2000-7efe21fe4000 r--s 0000a000 08:01 3420732                    /home/jj/software/android-studio/gradle/gradle-2.14.1/lib/plugins/plexus-classworlds-2.4.jar
7efe21fe4000-7efe21fe6000 r--s 00006000 08:01 3420996                    /home/jj/software/android-studio/gradle/gradle-2.14.1/lib/plugins/maven-repository-metadata-3.0.4.jar
7efe21fe6000-7efe21fe8000 r--s 0000c000 08:01 3420972                    /home/jj/software/android-studio/gradle/gradle-2.14.1/lib/plugins/maven-aether-provider-3.0.4.jar
7efe21fe8000-7efe21fea000 r--s 0000b000 08:01 3420741                    /home/jj/software/android-studio/gradle/gradle-2.14.1/lib/plugins/wagon-provider-api-2.4.jar
7efe21fea000-7efe21fee000 r--s 0001c000 08:01 3421026                    /home/jj/software/android-studio/gradle/gradle-2.14.1/lib/plugins/aether-util-1.13.1.jar
7efe21fee000-7efe21ff1000 r--s 0001d000 08:01 3420990                    /home/jj/software/android-studio/gradle/gradle-2.14.1/lib/plugins/aether-impl-1.13.1.jar
7efe21ff1000-7efe21ff6000 r--s 00040000 08:01 3420708                    /home/jj/software/android-studio/gradle/gradle-2.14.1/lib/plugins/jsch-0.1.53.jar
7efe21ff6000-7efe22036000 r--s 00277000 08:01 3420712                    /home/jj/software/android-studio/gradle/gradle-2.14.1/lib/plugins/bcprov-jdk15on-1.51.jar
7efe22036000-7efe2203a000 r--s 0001d000 08:01 3420975                    /home/jj/software/android-studio/gradle/gradle-2.14.1/lib/plugins/xbean-reflect-3.4.jar
7efe2203a000-7efe22046000 r--s 0007d000 08:01 3420999                    /home/jj/software/android-studio/gradle/gradle-2.14.1/lib/plugins/maven-core-3.0.4.jar
7efe22046000-7efe22062000 r--s 000d3000 08:01 3420974                    /home/jj/software/android-studio/gradle/gradle-2.14.1/lib/plugins/gradle-dependency-management-2.14.1.jar
7efe22062000-7efe22078000 r-xp 00000000 08:01 4592188                    /lib/x86_64-linux-gnu/libgcc_s.so.1
7efe22078000-7efe22277000 ---p 00016000 08:01 4592188                    /lib/x86_64-linux-gnu/libgcc_s.so.1
7efe22277000-7efe22278000 r--p 00015000 08:01 4592188                    /lib/x86_64-linux-gnu/libgcc_s.so.1
7efe22278000-7efe22279000 rw-p 00016000 08:01 4592188                    /lib/x86_64-linux-gnu/libgcc_s.so.1
7efe22279000-7efe223ec000 r-xp 00000000 08:01 4204610                    /usr/lib/x86_64-linux-gnu/libstdc++.so.6.0.21
7efe223ec000-7efe225eb000 ---p 00173000 08:01 4204610                    /usr/lib/x86_64-linux-gnu/libstdc++.so.6.0.21
7efe225eb000-7efe225f5000 r--p 00172000 08:01 4204610                    /usr/lib/x86_64-linux-gnu/libstdc++.so.6.0.21
7efe225f5000-7efe225f7000 rw-p 0017c000 08:01 4204610                    /usr/lib/x86_64-linux-gnu/libstdc++.so.6.0.21
7efe225f7000-7efe225fb000 rw-p 00000000 00:00 0 
7efe225fb000-7efe225fc000 r--s 00002000 08:01 3420701                    /home/jj/software/android-studio/gradle/gradle-2.14.1/lib/plugins/wagon-http-2.4.jar
7efe225fc000-7efe225fd000 r--s 00003000 08:01 3420706                    /home/jj/software/android-studio/gradle/gradle-2.14.1/lib/plugins/aether-spi-1.13.1.jar
7efe225fd000-7efe225fe000 r--s 00006000 08:01 3420997                    /home/jj/software/android-studio/gradle/gradle-2.14.1/lib/plugins/plexus-sec-dispatcher-1.3.jar
7efe225fe000-7efe22603000 r--s 0002a000 08:01 3420748                    /home/jj/software/android-studio/gradle/gradle-2.14.1/lib/plugins/gson-2.2.4.jar
7efe22603000-7efe22612000 r--s 000d9000 08:01 3420729                    /home/jj/software/android-studio/gradle/gradle-2.14.1/lib/plugins/ivy-2.2.0.jar
7efe22612000-7efe22616000 r-xp 00000000 08:01 3806264                    /home/jj/.gradle/native/19/linux-amd64/libnative-platform.so
7efe22616000-7efe22815000 ---p 00004000 08:01 3806264                    /home/jj/.gradle/native/19/linux-amd64/libnative-platform.so
7efe22815000-7efe22816000 rw-p 00003000 08:01 3806264                    /home/jj/.gradle/native/19/linux-amd64/libnative-platform.so
7efe22816000-7efe22827000 r-xp 00000000 08:01 3420138                    /home/jj/software/android-studio/jre/jre/lib/amd64/libnio.so
7efe22827000-7efe22a26000 ---p 00011000 08:01 3420138                    /home/jj/software/android-studio/jre/jre/lib/amd64/libnio.so
7efe22a26000-7efe22a27000 r--p 00010000 08:01 3420138                    /home/jj/software/android-studio/jre/jre/lib/amd64/libnio.so
7efe22a27000-7efe22a28000 rw-p 00011000 08:01 3420138                    /home/jj/software/android-studio/jre/jre/lib/amd64/libnio.so
7efe22a28000-7efe22d29000 rw-p 00000000 00:00 0 
7efe22d29000-7efe22d40000 r-xp 00000000 08:01 3420136                    /home/jj/software/android-studio/jre/jre/lib/amd64/libnet.so
7efe22d40000-7efe22f3f000 ---p 00017000 08:01 3420136                    /home/jj/software/android-studio/jre/jre/lib/amd64/libnet.so
7efe22f3f000-7efe22f40000 r--p 00016000 08:01 3420136                    /home/jj/software/android-studio/jre/jre/lib/amd64/libnet.so
7efe22f40000-7efe22f41000 rw-p 00017000 08:01 3420136                    /home/jj/software/android-studio/jre/jre/lib/amd64/libnet.so
7efe22f41000-7efe22f43000 r--s 00005000 08:01 3420670                    /home/jj/software/android-studio/gradle/gradle-2.14.1/lib/gradle-wrapper-2.14.1.jar
7efe22f43000-7efe22f51000 r--s 0004f000 08:01 3420653                    /home/jj/software/android-studio/gradle/gradle-2.14.1/lib/gradle-tooling-api-2.14.1.jar
7efe22f51000-7efe22f53000 r--s 00002000 08:01 3420658                    /home/jj/software/android-studio/gradle/gradle-2.14.1/lib/gradle-open-api-2.14.1.jar
7efe22f53000-7efe22f59000 r--s 00032000 08:01 3420693                    /home/jj/software/android-studio/gradle/gradle-2.14.1/lib/jaxen-1.1.jar
7efe22f59000-7efe22f5e000 r--s 00048000 08:01 3420657                    /home/jj/software/android-studio/gradle/gradle-2.14.1/lib/dom4j-1.6.1.jar
7efe22f5e000-7efe22f69000 r--s 00059000 08:01 3420687                    /home/jj/software/android-studio/gradle/gradle-2.14.1/lib/gradle-ui-2.14.1.jar
7efe22f69000-7efe22f6c000 r--s 0000b000 08:01 3421039                    /home/jj/software/android-studio/gradle/gradle-2.14.1/lib/gradle-resources-2.14.1.jar
7efe22f6c000-7efe22f6e000 r--s 00003000 08:01 3420696                    /home/jj/software/android-studio/gradle/gradle-2.14.1/lib/jcl-over-slf4j-1.7.10.jar
7efe22f6e000-7efe22f6f000 r--s 00005000 08:01 3420690                    /home/jj/software/android-studio/gradle/gradle-2.14.1/lib/log4j-over-slf4j-1.7.10.jar
7efe22f6f000-7efe22f71000 r--s 00000000 08:01 3421040                    /home/jj/software/android-studio/gradle/gradle-2.14.1/lib/jul-to-slf4j-1.7.10.jar
7efe22f71000-7efe22f76000 r--s 0001c000 08:01 3420667                    /home/jj/software/android-studio/gradle/gradle-2.14.1/lib/gradle-logging-2.14.1.jar
7efe22f76000-7efe22f78000 r--s 00007000 08:01 3420699                    /home/jj/software/android-studio/gradle/gradle-2.14.1/lib/objenesis-1.2.jar
7efe22f78000-7efe22f7a000 r--s 00000000 08:01 3420662                    /home/jj/software/android-studio/gradle/gradle-2.14.1/lib/minlog-1.2.jar
7efe22f7a000-7efe22f7c000 r--s 0000f000 08:01 3420674                    /home/jj/software/android-studio/gradle/gradle-2.14.1/lib/reflectasm-1.07-shaded.jar
7efe22f7c000-7efe22f80000 r--s 00026000 08:01 3420688                    /home/jj/software/android-studio/gradle/gradle-2.14.1/lib/kryo-2.20.jar
7efe22f80000-7efe22f86000 r--s 00025000 08:01 3420655                    /home/jj/software/android-studio/gradle/gradle-2.14.1/lib/gradle-messaging-2.14.1.jar
7efe22f86000-7efe22f87000 r--s 00003000 08:01 3420695                    /home/jj/software/android-studio/gradle/gradle-2.14.1/lib/native-platform-freebsd-amd64-0.10.jar
7efe22f87000-7efe22f88000 r--s 00003000 08:01 3420677                    /home/jj/software/android-studio/gradle/gradle-2.14.1/lib/native-platform-freebsd-i386-0.10.jar
7efe22f88000-7efe22f89000 r--s 00005000 08:01 3420664                    /home/jj/software/android-studio/gradle/gradle-2.14.1/lib/native-platform-windows-i386-0.10.jar
7efe22f89000-7efe22f8a000 r--s 00005000 08:01 3420663                    /home/jj/software/android-studio/gradle/gradle-2.14.1/lib/native-platform-windows-amd64-0.10.jar
7efe22f8a000-7efe22f8b000 r--s 00003000 08:01 3420678                    /home/jj/software/android-studio/gradle/gradle-2.14.1/lib/native-platform-linux-i386-0.10.jar
7efe22f8b000-7efe22f8c000 r--s 00003000 08:01 3420661                    /home/jj/software/android-studio/gradle/gradle-2.14.1/lib/native-platform-linux-amd64-0.10.jar
7efe22f8c000-7efe22f8d000 r--s 00002000 08:01 3420660                    /home/jj/software/android-studio/gradle/gradle-2.14.1/lib/native-platform-osx-amd64-0.10.jar
7efe22f8d000-7efe22f8e000 r--s 00002000 08:01 3420691                    /home/jj/software/android-studio/gradle/gradle-2.14.1/lib/native-platform-osx-i386-0.10.jar
7efe22f8e000-7efe22f90000 r--s 00008000 08:01 3420692                    /home/jj/software/android-studio/gradle/gradle-2.14.1/lib/jansi-1.2.1.jar
7efe22f90000-7efe22f93000 r--s 0000d000 08:01 3420686                    /home/jj/software/android-studio/gradle/gradle-2.14.1/lib/native-platform-0.10.jar
7efe22f93000-7efe22f97000 r--s 000e4000 08:01 3420685                    /home/jj/software/android-studio/gradle/gradle-2.14.1/lib/jna-3.2.7.jar
7efe22f97000-7efe22f99000 r--s 00009000 08:01 3420697                    /home/jj/software/android-studio/gradle/gradle-2.14.1/lib/gradle-native-2.14.1.jar
7efe22f99000-7efe22f9b000 r--s 00005000 08:01 3420698                    /home/jj/software/android-studio/gradle/gradle-2.14.1/lib/gradle-cli-2.14.1.jar
7efe22f9b000-7efe22f9d000 r--s 00007000 08:01 3420666                    /home/jj/software/android-studio/gradle/gradle-2.14.1/lib/gradle-model-groovy-2.14.1.jar
7efe22f9d000-7efe22f9e000 r--s 00006000 08:01 3420682                    /home/jj/software/android-studio/gradle/gradle-2.14.1/lib/gradle-base-services-groovy-2.14.1.jar
7efe22f9e000-7efe22fad000 r--s 00080000 08:01 3420683                    /home/jj/software/android-studio/gradle/gradle-2.14.1/lib/gradle-model-core-2.14.1.jar
7efe22fad000-7efe22fba000 r--s 00083000 08:01 3421041                    /home/jj/software/android-studio/gradle/gradle-2.14.1/lib/commons-collections-3.2.2.jar
7efe22fba000-7efe23029000 r--s 0063e000 08:01 3421043                    /home/jj/software/android-studio/gradle/gradle-2.14.1/lib/groovy-all-2.4.4.jar
7efe23029000-7efe23051000 r--s 001cf000 08:01 3420671                    /home/jj/software/android-studio/gradle/gradle-2.14.1/lib/guava-jdk5-17.0.jar
7efe23051000-7efe23088000 r--s 001bd000 08:01 3420672                    /home/jj/software/android-studio/gradle/gradle-2.14.1/lib/gradle-core-2.14.1.jar
7efe23088000-7efe23089000 ---p 00000000 00:00 0 
7efe23089000-7efe23189000 rw-p 00000000 00:00 0 
7efe23189000-7efe2318c000 ---p 00000000 00:00 0 
7efe2318c000-7efe2328a000 rw-p 00000000 00:00 0 
7efe2328a000-7efe2328d000 ---p 00000000 00:00 0 
7efe2328d000-7efe2338b000 rw-p 00000000 00:00 0 
7efe2338b000-7efe2338e000 ---p 00000000 00:00 0 
7efe2338e000-7efe2348c000 rw-p 00000000 00:00 0 
7efe2348c000-7efe2348f000 ---p 00000000 00:00 0 
7efe2348f000-7efe2358d000 rw-p 00000000 00:00 0 
7efe2358d000-7efe23c6f000 r--p 00000000 08:01 4202292                    /usr/lib/locale/locale-archive
7efe23c6f000-7efe23c72000 ---p 00000000 00:00 0 
7efe23c72000-7efe23d70000 rw-p 00000000 00:00 0 
7efe23d70000-7efe23d73000 ---p 00000000 00:00 0 
7efe23d73000-7efe23e71000 rw-p 00000000 00:00 0 
7efe23e71000-7efe23e72000 ---p 00000000 00:00 0 
7efe23e72000-7efe23f72000 rw-p 00000000 00:00 0 
7efe23f72000-7efe2413f000 r--s 03bec000 08:01 3420105                    /home/jj/software/android-studio/jre/jre/lib/rt.jar
7efe2413f000-7efe2493f000 rw-p 00000000 00:00 0 
7efe2493f000-7efe249b2000 rw-p 00000000 00:00 0 
7efe249b2000-7efe24a3f000 ---p 00000000 00:00 0 
7efe24a3f000-7efe24b24000 rw-p 00000000 00:00 0 
7efe24b24000-7efe24c3f000 ---p 00000000 00:00 0 
7efe24c3f000-7efe24ccc000 rw-p 00000000 00:00 0 
7efe24ccc000-7efe25000000 ---p 00000000 00:00 0 
7efe25000000-7efe272f0000 rwxp 00000000 00:00 0 
7efe272f0000-7efe34000000 ---p 00000000 00:00 0 
7efe34000000-7efe34b1c000 rw-p 00000000 00:00 0 
7efe34b1c000-7efe38000000 ---p 00000000 00:00 0 
7efe38000000-7efe38001000 r--s 00002000 08:01 3420675                    /home/jj/software/android-studio/gradle/gradle-2.14.1/lib/gradle-docs-2.14.1.jar
7efe38001000-7efe38005000 r--s 00027000 08:01 3420689                    /home/jj/software/android-studio/gradle/gradle-2.14.1/lib/commons-io-2.2.jar
7efe38005000-7efe3800a000 r--s 00038000 08:01 3420679                    /home/jj/software/android-studio/gradle/gradle-2.14.1/lib/asm-all-5.1.jar
7efe3800a000-7efe38029000 r--s 001d1000 08:01 3420668                    /home/jj/software/android-studio/gradle/gradle-2.14.1/lib/ant-1.9.6.jar
7efe38029000-7efe38184000 rw-p 00000000 00:00 0 
7efe38184000-7efe382a0000 ---p 00000000 00:00 0 
7efe382a0000-7efe382ba000 r-xp 00000000 08:01 3420133                    /home/jj/software/android-studio/jre/jre/lib/amd64/libzip.so
7efe382ba000-7efe384ba000 ---p 0001a000 08:01 3420133                    /home/jj/software/android-studio/jre/jre/lib/amd64/libzip.so
7efe384ba000-7efe384bb000 r--p 0001a000 08:01 3420133                    /home/jj/software/android-studio/jre/jre/lib/amd64/libzip.so
7efe384bb000-7efe384bc000 rw-p 0001b000 08:01 3420133                    /home/jj/software/android-studio/jre/jre/lib/amd64/libzip.so
7efe384bc000-7efe384c6000 r-xp 00000000 08:01 4592195                    /lib/x86_64-linux-gnu/libnss_files-2.21.so
7efe384c6000-7efe386c6000 ---p 0000a000 08:01 4592195                    /lib/x86_64-linux-gnu/libnss_files-2.21.so
7efe386c6000-7efe386c7000 r--p 0000a000 08:01 4592195                    /lib/x86_64-linux-gnu/libnss_files-2.21.so
7efe386c7000-7efe386c8000 rw-p 0000b000 08:01 4592195                    /lib/x86_64-linux-gnu/libnss_files-2.21.so
7efe386c8000-7efe386d3000 r-xp 00000000 08:01 4593177                    /lib/x86_64-linux-gnu/libnss_nis-2.21.so
7efe386d3000-7efe388d2000 ---p 0000b000 08:01 4593177                    /lib/x86_64-linux-gnu/libnss_nis-2.21.so
7efe388d2000-7efe388d3000 r--p 0000a000 08:01 4593177                    /lib/x86_64-linux-gnu/libnss_nis-2.21.so
7efe388d3000-7efe388d4000 rw-p 0000b000 08:01 4593177                    /lib/x86_64-linux-gnu/libnss_nis-2.21.so
7efe388d4000-7efe388eb000 r-xp 00000000 08:01 4596634                    /lib/x86_64-linux-gnu/libnsl-2.21.so
7efe388eb000-7efe38aea000 ---p 00017000 08:01 4596634                    /lib/x86_64-linux-gnu/libnsl-2.21.so
7efe38aea000-7efe38aeb000 r--p 00016000 08:01 4596634                    /lib/x86_64-linux-gnu/libnsl-2.21.so
7efe38aeb000-7efe38aec000 rw-p 00017000 08:01 4596634                    /lib/x86_64-linux-gnu/libnsl-2.21.so
7efe38aec000-7efe38aee000 rw-p 00000000 00:00 0 
7efe38aee000-7efe38af6000 r-xp 00000000 08:01 4592212                    /lib/x86_64-linux-gnu/libnss_compat-2.21.so
7efe38af6000-7efe38cf5000 ---p 00008000 08:01 4592212                    /lib/x86_64-linux-gnu/libnss_compat-2.21.so
7efe38cf5000-7efe38cf6000 r--p 00007000 08:01 4592212                    /lib/x86_64-linux-gnu/libnss_compat-2.21.so
7efe38cf6000-7efe38cf7000 rw-p 00008000 08:01 4592212                    /lib/x86_64-linux-gnu/libnss_compat-2.21.so
7efe38cf7000-7efe38d24000 r-xp 00000000 08:01 3420143                    /home/jj/software/android-studio/jre/jre/lib/amd64/libjava.so
7efe38d24000-7efe38f23000 ---p 0002d000 08:01 3420143                    /home/jj/software/android-studio/jre/jre/lib/amd64/libjava.so
7efe38f23000-7efe38f24000 r--p 0002c000 08:01 3420143                    /home/jj/software/android-studio/jre/jre/lib/amd64/libjava.so
7efe38f24000-7efe38f26000 rw-p 0002d000 08:01 3420143                    /home/jj/software/android-studio/jre/jre/lib/amd64/libjava.so
7efe38f26000-7efe38f36000 r-xp 00000000 08:01 3420172                    /home/jj/software/android-studio/jre/jre/lib/amd64/libverify.so
7efe38f36000-7efe39135000 ---p 00010000 08:01 3420172                    /home/jj/software/android-studio/jre/jre/lib/amd64/libverify.so
7efe39135000-7efe39137000 r--p 0000f000 08:01 3420172                    /home/jj/software/android-studio/jre/jre/lib/amd64/libverify.so
7efe39137000-7efe39138000 rw-p 00011000 08:01 3420172                    /home/jj/software/android-studio/jre/jre/lib/amd64/libverify.so
7efe39138000-7efe3913f000 r-xp 00000000 08:01 4592196                    /lib/x86_64-linux-gnu/librt-2.21.so
7efe3913f000-7efe3933e000 ---p 00007000 08:01 4592196                    /lib/x86_64-linux-gnu/librt-2.21.so
7efe3933e000-7efe3933f000 r--p 00006000 08:01 4592196                    /lib/x86_64-linux-gnu/librt-2.21.so
7efe3933f000-7efe39340000 rw-p 00007000 08:01 4592196                    /lib/x86_64-linux-gnu/librt-2.21.so
7efe39340000-7efe39447000 r-xp 00000000 08:01 4592266                    /lib/x86_64-linux-gnu/libm-2.21.so
7efe39447000-7efe39646000 ---p 00107000 08:01 4592266                    /lib/x86_64-linux-gnu/libm-2.21.so
7efe39646000-7efe39647000 r--p 00106000 08:01 4592266                    /lib/x86_64-linux-gnu/libm-2.21.so
7efe39647000-7efe39648000 rw-p 00107000 08:01 4592266                    /lib/x86_64-linux-gnu/libm-2.21.so
7efe39648000-7efe3a22e000 r-xp 00000000 08:01 3420176                    /home/jj/software/android-studio/jre/jre/lib/amd64/server/libjvm.so
7efe3a22e000-7efe3a42e000 ---p 00be6000 08:01 3420176                    /home/jj/software/android-studio/jre/jre/lib/amd64/server/libjvm.so
7efe3a42e000-7efe3a4cd000 r--p 00be6000 08:01 3420176                    /home/jj/software/android-studio/jre/jre/lib/amd64/server/libjvm.so
7efe3a4cd000-7efe3a4f6000 rw-p 00c85000 08:01 3420176                    /home/jj/software/android-studio/jre/jre/lib/amd64/server/libjvm.so
7efe3a4f6000-7efe3a538000 rw-p 00000000 00:00 0 
7efe3a538000-7efe3a550000 r-xp 00000000 08:01 4592267                    /lib/x86_64-linux-gnu/libpthread-2.21.so
7efe3a550000-7efe3a750000 ---p 00018000 08:01 4592267                    /lib/x86_64-linux-gnu/libpthread-2.21.so
7efe3a750000-7efe3a751000 r--p 00018000 08:01 4592267                    /lib/x86_64-linux-gnu/libpthread-2.21.so
7efe3a751000-7efe3a752000 rw-p 00019000 08:01 4592267                    /lib/x86_64-linux-gnu/libpthread-2.21.so
7efe3a752000-7efe3a756000 rw-p 00000000 00:00 0 
7efe3a756000-7efe3a759000 r-xp 00000000 08:01 4593019                    /lib/x86_64-linux-gnu/libdl-2.21.so
7efe3a759000-7efe3a958000 ---p 00003000 08:01 4593019                    /lib/x86_64-linux-gnu/libdl-2.21.so
7efe3a958000-7efe3a959000 r--p 00002000 08:01 4593019                    /lib/x86_64-linux-gnu/libdl-2.21.so
7efe3a959000-7efe3a95a000 rw-p 00003000 08:01 4593019                    /lib/x86_64-linux-gnu/libdl-2.21.so
7efe3a95a000-7efe3ab1a000 r-xp 00000000 08:01 4596637                    /lib/x86_64-linux-gnu/libc-2.21.so
7efe3ab1a000-7efe3ad1a000 ---p 001c0000 08:01 4596637                    /lib/x86_64-linux-gnu/libc-2.21.so
7efe3ad1a000-7efe3ad1e000 r--p 001c0000 08:01 4596637                    /lib/x86_64-linux-gnu/libc-2.21.so
7efe3ad1e000-7efe3ad20000 rw-p 001c4000 08:01 4596637                    /lib/x86_64-linux-gnu/libc-2.21.so
7efe3ad20000-7efe3ad24000 rw-p 00000000 00:00 0 
7efe3ad24000-7efe3ad3a000 r-xp 00000000 08:01 3420022                    /home/jj/software/android-studio/jre/lib/amd64/jli/libjli.so
7efe3ad3a000-7efe3af39000 ---p 00016000 08:01 3420022                    /home/jj/software/android-studio/jre/lib/amd64/jli/libjli.so
7efe3af39000-7efe3af3a000 r--p 00015000 08:01 3420022                    /home/jj/software/android-studio/jre/lib/amd64/jli/libjli.so
7efe3af3a000-7efe3af3b000 rw-p 00016000 08:01 3420022                    /home/jj/software/android-studio/jre/lib/amd64/jli/libjli.so
7efe3af3b000-7efe3af5f000 r-xp 00000000 08:01 4596635                    /lib/x86_64-linux-gnu/ld-2.21.so
7efe3af5f000-7efe3af60000 r--s 00000000 08:01 3421042                    /home/jj/software/android-studio/gradle/gradle-2.14.1/lib/javax.inject-1.jar
7efe3af60000-7efe3af61000 r--s 00000000 08:01 3420673                    /home/jj/software/android-studio/gradle/gradle-2.14.1/lib/jcip-annotations-1.0.jar
7efe3af61000-7efe3af62000 r--s 00001000 08:01 3420694                    /home/jj/software/android-studio/gradle/gradle-2.14.1/lib/gradle-process-services-2.14.1.jar
7efe3af62000-7efe3af63000 r--s 00000000 08:01 3420654                    /home/jj/software/android-studio/gradle/gradle-2.14.1/lib/gradle-jvm-services-2.14.1.jar
7efe3af63000-7efe3af68000 r--s 00041000 08:01 3420681                    /home/jj/software/android-studio/gradle/gradle-2.14.1/lib/commons-lang-2.6.jar
7efe3af68000-7efe3af70000 r--s 0003a000 08:01 3420680                    /home/jj/software/android-studio/gradle/gradle-2.14.1/lib/gradle-base-services-2.14.1.jar
7efe3af70000-7efe3b040000 rw-p 00000000 00:00 0 
7efe3b040000-7efe3b043000 ---p 00000000 00:00 0 
7efe3b043000-7efe3b145000 rw-p 00000000 00:00 0 
7efe3b145000-7efe3b146000 r--s 00007000 08:01 3420665                    /home/jj/software/android-studio/gradle/gradle-2.14.1/lib/slf4j-api-1.7.10.jar
7efe3b146000-7efe3b147000 r--s 00004000 08:01 3420684                    /home/jj/software/android-studio/gradle/gradle-2.14.1/lib/ant-launcher-1.9.6.jar
7efe3b147000-7efe3b152000 r--s 00051000 08:01 3420676                    /home/jj/software/android-studio/gradle/gradle-2.14.1/lib/gradle-launcher-2.14.1.jar
7efe3b152000-7efe3b15a000 rw-s 00000000 08:01 2237257                    /tmp/hsperfdata_jj/17627
7efe3b15a000-7efe3b15b000 rw-p 00000000 00:00 0 
7efe3b15b000-7efe3b15c000 r--p 00000000 00:00 0 
7efe3b15c000-7efe3b15e000 rw-p 00000000 00:00 0 
7efe3b15e000-7efe3b15f000 r--p 00023000 08:01 4596635                    /lib/x86_64-linux-gnu/ld-2.21.so
7efe3b15f000-7efe3b160000 rw-p 00024000 08:01 4596635                    /lib/x86_64-linux-gnu/ld-2.21.so
7efe3b160000-7efe3b161000 rw-p 00000000 00:00 0 
7ffce8dcf000-7ffce8df0000 rw-p 00000000 00:00 0                          [stack]
7ffce8df8000-7ffce8dfa000 r--p 00000000 00:00 0                          [vvar]
7ffce8dfa000-7ffce8dfc000 r-xp 00000000 00:00 0                          [vdso]
ffffffffff600000-ffffffffff601000 r-xp 00000000 00:00 0                  [vsyscall]

VM Arguments:
jvm_args: -Xmx1536m -Dfile.encoding=UTF-8 -Duser.country=US -Duser.language=en -Duser.variant 
java_command: org.gradle.launcher.daemon.bootstrap.GradleDaemon 2.14.1
java_class_path (initial): /home/jj/software/android-studio/gradle/gradle-2.14.1/lib/gradle-launcher-2.14.1.jar
Launcher Type: SUN_STANDARD

Environment Variables:
PATH=/home/jj/bin:/usr/local/sbin:/usr/local/bin:/usr/sbin:/usr/bin:/sbin:/bin:/usr/games:/usr/local/games
LD_LIBRARY_PATH=.:
SHELL=/bin/bash
DISPLAY=:0

Signal Handlers:
SIGSEGV: [libjvm.so+0x9daac0], sa_mask[0]=11111111011111111101111111111110, sa_flags=SA_RESTART|SA_SIGINFO
SIGBUS: [libjvm.so+0x9daac0], sa_mask[0]=11111111011111111101111111111110, sa_flags=SA_RESTART|SA_SIGINFO
SIGFPE: [libjvm.so+0x840d90], sa_mask[0]=11111111011111111101111111111110, sa_flags=SA_RESTART|SA_SIGINFO
SIGPIPE: [libjvm.so+0x840d90], sa_mask[0]=11111111011111111101111111111110, sa_flags=SA_RESTART|SA_SIGINFO
SIGXFSZ: [libjvm.so+0x840d90], sa_mask[0]=11111111011111111101111111111110, sa_flags=SA_RESTART|SA_SIGINFO
SIGILL: [libjvm.so+0x840d90], sa_mask[0]=11111111011111111101111111111110, sa_flags=SA_RESTART|SA_SIGINFO
SIGUSR1: SIG_DFL, sa_mask[0]=00000000000000000000000000000000, sa_flags=none
SIGUSR2: [libjvm.so+0x840c60], sa_mask[0]=00100000000000000000000000000000, sa_flags=SA_RESTART|SA_SIGINFO
SIGHUP: [libjvm.so+0x840e50], sa_mask[0]=11111111011111111101111111111110, sa_flags=SA_RESTART|SA_SIGINFO
SIGINT: [libjvm.so+0x840e50], sa_mask[0]=11111111011111111101111111111110, sa_flags=SA_RESTART|SA_SIGINFO
SIGTERM: [libjvm.so+0x840e50], sa_mask[0]=11111111011111111101111111111110, sa_flags=SA_RESTART|SA_SIGINFO
SIGQUIT: [libjvm.so+0x840e50], sa_mask[0]=11111111011111111101111111111110, sa_flags=SA_RESTART|SA_SIGINFO


---------------  S Y S T E M  ---------------

OS:DISTRIB_ID=Ubuntu
DISTRIB_RELEASE=15.10
DISTRIB_CODENAME=wily
DISTRIB_DESCRIPTION="Ubuntu 15.10"

uname:Linux 4.2.0-42-generic #49-Ubuntu SMP Tue Jun 28 21:26:26 UTC 2016 x86_64
libc:glibc 2.21 NPTL 2.21 
rlimit: STACK 8192k, CORE 0k, NPROC 128302, NOFILE 65536, AS infinity
load average:5.43 3.69 2.55

/proc/meminfo:
MemTotal:       32947904 kB
MemFree:        25374868 kB
MemAvailable:   27473448 kB
Buffers:          271432 kB
Cached:          2007056 kB
SwapCached:            0 kB
Active:          6127688 kB
Inactive:         892812 kB
Active(anon):    4743356 kB
Inactive(anon):   101212 kB
Active(file):    1384332 kB
Inactive(file):   791600 kB
Unevictable:          64 kB
Mlocked:              64 kB
SwapTotal:      33551356 kB
SwapFree:       33551356 kB
Dirty:             37048 kB
Writeback:             0 kB
AnonPages:       4742128 kB
Mapped:           450864 kB
Shmem:            102452 kB
Slab:             217700 kB
SReclaimable:     176064 kB
SUnreclaim:        41636 kB
KernelStack:       13216 kB
PageTables:        59476 kB
NFS_Unstable:          0 kB
Bounce:                0 kB
WritebackTmp:          0 kB
CommitLimit:    50025308 kB
Committed_AS:   11633892 kB
VmallocTotal:   34359738367 kB
VmallocUsed:      361436 kB
VmallocChunk:   34358947836 kB
HardwareCorrupted:     0 kB
AnonHugePages:   2523136 kB
CmaTotal:              0 kB
CmaFree:               0 kB
HugePages_Total:       0
HugePages_Free:        0
HugePages_Rsvd:        0
HugePages_Surp:        0
Hugepagesize:       2048 kB
DirectMap4k:      339520 kB
DirectMap2M:    10145792 kB
DirectMap1G:    23068672 kB


CPU:total 1 (1 cores per cpu, 1 threads per core) family 16 model 6 stepping 3, cmov, cx8, fxsr, mmx, sse, sse2, sse3, popcnt, mmxext, 3dnowpref, lzcnt, sse4a, tsc, tscinvbit, tscinv

/proc/cpuinfo:
processor	: 0
vendor_id	: AuthenticAMD
cpu family	: 16
model		: 6
model name	: AMD Sempron(tm) 145 Processor
stepping	: 3
microcode	: 0x10000c8
cpu MHz		: 2800.000
cache size	: 1024 KB
physical id	: 0
siblings	: 1
core id		: 0
cpu cores	: 1
apicid		: 0
initial apicid	: 0
fpu		: yes
fpu_exception	: yes
cpuid level	: 5
wp		: yes
flags		: fpu vme de pse tsc msr pae mce cx8 apic sep mtrr pge mca cmov pat pse36 clflush mmx fxsr sse sse2 syscall nx mmxext fxsr_opt pdpe1gb rdtscp lm 3dnowext 3dnow constant_tsc rep_good nopl nonstop_tsc extd_apicid pni monitor cx16 popcnt lahf_lm svm extapic cr8_legacy abm sse4a misalignsse 3dnowprefetch osvw ibs skinit wdt hw_pstate npt lbrv svm_lock nrip_save vmmcall
bugs		: tlb_mmatch fxsave_leak sysret_ss_attrs
bogomips	: 6720.97
TLB size	: 1024 4K pages
clflush size	: 64
cache_alignment	: 64
address sizes	: 48 bits physical, 48 bits virtual
power management: ts ttp tm stc 100mhzsteps hwpstate



Memory: 4k page, physical 32947904k(25374744k free), swap 33551356k(33551356k free)

vm_info: OpenJDK 64-Bit Server VM (25.76-b03) for linux-amd64 JRE (1.8.0_76-release-b03), built on Jun 29 2016 09:39:19 by "builder" with gcc 4.8.4

time: Tue Oct 11 23:25:41 2016
elapsed time: 108 seconds (0d 0h 1m 48s)

